[1.478s] Invoking command in '/catkin_ws/src/turtlebot3/turtlebot3/turtlebot3_teleop': PYTHONPATH=/catkin_ws/build/turtlebot3_teleop/prefix_override:/catkin_ws/install/turtlebot3_teleop/lib/python3.8/site-packages:${PYTHONPATH} /usr/bin/python3 setup.py egg_info --egg-base ../../../../build/turtlebot3_teleop build --build-base /catkin_ws/build/turtlebot3_teleop/build install --record /catkin_ws/build/turtlebot3_teleop/install.log --single-version-externally-managed
[1.967s] running egg_info
[1.967s] creating ../../../../build/turtlebot3_teleop/turtlebot3_teleop.egg-info
[1.968s] writing ../../../../build/turtlebot3_teleop/turtlebot3_teleop.egg-info/PKG-INFO
[1.968s] writing dependency_links to ../../../../build/turtlebot3_teleop/turtlebot3_teleop.egg-info/dependency_links.txt
[1.968s] writing entry points to ../../../../build/turtlebot3_teleop/turtlebot3_teleop.egg-info/entry_points.txt
[1.968s] writing requirements to ../../../../build/turtlebot3_teleop/turtlebot3_teleop.egg-info/requires.txt
[1.968s] writing top-level names to ../../../../build/turtlebot3_teleop/turtlebot3_teleop.egg-info/top_level.txt
[1.968s] writing manifest file '../../../../build/turtlebot3_teleop/turtlebot3_teleop.egg-info/SOURCES.txt'
[1.969s] reading manifest file '../../../../build/turtlebot3_teleop/turtlebot3_teleop.egg-info/SOURCES.txt'
[1.969s] writing manifest file '../../../../build/turtlebot3_teleop/turtlebot3_teleop.egg-info/SOURCES.txt'
[1.969s] running build
[1.969s] running build_py
[1.969s] creating /catkin_ws/build/turtlebot3_teleop/build
[1.969s] creating /catkin_ws/build/turtlebot3_teleop/build/lib
[1.969s] creating /catkin_ws/build/turtlebot3_teleop/build/lib/turtlebot3_teleop
[1.970s] copying turtlebot3_teleop/__init__.py -> /catkin_ws/build/turtlebot3_teleop/build/lib/turtlebot3_teleop
[1.970s] creating /catkin_ws/build/turtlebot3_teleop/build/lib/turtlebot3_teleop/script
[1.970s] copying turtlebot3_teleop/script/__init__.py -> /catkin_ws/build/turtlebot3_teleop/build/lib/turtlebot3_teleop/script
[1.970s] copying turtlebot3_teleop/script/teleop_keyboard.py -> /catkin_ws/build/turtlebot3_teleop/build/lib/turtlebot3_teleop/script
[1.971s] running install
[1.972s] running install_lib
[1.973s] creating /catkin_ws/install/turtlebot3_teleop/lib/python3.8/site-packages/turtlebot3_teleop
[1.973s] copying /catkin_ws/build/turtlebot3_teleop/build/lib/turtlebot3_teleop/__init__.py -> /catkin_ws/install/turtlebot3_teleop/lib/python3.8/site-packages/turtlebot3_teleop
[1.973s] creating /catkin_ws/install/turtlebot3_teleop/lib/python3.8/site-packages/turtlebot3_teleop/script
[1.973s] copying /catkin_ws/build/turtlebot3_teleop/build/lib/turtlebot3_teleop/script/__init__.py -> /catkin_ws/install/turtlebot3_teleop/lib/python3.8/site-packages/turtlebot3_teleop/script
[1.973s] copying /catkin_ws/build/turtlebot3_teleop/build/lib/turtlebot3_teleop/script/teleop_keyboard.py -> /catkin_ws/install/turtlebot3_teleop/lib/python3.8/site-packages/turtlebot3_teleop/script
[1.973s] byte-compiling /catkin_ws/install/turtlebot3_teleop/lib/python3.8/site-packages/turtlebot3_teleop/__init__.py to __init__.cpython-38.pyc
[1.974s] byte-compiling /catkin_ws/install/turtlebot3_teleop/lib/python3.8/site-packages/turtlebot3_teleop/script/__init__.py to __init__.cpython-38.pyc
[1.974s] byte-compiling /catkin_ws/install/turtlebot3_teleop/lib/python3.8/site-packages/turtlebot3_teleop/script/teleop_keyboard.py to teleop_keyboard.cpython-38.pyc
[1.974s] running install_data
[1.974s] creating /catkin_ws/install/turtlebot3_teleop/share/ament_index
[1.974s] creating /catkin_ws/install/turtlebot3_teleop/share/ament_index/resource_index
[1.975s] creating /catkin_ws/install/turtlebot3_teleop/share/ament_index/resource_index/packages
[1.975s] copying resource/turtlebot3_teleop -> /catkin_ws/install/turtlebot3_teleop/share/ament_index/resource_index/packages
[1.975s] copying package.xml -> /catkin_ws/install/turtlebot3_teleop/share/turtlebot3_teleop
[1.975s] running install_egg_info
[1.975s] Copying ../../../../build/turtlebot3_teleop/turtlebot3_teleop.egg-info to /catkin_ws/install/turtlebot3_teleop/lib/python3.8/site-packages/turtlebot3_teleop-2.1.4-py3.8.egg-info
[1.976s] running install_scripts
[2.013s] Installing teleop_keyboard script to /catkin_ws/install/turtlebot3_teleop/lib/turtlebot3_teleop
[2.014s] writing list of installed files to '/catkin_ws/build/turtlebot3_teleop/install.log'
[2.079s] Invoked command in '/catkin_ws/src/turtlebot3/turtlebot3/turtlebot3_teleop' returned '0': PYTHONPATH=/catkin_ws/build/turtlebot3_teleop/prefix_override:/catkin_ws/install/turtlebot3_teleop/lib/python3.8/site-packages:${PYTHONPATH} /usr/bin/python3 setup.py egg_info --egg-base ../../../../build/turtlebot3_teleop build --build-base /catkin_ws/build/turtlebot3_teleop/build install --record /catkin_ws/build/turtlebot3_teleop/install.log --single-version-externally-managed
