[0.361s] Invoking command in '/catkin_ws/build/turtlebot3_fake_node': CMAKE_PREFIX_PATH=/catkin_ws/install/turtlebot3_msgs:/catkin_ws/install/turtlebot3:/catkin_ws/install/turtlebot3_simulations:/catkin_ws/install/turtlebot3_bringup:/catkin_ws/install/turtlebot3_node:/catkin_ws/install/turtlebot3_fake_node:/catkin_ws/install/turtlebot3_gazebo:/catkin_ws/install/hls_lfcd_lds_driver:/catkin_ws/install/dynamixel_sdk_examples:/catkin_ws/install/dynamixel_sdk_custom_interfaces:/catkin_ws/install/dynamixel_sdk:/catkin_ws/install/turtlebot3_navigation2:/catkin_ws/install/turtlebot3_description:/catkin_ws/install/turtlebot3_cartographer:/catkin_ws/install/turtlebot3_example:/catkin_ws/install/turtlebot3_teleop:/catkin_ws/install/fobo_simulation:/opt/ros/foxy PYTHONPATH=/catkin_ws/install/turtlebot3_msgs/lib/python3.8/site-packages:/catkin_ws/install/turtlebot3_example/lib/python3.8/site-packages:/catkin_ws/install/dynamixel_sdk_custom_interfaces/lib/python3.8/site-packages:/catkin_ws/build/turtlebot3_teleop:/catkin_ws/install/turtlebot3_teleop/lib/python3.8/site-packages:/catkin_ws/install/fobo_simulation/lib/python3.8/site-packages:/opt/ros/foxy/lib/python3.8/site-packages /usr/bin/cmake --build /catkin_ws/build/turtlebot3_fake_node -- -j8 -l8
[0.473s] [100%] Built target turtlebot3_fake_node
[0.536s] Invoked command in '/catkin_ws/build/turtlebot3_fake_node' returned '0': CMAKE_PREFIX_PATH=/catkin_ws/install/turtlebot3_msgs:/catkin_ws/install/turtlebot3:/catkin_ws/install/turtlebot3_simulations:/catkin_ws/install/turtlebot3_bringup:/catkin_ws/install/turtlebot3_node:/catkin_ws/install/turtlebot3_fake_node:/catkin_ws/install/turtlebot3_gazebo:/catkin_ws/install/hls_lfcd_lds_driver:/catkin_ws/install/dynamixel_sdk_examples:/catkin_ws/install/dynamixel_sdk_custom_interfaces:/catkin_ws/install/dynamixel_sdk:/catkin_ws/install/turtlebot3_navigation2:/catkin_ws/install/turtlebot3_description:/catkin_ws/install/turtlebot3_cartographer:/catkin_ws/install/turtlebot3_example:/catkin_ws/install/turtlebot3_teleop:/catkin_ws/install/fobo_simulation:/opt/ros/foxy PYTHONPATH=/catkin_ws/install/turtlebot3_msgs/lib/python3.8/site-packages:/catkin_ws/install/turtlebot3_example/lib/python3.8/site-packages:/catkin_ws/install/dynamixel_sdk_custom_interfaces/lib/python3.8/site-packages:/catkin_ws/build/turtlebot3_teleop:/catkin_ws/install/turtlebot3_teleop/lib/python3.8/site-packages:/catkin_ws/install/fobo_simulation/lib/python3.8/site-packages:/opt/ros/foxy/lib/python3.8/site-packages /usr/bin/cmake --build /catkin_ws/build/turtlebot3_fake_node -- -j8 -l8
[0.616s] Invoking command in '/catkin_ws/build/turtlebot3_fake_node': CMAKE_PREFIX_PATH=/catkin_ws/install/turtlebot3_msgs:/catkin_ws/install/turtlebot3:/catkin_ws/install/turtlebot3_simulations:/catkin_ws/install/turtlebot3_bringup:/catkin_ws/install/turtlebot3_node:/catkin_ws/install/turtlebot3_fake_node:/catkin_ws/install/turtlebot3_gazebo:/catkin_ws/install/hls_lfcd_lds_driver:/catkin_ws/install/dynamixel_sdk_examples:/catkin_ws/install/dynamixel_sdk_custom_interfaces:/catkin_ws/install/dynamixel_sdk:/catkin_ws/install/turtlebot3_navigation2:/catkin_ws/install/turtlebot3_description:/catkin_ws/install/turtlebot3_cartographer:/catkin_ws/install/turtlebot3_example:/catkin_ws/install/turtlebot3_teleop:/catkin_ws/install/fobo_simulation:/opt/ros/foxy PYTHONPATH=/catkin_ws/install/turtlebot3_msgs/lib/python3.8/site-packages:/catkin_ws/install/turtlebot3_example/lib/python3.8/site-packages:/catkin_ws/install/dynamixel_sdk_custom_interfaces/lib/python3.8/site-packages:/catkin_ws/build/turtlebot3_teleop:/catkin_ws/install/turtlebot3_teleop/lib/python3.8/site-packages:/catkin_ws/install/fobo_simulation/lib/python3.8/site-packages:/opt/ros/foxy/lib/python3.8/site-packages /usr/bin/cmake --install /catkin_ws/build/turtlebot3_fake_node
[0.636s] -- Install configuration: ""
[0.640s] -- Up-to-date: /catkin_ws/install/turtlebot3_fake_node/lib/turtlebot3_fake_node/turtlebot3_fake_node
[0.641s] -- Up-to-date: /catkin_ws/install/turtlebot3_fake_node/share/turtlebot3_fake_node/launch
[0.641s] -- Up-to-date: /catkin_ws/install/turtlebot3_fake_node/share/turtlebot3_fake_node/launch/turtlebot3_fake_node.launch.py
[0.641s] -- Up-to-date: /catkin_ws/install/turtlebot3_fake_node/share/turtlebot3_fake_node/launch/rviz2.launch.py
[0.641s] -- Up-to-date: /catkin_ws/install/turtlebot3_fake_node/share/turtlebot3_fake_node/param
[0.641s] -- Up-to-date: /catkin_ws/install/turtlebot3_fake_node/share/turtlebot3_fake_node/param/waffle_pi.yaml
[0.642s] -- Up-to-date: /catkin_ws/install/turtlebot3_fake_node/share/turtlebot3_fake_node/param/burger.yaml
[0.642s] -- Up-to-date: /catkin_ws/install/turtlebot3_fake_node/share/turtlebot3_fake_node/param/waffle.yaml
[0.645s] -- Up-to-date: /catkin_ws/install/turtlebot3_fake_node/share/turtlebot3_fake_node/rviz
[0.645s] -- Up-to-date: /catkin_ws/install/turtlebot3_fake_node/share/turtlebot3_fake_node/rviz/model.rviz
[0.647s] -- Up-to-date: /catkin_ws/install/turtlebot3_fake_node/include/
[0.648s] -- Up-to-date: /catkin_ws/install/turtlebot3_fake_node/include//turtlebot3_fake_node
[0.648s] -- Up-to-date: /catkin_ws/install/turtlebot3_fake_node/include//turtlebot3_fake_node/turtlebot3_fake_node.hpp
[0.649s] -- Up-to-date: /catkin_ws/install/turtlebot3_fake_node/share/ament_index/resource_index/package_run_dependencies/turtlebot3_fake_node
[0.649s] -- Up-to-date: /catkin_ws/install/turtlebot3_fake_node/share/ament_index/resource_index/parent_prefix_path/turtlebot3_fake_node
[0.649s] -- Up-to-date: /catkin_ws/install/turtlebot3_fake_node/share/turtlebot3_fake_node/environment/ament_prefix_path.sh
[0.650s] -- Up-to-date: /catkin_ws/install/turtlebot3_fake_node/share/turtlebot3_fake_node/environment/ament_prefix_path.dsv
[0.650s] -- Up-to-date: /catkin_ws/install/turtlebot3_fake_node/share/turtlebot3_fake_node/environment/path.sh
[0.650s] -- Up-to-date: /catkin_ws/install/turtlebot3_fake_node/share/turtlebot3_fake_node/environment/path.dsv
[0.650s] -- Up-to-date: /catkin_ws/install/turtlebot3_fake_node/share/turtlebot3_fake_node/local_setup.bash
[0.650s] -- Up-to-date: /catkin_ws/install/turtlebot3_fake_node/share/turtlebot3_fake_node/local_setup.sh
[0.650s] -- Up-to-date: /catkin_ws/install/turtlebot3_fake_node/share/turtlebot3_fake_node/local_setup.zsh
[0.651s] -- Up-to-date: /catkin_ws/install/turtlebot3_fake_node/share/turtlebot3_fake_node/local_setup.dsv
[0.651s] -- Installing: /catkin_ws/install/turtlebot3_fake_node/share/turtlebot3_fake_node/package.dsv
[0.651s] -- Up-to-date: /catkin_ws/install/turtlebot3_fake_node/share/ament_index/resource_index/packages/turtlebot3_fake_node
[0.651s] -- Up-to-date: /catkin_ws/install/turtlebot3_fake_node/share/turtlebot3_fake_node/cmake/ament_cmake_export_include_directories-extras.cmake
[0.651s] -- Up-to-date: /catkin_ws/install/turtlebot3_fake_node/share/turtlebot3_fake_node/cmake/ament_cmake_export_dependencies-extras.cmake
[0.651s] -- Up-to-date: /catkin_ws/install/turtlebot3_fake_node/share/turtlebot3_fake_node/cmake/turtlebot3_fake_nodeConfig.cmake
[0.651s] -- Up-to-date: /catkin_ws/install/turtlebot3_fake_node/share/turtlebot3_fake_node/cmake/turtlebot3_fake_nodeConfig-version.cmake
[0.652s] -- Up-to-date: /catkin_ws/install/turtlebot3_fake_node/share/turtlebot3_fake_node/package.xml
[0.652s] Invoked command in '/catkin_ws/build/turtlebot3_fake_node' returned '0': CMAKE_PREFIX_PATH=/catkin_ws/install/turtlebot3_msgs:/catkin_ws/install/turtlebot3:/catkin_ws/install/turtlebot3_simulations:/catkin_ws/install/turtlebot3_bringup:/catkin_ws/install/turtlebot3_node:/catkin_ws/install/turtlebot3_fake_node:/catkin_ws/install/turtlebot3_gazebo:/catkin_ws/install/hls_lfcd_lds_driver:/catkin_ws/install/dynamixel_sdk_examples:/catkin_ws/install/dynamixel_sdk_custom_interfaces:/catkin_ws/install/dynamixel_sdk:/catkin_ws/install/turtlebot3_navigation2:/catkin_ws/install/turtlebot3_description:/catkin_ws/install/turtlebot3_cartographer:/catkin_ws/install/turtlebot3_example:/catkin_ws/install/turtlebot3_teleop:/catkin_ws/install/fobo_simulation:/opt/ros/foxy PYTHONPATH=/catkin_ws/install/turtlebot3_msgs/lib/python3.8/site-packages:/catkin_ws/install/turtlebot3_example/lib/python3.8/site-packages:/catkin_ws/install/dynamixel_sdk_custom_interfaces/lib/python3.8/site-packages:/catkin_ws/build/turtlebot3_teleop:/catkin_ws/install/turtlebot3_teleop/lib/python3.8/site-packages:/catkin_ws/install/fobo_simulation/lib/python3.8/site-packages:/opt/ros/foxy/lib/python3.8/site-packages /usr/bin/cmake --install /catkin_ws/build/turtlebot3_fake_node
