[0.115s] Invoking command in '/catkin_ws/build/turtlebot3_bringup': CMAKE_PREFIX_PATH=/catkin_ws/install/turtlebot3_node:/catkin_ws/install/turtlebot3_msgs:/catkin_ws/install/turtlebot3_description:/catkin_ws/install/hls_lfcd_lds_driver:/catkin_ws/install/dynamixel_sdk:/catkin_ws/install/turtlebot3:/catkin_ws/install/turtlebot3_simulations:/catkin_ws/install/turtlebot3_bringup:/catkin_ws/install/turtlebot3_fake_node:/catkin_ws/install/turtlebot3_gazebo:/catkin_ws/install/dynamixel_sdk_examples:/catkin_ws/install/dynamixel_sdk_custom_interfaces:/catkin_ws/install/turtlebot3_navigation2:/catkin_ws/install/turtlebot3_cartographer:/catkin_ws/install/turtlebot3_example:/catkin_ws/install/turtlebot3_teleop:/catkin_ws/install/fobo_simulation:/opt/ros/foxy LD_LIBRARY_PATH=/catkin_ws/install/turtlebot3_msgs/lib:/catkin_ws/install/dynamixel_sdk/lib:/catkin_ws/install/dynamixel_sdk_custom_interfaces/lib:/usr/lib/x86_64-linux-gnu/gazebo-11/plugins:/opt/ros/foxy/opt/yaml_cpp_vendor/lib:/opt/ros/foxy/opt/rviz_ogre_vendor/lib:/opt/ros/foxy/lib/x86_64-linux-gnu:/opt/ros/foxy/lib PYTHONPATH=/catkin_ws/install/turtlebot3_msgs/lib/python3.8/site-packages:/catkin_ws/install/turtlebot3_example/lib/python3.8/site-packages:/catkin_ws/install/dynamixel_sdk_custom_interfaces/lib/python3.8/site-packages:/catkin_ws/build/turtlebot3_teleop:/catkin_ws/install/turtlebot3_teleop/lib/python3.8/site-packages:/catkin_ws/install/fobo_simulation/lib/python3.8/site-packages:/opt/ros/foxy/lib/python3.8/site-packages /usr/bin/cmake --build /catkin_ws/build/turtlebot3_bringup -- -j8 -l8
[0.189s] Invoked command in '/catkin_ws/build/turtlebot3_bringup' returned '0': CMAKE_PREFIX_PATH=/catkin_ws/install/turtlebot3_node:/catkin_ws/install/turtlebot3_msgs:/catkin_ws/install/turtlebot3_description:/catkin_ws/install/hls_lfcd_lds_driver:/catkin_ws/install/dynamixel_sdk:/catkin_ws/install/turtlebot3:/catkin_ws/install/turtlebot3_simulations:/catkin_ws/install/turtlebot3_bringup:/catkin_ws/install/turtlebot3_fake_node:/catkin_ws/install/turtlebot3_gazebo:/catkin_ws/install/dynamixel_sdk_examples:/catkin_ws/install/dynamixel_sdk_custom_interfaces:/catkin_ws/install/turtlebot3_navigation2:/catkin_ws/install/turtlebot3_cartographer:/catkin_ws/install/turtlebot3_example:/catkin_ws/install/turtlebot3_teleop:/catkin_ws/install/fobo_simulation:/opt/ros/foxy LD_LIBRARY_PATH=/catkin_ws/install/turtlebot3_msgs/lib:/catkin_ws/install/dynamixel_sdk/lib:/catkin_ws/install/dynamixel_sdk_custom_interfaces/lib:/usr/lib/x86_64-linux-gnu/gazebo-11/plugins:/opt/ros/foxy/opt/yaml_cpp_vendor/lib:/opt/ros/foxy/opt/rviz_ogre_vendor/lib:/opt/ros/foxy/lib/x86_64-linux-gnu:/opt/ros/foxy/lib PYTHONPATH=/catkin_ws/install/turtlebot3_msgs/lib/python3.8/site-packages:/catkin_ws/install/turtlebot3_example/lib/python3.8/site-packages:/catkin_ws/install/dynamixel_sdk_custom_interfaces/lib/python3.8/site-packages:/catkin_ws/build/turtlebot3_teleop:/catkin_ws/install/turtlebot3_teleop/lib/python3.8/site-packages:/catkin_ws/install/fobo_simulation/lib/python3.8/site-packages:/opt/ros/foxy/lib/python3.8/site-packages /usr/bin/cmake --build /catkin_ws/build/turtlebot3_bringup -- -j8 -l8
[0.247s] Invoking command in '/catkin_ws/build/turtlebot3_bringup': CMAKE_PREFIX_PATH=/catkin_ws/install/turtlebot3_node:/catkin_ws/install/turtlebot3_msgs:/catkin_ws/install/turtlebot3_description:/catkin_ws/install/hls_lfcd_lds_driver:/catkin_ws/install/dynamixel_sdk:/catkin_ws/install/turtlebot3:/catkin_ws/install/turtlebot3_simulations:/catkin_ws/install/turtlebot3_bringup:/catkin_ws/install/turtlebot3_fake_node:/catkin_ws/install/turtlebot3_gazebo:/catkin_ws/install/dynamixel_sdk_examples:/catkin_ws/install/dynamixel_sdk_custom_interfaces:/catkin_ws/install/turtlebot3_navigation2:/catkin_ws/install/turtlebot3_cartographer:/catkin_ws/install/turtlebot3_example:/catkin_ws/install/turtlebot3_teleop:/catkin_ws/install/fobo_simulation:/opt/ros/foxy LD_LIBRARY_PATH=/catkin_ws/install/turtlebot3_msgs/lib:/catkin_ws/install/dynamixel_sdk/lib:/catkin_ws/install/dynamixel_sdk_custom_interfaces/lib:/usr/lib/x86_64-linux-gnu/gazebo-11/plugins:/opt/ros/foxy/opt/yaml_cpp_vendor/lib:/opt/ros/foxy/opt/rviz_ogre_vendor/lib:/opt/ros/foxy/lib/x86_64-linux-gnu:/opt/ros/foxy/lib PYTHONPATH=/catkin_ws/install/turtlebot3_msgs/lib/python3.8/site-packages:/catkin_ws/install/turtlebot3_example/lib/python3.8/site-packages:/catkin_ws/install/dynamixel_sdk_custom_interfaces/lib/python3.8/site-packages:/catkin_ws/build/turtlebot3_teleop:/catkin_ws/install/turtlebot3_teleop/lib/python3.8/site-packages:/catkin_ws/install/fobo_simulation/lib/python3.8/site-packages:/opt/ros/foxy/lib/python3.8/site-packages /usr/bin/cmake --install /catkin_ws/build/turtlebot3_bringup
[0.270s] -- Install configuration: ""
[0.271s] -- Up-to-date: /catkin_ws/install/turtlebot3_bringup/share/turtlebot3_bringup/launch
[0.271s] -- Up-to-date: /catkin_ws/install/turtlebot3_bringup/share/turtlebot3_bringup/launch/rviz2.launch.py
[0.271s] -- Up-to-date: /catkin_ws/install/turtlebot3_bringup/share/turtlebot3_bringup/launch/robot.launch.py
[0.272s] -- Up-to-date: /catkin_ws/install/turtlebot3_bringup/share/turtlebot3_bringup/launch/turtlebot3_state_publisher.launch.py
[0.272s] -- Up-to-date: /catkin_ws/install/turtlebot3_bringup/share/turtlebot3_bringup/param
[0.272s] -- Up-to-date: /catkin_ws/install/turtlebot3_bringup/share/turtlebot3_bringup/param/waffle_pi.yaml
[0.272s] -- Up-to-date: /catkin_ws/install/turtlebot3_bringup/share/turtlebot3_bringup/param/burger.yaml
[0.272s] -- Up-to-date: /catkin_ws/install/turtlebot3_bringup/share/turtlebot3_bringup/param/waffle.yaml
[0.272s] -- Up-to-date: /catkin_ws/install/turtlebot3_bringup/share/turtlebot3_bringup/script
[0.272s] -- Up-to-date: /catkin_ws/install/turtlebot3_bringup/share/turtlebot3_bringup/script/create_udev_rules
[0.272s] -- Up-to-date: /catkin_ws/install/turtlebot3_bringup/share/turtlebot3_bringup/script/99-turtlebot3-cdc.rules
[0.273s] -- Up-to-date: /catkin_ws/install/turtlebot3_bringup/share/ament_index/resource_index/package_run_dependencies/turtlebot3_bringup
[0.273s] -- Up-to-date: /catkin_ws/install/turtlebot3_bringup/share/ament_index/resource_index/parent_prefix_path/turtlebot3_bringup
[0.273s] -- Up-to-date: /catkin_ws/install/turtlebot3_bringup/share/turtlebot3_bringup/environment/ament_prefix_path.sh
[0.273s] -- Up-to-date: /catkin_ws/install/turtlebot3_bringup/share/turtlebot3_bringup/environment/ament_prefix_path.dsv
[0.273s] -- Up-to-date: /catkin_ws/install/turtlebot3_bringup/share/turtlebot3_bringup/environment/path.sh
[0.273s] -- Up-to-date: /catkin_ws/install/turtlebot3_bringup/share/turtlebot3_bringup/environment/path.dsv
[0.273s] -- Up-to-date: /catkin_ws/install/turtlebot3_bringup/share/turtlebot3_bringup/local_setup.bash
[0.273s] -- Up-to-date: /catkin_ws/install/turtlebot3_bringup/share/turtlebot3_bringup/local_setup.sh
[0.278s] -- Up-to-date: /catkin_ws/install/turtlebot3_bringup/share/turtlebot3_bringup/local_setup.zsh
[0.279s] -- Up-to-date: /catkin_ws/install/turtlebot3_bringup/share/turtlebot3_bringup/local_setup.dsv
[0.279s] -- Installing: /catkin_ws/install/turtlebot3_bringup/share/turtlebot3_bringup/package.dsv
[0.279s] -- Up-to-date: /catkin_ws/install/turtlebot3_bringup/share/ament_index/resource_index/packages/turtlebot3_bringup
[0.279s] -- Up-to-date: /catkin_ws/install/turtlebot3_bringup/share/turtlebot3_bringup/cmake/turtlebot3_bringupConfig.cmake
[0.280s] -- Up-to-date: /catkin_ws/install/turtlebot3_bringup/share/turtlebot3_bringup/cmake/turtlebot3_bringupConfig-version.cmake
[0.280s] -- Up-to-date: /catkin_ws/install/turtlebot3_bringup/share/turtlebot3_bringup/package.xml
[0.286s] Invoked command in '/catkin_ws/build/turtlebot3_bringup' returned '0': CMAKE_PREFIX_PATH=/catkin_ws/install/turtlebot3_node:/catkin_ws/install/turtlebot3_msgs:/catkin_ws/install/turtlebot3_description:/catkin_ws/install/hls_lfcd_lds_driver:/catkin_ws/install/dynamixel_sdk:/catkin_ws/install/turtlebot3:/catkin_ws/install/turtlebot3_simulations:/catkin_ws/install/turtlebot3_bringup:/catkin_ws/install/turtlebot3_fake_node:/catkin_ws/install/turtlebot3_gazebo:/catkin_ws/install/dynamixel_sdk_examples:/catkin_ws/install/dynamixel_sdk_custom_interfaces:/catkin_ws/install/turtlebot3_navigation2:/catkin_ws/install/turtlebot3_cartographer:/catkin_ws/install/turtlebot3_example:/catkin_ws/install/turtlebot3_teleop:/catkin_ws/install/fobo_simulation:/opt/ros/foxy LD_LIBRARY_PATH=/catkin_ws/install/turtlebot3_msgs/lib:/catkin_ws/install/dynamixel_sdk/lib:/catkin_ws/install/dynamixel_sdk_custom_interfaces/lib:/usr/lib/x86_64-linux-gnu/gazebo-11/plugins:/opt/ros/foxy/opt/yaml_cpp_vendor/lib:/opt/ros/foxy/opt/rviz_ogre_vendor/lib:/opt/ros/foxy/lib/x86_64-linux-gnu:/opt/ros/foxy/lib PYTHONPATH=/catkin_ws/install/turtlebot3_msgs/lib/python3.8/site-packages:/catkin_ws/install/turtlebot3_example/lib/python3.8/site-packages:/catkin_ws/install/dynamixel_sdk_custom_interfaces/lib/python3.8/site-packages:/catkin_ws/build/turtlebot3_teleop:/catkin_ws/install/turtlebot3_teleop/lib/python3.8/site-packages:/catkin_ws/install/fobo_simulation/lib/python3.8/site-packages:/opt/ros/foxy/lib/python3.8/site-packages /usr/bin/cmake --install /catkin_ws/build/turtlebot3_bringup
