[1.377s] Invoking command in '/catkin_ws/src/turtlebot3/turtlebot3/turtlebot3_example': CMAKE_PREFIX_PATH=/catkin_ws/install/turtlebot3_msgs:/catkin_ws/install/turtlebot3:/catkin_ws/install/turtlebot3_simulations:/catkin_ws/install/turtlebot3_bringup:/catkin_ws/install/turtlebot3_node:/catkin_ws/install/turtlebot3_fake_node:/catkin_ws/install/turtlebot3_gazebo:/catkin_ws/install/hls_lfcd_lds_driver:/catkin_ws/install/dynamixel_sdk_examples:/catkin_ws/install/dynamixel_sdk_custom_interfaces:/catkin_ws/install/dynamixel_sdk:/catkin_ws/install/turtlebot3_navigation2:/catkin_ws/install/turtlebot3_description:/catkin_ws/install/turtlebot3_cartographer PYTHONPATH=/catkin_ws/build/turtlebot3_example/prefix_override:/catkin_ws/install/turtlebot3_example/lib/python3.8/site-packages:/catkin_ws/install/turtlebot3_msgs/lib/python3.8/site-packages:/catkin_ws/install/turtlebot3_example/lib/python3.8/site-packages:/catkin_ws/install/dynamixel_sdk_custom_interfaces/lib/python3.8/site-packages:/catkin_ws/build/turtlebot3_teleop:/catkin_ws/install/turtlebot3_teleop/lib/python3.8/site-packages:/catkin_ws/install/fobo_simulation/lib/python3.8/site-packages:/opt/ros/foxy/lib/python3.8/site-packages /usr/bin/python3 setup.py egg_info --egg-base ../../../../build/turtlebot3_example build --build-base /catkin_ws/build/turtlebot3_example/build install --record /catkin_ws/build/turtlebot3_example/install.log --single-version-externally-managed
[1.651s] running egg_info
[1.652s] creating ../../../../build/turtlebot3_example/turtlebot3_example.egg-info
[1.653s] writing ../../../../build/turtlebot3_example/turtlebot3_example.egg-info/PKG-INFO
[1.653s] writing dependency_links to ../../../../build/turtlebot3_example/turtlebot3_example.egg-info/dependency_links.txt
[1.653s] writing entry points to ../../../../build/turtlebot3_example/turtlebot3_example.egg-info/entry_points.txt
[1.653s] writing requirements to ../../../../build/turtlebot3_example/turtlebot3_example.egg-info/requires.txt
[1.654s] writing top-level names to ../../../../build/turtlebot3_example/turtlebot3_example.egg-info/top_level.txt
[1.655s] writing manifest file '../../../../build/turtlebot3_example/turtlebot3_example.egg-info/SOURCES.txt'
[1.715s] reading manifest file '../../../../build/turtlebot3_example/turtlebot3_example.egg-info/SOURCES.txt'
[1.716s] writing manifest file '../../../../build/turtlebot3_example/turtlebot3_example.egg-info/SOURCES.txt'
[1.716s] running build
[1.716s] running build_py
[1.717s] creating /catkin_ws/build/turtlebot3_example/build
[1.717s] creating /catkin_ws/build/turtlebot3_example/build/lib
[1.717s] creating /catkin_ws/build/turtlebot3_example/build/lib/turtlebot3_example
[1.717s] copying turtlebot3_example/__init__.py -> /catkin_ws/build/turtlebot3_example/build/lib/turtlebot3_example
[1.717s] creating /catkin_ws/build/turtlebot3_example/build/lib/turtlebot3_example/turtlebot3_obstacle_detection
[1.717s] copying turtlebot3_example/turtlebot3_obstacle_detection/__init__.py -> /catkin_ws/build/turtlebot3_example/build/lib/turtlebot3_example/turtlebot3_obstacle_detection
[1.717s] copying turtlebot3_example/turtlebot3_obstacle_detection/main.py -> /catkin_ws/build/turtlebot3_example/build/lib/turtlebot3_example/turtlebot3_obstacle_detection
[1.718s] copying turtlebot3_example/turtlebot3_obstacle_detection/turtlebot3_obstacle_detection.py -> /catkin_ws/build/turtlebot3_example/build/lib/turtlebot3_example/turtlebot3_obstacle_detection
[1.719s] creating /catkin_ws/build/turtlebot3_example/build/lib/turtlebot3_example/turtlebot3_patrol_client
[1.720s] copying turtlebot3_example/turtlebot3_patrol_client/turtlebot3_patrol_client.py -> /catkin_ws/build/turtlebot3_example/build/lib/turtlebot3_example/turtlebot3_patrol_client
[1.720s] copying turtlebot3_example/turtlebot3_patrol_client/__init__.py -> /catkin_ws/build/turtlebot3_example/build/lib/turtlebot3_example/turtlebot3_patrol_client
[1.720s] copying turtlebot3_example/turtlebot3_patrol_client/main.py -> /catkin_ws/build/turtlebot3_example/build/lib/turtlebot3_example/turtlebot3_patrol_client
[1.720s] creating /catkin_ws/build/turtlebot3_example/build/lib/turtlebot3_example/turtlebot3_patrol_server
[1.721s] copying turtlebot3_example/turtlebot3_patrol_server/__init__.py -> /catkin_ws/build/turtlebot3_example/build/lib/turtlebot3_example/turtlebot3_patrol_server
[1.721s] copying turtlebot3_example/turtlebot3_patrol_server/main.py -> /catkin_ws/build/turtlebot3_example/build/lib/turtlebot3_example/turtlebot3_patrol_server
[1.721s] copying turtlebot3_example/turtlebot3_patrol_server/turtlebot3_patrol_server.py -> /catkin_ws/build/turtlebot3_example/build/lib/turtlebot3_example/turtlebot3_patrol_server
[1.721s] copying turtlebot3_example/turtlebot3_patrol_server/turtlebot3_path.py -> /catkin_ws/build/turtlebot3_example/build/lib/turtlebot3_example/turtlebot3_patrol_server
[1.722s] creating /catkin_ws/build/turtlebot3_example/build/lib/turtlebot3_example/turtlebot3_position_control
[1.722s] copying turtlebot3_example/turtlebot3_position_control/__init__.py -> /catkin_ws/build/turtlebot3_example/build/lib/turtlebot3_example/turtlebot3_position_control
[1.722s] copying turtlebot3_example/turtlebot3_position_control/main.py -> /catkin_ws/build/turtlebot3_example/build/lib/turtlebot3_example/turtlebot3_position_control
[1.723s] copying turtlebot3_example/turtlebot3_position_control/turtlebot3_position_control.py -> /catkin_ws/build/turtlebot3_example/build/lib/turtlebot3_example/turtlebot3_position_control
[1.723s] copying turtlebot3_example/turtlebot3_position_control/turtlebot3_path.py -> /catkin_ws/build/turtlebot3_example/build/lib/turtlebot3_example/turtlebot3_position_control
[1.725s] running install
[1.726s] running install_lib
[1.728s] creating /catkin_ws/install/turtlebot3_example/lib/python3.8/site-packages/turtlebot3_example
[1.728s] creating /catkin_ws/install/turtlebot3_example/lib/python3.8/site-packages/turtlebot3_example/turtlebot3_obstacle_detection
[1.729s] copying /catkin_ws/build/turtlebot3_example/build/lib/turtlebot3_example/turtlebot3_obstacle_detection/__init__.py -> /catkin_ws/install/turtlebot3_example/lib/python3.8/site-packages/turtlebot3_example/turtlebot3_obstacle_detection
[1.729s] copying /catkin_ws/build/turtlebot3_example/build/lib/turtlebot3_example/turtlebot3_obstacle_detection/main.py -> /catkin_ws/install/turtlebot3_example/lib/python3.8/site-packages/turtlebot3_example/turtlebot3_obstacle_detection
[1.729s] copying /catkin_ws/build/turtlebot3_example/build/lib/turtlebot3_example/turtlebot3_obstacle_detection/turtlebot3_obstacle_detection.py -> /catkin_ws/install/turtlebot3_example/lib/python3.8/site-packages/turtlebot3_example/turtlebot3_obstacle_detection
[1.729s] creating /catkin_ws/install/turtlebot3_example/lib/python3.8/site-packages/turtlebot3_example/turtlebot3_patrol_client
[1.729s] copying /catkin_ws/build/turtlebot3_example/build/lib/turtlebot3_example/turtlebot3_patrol_client/turtlebot3_patrol_client.py -> /catkin_ws/install/turtlebot3_example/lib/python3.8/site-packages/turtlebot3_example/turtlebot3_patrol_client
[1.729s] copying /catkin_ws/build/turtlebot3_example/build/lib/turtlebot3_example/turtlebot3_patrol_client/__init__.py -> /catkin_ws/install/turtlebot3_example/lib/python3.8/site-packages/turtlebot3_example/turtlebot3_patrol_client
[1.730s] copying /catkin_ws/build/turtlebot3_example/build/lib/turtlebot3_example/turtlebot3_patrol_client/main.py -> /catkin_ws/install/turtlebot3_example/lib/python3.8/site-packages/turtlebot3_example/turtlebot3_patrol_client
[1.730s] copying /catkin_ws/build/turtlebot3_example/build/lib/turtlebot3_example/__init__.py -> /catkin_ws/install/turtlebot3_example/lib/python3.8/site-packages/turtlebot3_example
[1.730s] creating /catkin_ws/install/turtlebot3_example/lib/python3.8/site-packages/turtlebot3_example/turtlebot3_patrol_server
[1.730s] copying /catkin_ws/build/turtlebot3_example/build/lib/turtlebot3_example/turtlebot3_patrol_server/__init__.py -> /catkin_ws/install/turtlebot3_example/lib/python3.8/site-packages/turtlebot3_example/turtlebot3_patrol_server
[1.731s] copying /catkin_ws/build/turtlebot3_example/build/lib/turtlebot3_example/turtlebot3_patrol_server/main.py -> /catkin_ws/install/turtlebot3_example/lib/python3.8/site-packages/turtlebot3_example/turtlebot3_patrol_server
[1.731s] copying /catkin_ws/build/turtlebot3_example/build/lib/turtlebot3_example/turtlebot3_patrol_server/turtlebot3_patrol_server.py -> /catkin_ws/install/turtlebot3_example/lib/python3.8/site-packages/turtlebot3_example/turtlebot3_patrol_server
[1.731s] copying /catkin_ws/build/turtlebot3_example/build/lib/turtlebot3_example/turtlebot3_patrol_server/turtlebot3_path.py -> /catkin_ws/install/turtlebot3_example/lib/python3.8/site-packages/turtlebot3_example/turtlebot3_patrol_server
[1.731s] creating /catkin_ws/install/turtlebot3_example/lib/python3.8/site-packages/turtlebot3_example/turtlebot3_position_control
[1.731s] copying /catkin_ws/build/turtlebot3_example/build/lib/turtlebot3_example/turtlebot3_position_control/__init__.py -> /catkin_ws/install/turtlebot3_example/lib/python3.8/site-packages/turtlebot3_example/turtlebot3_position_control
[1.732s] copying /catkin_ws/build/turtlebot3_example/build/lib/turtlebot3_example/turtlebot3_position_control/main.py -> /catkin_ws/install/turtlebot3_example/lib/python3.8/site-packages/turtlebot3_example/turtlebot3_position_control
[1.732s] copying /catkin_ws/build/turtlebot3_example/build/lib/turtlebot3_example/turtlebot3_position_control/turtlebot3_position_control.py -> /catkin_ws/install/turtlebot3_example/lib/python3.8/site-packages/turtlebot3_example/turtlebot3_position_control
[1.732s] copying /catkin_ws/build/turtlebot3_example/build/lib/turtlebot3_example/turtlebot3_position_control/turtlebot3_path.py -> /catkin_ws/install/turtlebot3_example/lib/python3.8/site-packages/turtlebot3_example/turtlebot3_position_control
[1.732s] byte-compiling /catkin_ws/install/turtlebot3_example/lib/python3.8/site-packages/turtlebot3_example/turtlebot3_obstacle_detection/__init__.py to __init__.cpython-38.pyc
[1.735s] byte-compiling /catkin_ws/install/turtlebot3_example/lib/python3.8/site-packages/turtlebot3_example/turtlebot3_obstacle_detection/main.py to main.cpython-38.pyc
[1.735s] byte-compiling /catkin_ws/install/turtlebot3_example/lib/python3.8/site-packages/turtlebot3_example/turtlebot3_obstacle_detection/turtlebot3_obstacle_detection.py to turtlebot3_obstacle_detection.cpython-38.pyc
[1.736s] byte-compiling /catkin_ws/install/turtlebot3_example/lib/python3.8/site-packages/turtlebot3_example/turtlebot3_patrol_client/turtlebot3_patrol_client.py to turtlebot3_patrol_client.cpython-38.pyc
[1.736s] byte-compiling /catkin_ws/install/turtlebot3_example/lib/python3.8/site-packages/turtlebot3_example/turtlebot3_patrol_client/__init__.py to __init__.cpython-38.pyc
[1.737s] byte-compiling /catkin_ws/install/turtlebot3_example/lib/python3.8/site-packages/turtlebot3_example/turtlebot3_patrol_client/main.py to main.cpython-38.pyc
[1.737s] byte-compiling /catkin_ws/install/turtlebot3_example/lib/python3.8/site-packages/turtlebot3_example/__init__.py to __init__.cpython-38.pyc
[1.737s] byte-compiling /catkin_ws/install/turtlebot3_example/lib/python3.8/site-packages/turtlebot3_example/turtlebot3_patrol_server/__init__.py to __init__.cpython-38.pyc
[1.737s] byte-compiling /catkin_ws/install/turtlebot3_example/lib/python3.8/site-packages/turtlebot3_example/turtlebot3_patrol_server/main.py to main.cpython-38.pyc
[1.738s] byte-compiling /catkin_ws/install/turtlebot3_example/lib/python3.8/site-packages/turtlebot3_example/turtlebot3_patrol_server/turtlebot3_patrol_server.py to turtlebot3_patrol_server.cpython-38.pyc
[1.739s] byte-compiling /catkin_ws/install/turtlebot3_example/lib/python3.8/site-packages/turtlebot3_example/turtlebot3_patrol_server/turtlebot3_path.py to turtlebot3_path.cpython-38.pyc
[1.739s] byte-compiling /catkin_ws/install/turtlebot3_example/lib/python3.8/site-packages/turtlebot3_example/turtlebot3_position_control/__init__.py to __init__.cpython-38.pyc
[1.739s] byte-compiling /catkin_ws/install/turtlebot3_example/lib/python3.8/site-packages/turtlebot3_example/turtlebot3_position_control/main.py to main.cpython-38.pyc
[1.740s] byte-compiling /catkin_ws/install/turtlebot3_example/lib/python3.8/site-packages/turtlebot3_example/turtlebot3_position_control/turtlebot3_position_control.py to turtlebot3_position_control.cpython-38.pyc
[1.741s] byte-compiling /catkin_ws/install/turtlebot3_example/lib/python3.8/site-packages/turtlebot3_example/turtlebot3_position_control/turtlebot3_path.py to turtlebot3_path.cpython-38.pyc
[1.741s] running install_data
[1.742s] creating /catkin_ws/install/turtlebot3_example/share/ament_index
[1.742s] creating /catkin_ws/install/turtlebot3_example/share/ament_index/resource_index
[1.742s] creating /catkin_ws/install/turtlebot3_example/share/ament_index/resource_index/packages
[1.743s] copying resource/turtlebot3_example -> /catkin_ws/install/turtlebot3_example/share/ament_index/resource_index/packages
[1.743s] copying package.xml -> /catkin_ws/install/turtlebot3_example/share/turtlebot3_example
[1.743s] running install_egg_info
[1.745s] Copying ../../../../build/turtlebot3_example/turtlebot3_example.egg-info to /catkin_ws/install/turtlebot3_example/lib/python3.8/site-packages/turtlebot3_example-2.1.4-py3.8.egg-info
[1.746s] running install_scripts
[1.769s] Installing turtlebot3_obstacle_detection script to /catkin_ws/install/turtlebot3_example/lib/turtlebot3_example
[1.769s] Installing turtlebot3_patrol_client script to /catkin_ws/install/turtlebot3_example/lib/turtlebot3_example
[1.769s] Installing turtlebot3_patrol_server script to /catkin_ws/install/turtlebot3_example/lib/turtlebot3_example
[1.770s] Installing turtlebot3_position_control script to /catkin_ws/install/turtlebot3_example/lib/turtlebot3_example
[1.770s] writing list of installed files to '/catkin_ws/build/turtlebot3_example/install.log'
[1.810s] Invoked command in '/catkin_ws/src/turtlebot3/turtlebot3/turtlebot3_example' returned '0': CMAKE_PREFIX_PATH=/catkin_ws/install/turtlebot3_msgs:/catkin_ws/install/turtlebot3:/catkin_ws/install/turtlebot3_simulations:/catkin_ws/install/turtlebot3_bringup:/catkin_ws/install/turtlebot3_node:/catkin_ws/install/turtlebot3_fake_node:/catkin_ws/install/turtlebot3_gazebo:/catkin_ws/install/hls_lfcd_lds_driver:/catkin_ws/install/dynamixel_sdk_examples:/catkin_ws/install/dynamixel_sdk_custom_interfaces:/catkin_ws/install/dynamixel_sdk:/catkin_ws/install/turtlebot3_navigation2:/catkin_ws/install/turtlebot3_description:/catkin_ws/install/turtlebot3_cartographer PYTHONPATH=/catkin_ws/build/turtlebot3_example/prefix_override:/catkin_ws/install/turtlebot3_example/lib/python3.8/site-packages:/catkin_ws/install/turtlebot3_msgs/lib/python3.8/site-packages:/catkin_ws/install/turtlebot3_example/lib/python3.8/site-packages:/catkin_ws/install/dynamixel_sdk_custom_interfaces/lib/python3.8/site-packages:/catkin_ws/build/turtlebot3_teleop:/catkin_ws/install/turtlebot3_teleop/lib/python3.8/site-packages:/catkin_ws/install/fobo_simulation/lib/python3.8/site-packages:/opt/ros/foxy/lib/python3.8/site-packages /usr/bin/python3 setup.py egg_info --egg-base ../../../../build/turtlebot3_example build --build-base /catkin_ws/build/turtlebot3_example/build install --record /catkin_ws/build/turtlebot3_example/install.log --single-version-externally-managed
