[1.057s] Invoking command in '/catkin_ws/src/turtlebot3/turtlebot3/turtlebot3_example': CMAKE_PREFIX_PATH=/catkin_ws/install/turtlebot3_msgs:/catkin_ws/install/turtlebot3:/catkin_ws/install/turtlebot3_simulations:/catkin_ws/install/turtlebot3_bringup:/catkin_ws/install/turtlebot3_node:/catkin_ws/install/turtlebot3_fake_node:/catkin_ws/install/turtlebot3_gazebo:/catkin_ws/install/hls_lfcd_lds_driver:/catkin_ws/install/dynamixel_sdk_examples:/catkin_ws/install/dynamixel_sdk_custom_interfaces:/catkin_ws/install/dynamixel_sdk:/catkin_ws/install/turtlebot3_navigation2:/catkin_ws/install/turtlebot3_description:/catkin_ws/install/turtlebot3_cartographer PYTHONPATH=/catkin_ws/build/turtlebot3_example/prefix_override:/catkin_ws/install/turtlebot3_example/lib/python3.8/site-packages:/catkin_ws/install/turtlebot3_msgs/lib/python3.8/site-packages:/catkin_ws/install/turtlebot3_example/lib/python3.8/site-packages:/catkin_ws/install/dynamixel_sdk_custom_interfaces/lib/python3.8/site-packages:/catkin_ws/build/turtlebot3_teleop:/catkin_ws/install/turtlebot3_teleop/lib/python3.8/site-packages:/catkin_ws/install/fobo_simulation/lib/python3.8/site-packages:/opt/ros/foxy/lib/python3.8/site-packages /usr/bin/python3 setup.py egg_info --egg-base ../../../../build/turtlebot3_example build --build-base /catkin_ws/build/turtlebot3_example/build install --record /catkin_ws/build/turtlebot3_example/install.log --single-version-externally-managed
[1.280s] running egg_info
[1.281s] writing ../../../../build/turtlebot3_example/turtlebot3_example.egg-info/PKG-INFO
[1.282s] writing dependency_links to ../../../../build/turtlebot3_example/turtlebot3_example.egg-info/dependency_links.txt
[1.282s] writing entry points to ../../../../build/turtlebot3_example/turtlebot3_example.egg-info/entry_points.txt
[1.282s] writing requirements to ../../../../build/turtlebot3_example/turtlebot3_example.egg-info/requires.txt
[1.282s] writing top-level names to ../../../../build/turtlebot3_example/turtlebot3_example.egg-info/top_level.txt
[1.329s] reading manifest file '../../../../build/turtlebot3_example/turtlebot3_example.egg-info/SOURCES.txt'
[1.330s] writing manifest file '../../../../build/turtlebot3_example/turtlebot3_example.egg-info/SOURCES.txt'
[1.330s] running build
[1.331s] running build_py
[1.333s] running install
[1.334s] running install_lib
[1.338s] running install_data
[1.338s] running install_egg_info
[1.341s] removing '/catkin_ws/install/turtlebot3_example/lib/python3.8/site-packages/turtlebot3_example-2.1.4-py3.8.egg-info' (and everything under it)
[1.342s] Copying ../../../../build/turtlebot3_example/turtlebot3_example.egg-info to /catkin_ws/install/turtlebot3_example/lib/python3.8/site-packages/turtlebot3_example-2.1.4-py3.8.egg-info
[1.343s] running install_scripts
[1.364s] Installing turtlebot3_obstacle_detection script to /catkin_ws/install/turtlebot3_example/lib/turtlebot3_example
[1.364s] Installing turtlebot3_patrol_client script to /catkin_ws/install/turtlebot3_example/lib/turtlebot3_example
[1.364s] Installing turtlebot3_patrol_server script to /catkin_ws/install/turtlebot3_example/lib/turtlebot3_example
[1.364s] Installing turtlebot3_position_control script to /catkin_ws/install/turtlebot3_example/lib/turtlebot3_example
[1.365s] writing list of installed files to '/catkin_ws/build/turtlebot3_example/install.log'
[1.401s] Invoked command in '/catkin_ws/src/turtlebot3/turtlebot3/turtlebot3_example' returned '0': CMAKE_PREFIX_PATH=/catkin_ws/install/turtlebot3_msgs:/catkin_ws/install/turtlebot3:/catkin_ws/install/turtlebot3_simulations:/catkin_ws/install/turtlebot3_bringup:/catkin_ws/install/turtlebot3_node:/catkin_ws/install/turtlebot3_fake_node:/catkin_ws/install/turtlebot3_gazebo:/catkin_ws/install/hls_lfcd_lds_driver:/catkin_ws/install/dynamixel_sdk_examples:/catkin_ws/install/dynamixel_sdk_custom_interfaces:/catkin_ws/install/dynamixel_sdk:/catkin_ws/install/turtlebot3_navigation2:/catkin_ws/install/turtlebot3_description:/catkin_ws/install/turtlebot3_cartographer PYTHONPATH=/catkin_ws/build/turtlebot3_example/prefix_override:/catkin_ws/install/turtlebot3_example/lib/python3.8/site-packages:/catkin_ws/install/turtlebot3_msgs/lib/python3.8/site-packages:/catkin_ws/install/turtlebot3_example/lib/python3.8/site-packages:/catkin_ws/install/dynamixel_sdk_custom_interfaces/lib/python3.8/site-packages:/catkin_ws/build/turtlebot3_teleop:/catkin_ws/install/turtlebot3_teleop/lib/python3.8/site-packages:/catkin_ws/install/fobo_simulation/lib/python3.8/site-packages:/opt/ros/foxy/lib/python3.8/site-packages /usr/bin/python3 setup.py egg_info --egg-base ../../../../build/turtlebot3_example build --build-base /catkin_ws/build/turtlebot3_example/build install --record /catkin_ws/build/turtlebot3_example/install.log --single-version-externally-managed
