[0.087s] Invoking command in '/catkin_ws/build/turtlebot3_navigation2': CMAKE_PREFIX_PATH=${CMAKE_PREFIX_PATH}:/catkin_ws/install/turtlebot3_example:/catkin_ws/install/turtlebot3_teleop:/catkin_ws/install/fobo_simulation:/opt/ros/foxy /usr/bin/cmake --build /catkin_ws/build/turtlebot3_navigation2 -- -j8 -l8
[0.499s] Invoked command in '/catkin_ws/build/turtlebot3_navigation2' returned '0': CMAKE_PREFIX_PATH=${CMAKE_PREFIX_PATH}:/catkin_ws/install/turtlebot3_example:/catkin_ws/install/turtlebot3_teleop:/catkin_ws/install/fobo_simulation:/opt/ros/foxy /usr/bin/cmake --build /catkin_ws/build/turtlebot3_navigation2 -- -j8 -l8
[0.576s] Invoking command in '/catkin_ws/build/turtlebot3_navigation2': CMAKE_PREFIX_PATH=${CMAKE_PREFIX_PATH}:/catkin_ws/install/turtlebot3_example:/catkin_ws/install/turtlebot3_teleop:/catkin_ws/install/fobo_simulation:/opt/ros/foxy /usr/bin/cmake --install /catkin_ws/build/turtlebot3_navigation2
[0.608s] -- Install configuration: ""
[0.608s] -- Up-to-date: /catkin_ws/install/turtlebot3_navigation2/share/turtlebot3_navigation2/launch
[0.608s] -- Up-to-date: /catkin_ws/install/turtlebot3_navigation2/share/turtlebot3_navigation2/launch/navigation2.launch.py
[0.609s] -- Up-to-date: /catkin_ws/install/turtlebot3_navigation2/share/turtlebot3_navigation2/map
[0.609s] -- Up-to-date: /catkin_ws/install/turtlebot3_navigation2/share/turtlebot3_navigation2/map/turtlebot3_world.pgm
[0.610s] -- Up-to-date: /catkin_ws/install/turtlebot3_navigation2/share/turtlebot3_navigation2/map/turtlebot3_world.yaml
[0.610s] -- Up-to-date: /catkin_ws/install/turtlebot3_navigation2/share/turtlebot3_navigation2/param
[0.610s] -- Up-to-date: /catkin_ws/install/turtlebot3_navigation2/share/turtlebot3_navigation2/param/waffle_pi.yaml
[0.611s] -- Up-to-date: /catkin_ws/install/turtlebot3_navigation2/share/turtlebot3_navigation2/param/burger.yaml
[0.611s] -- Up-to-date: /catkin_ws/install/turtlebot3_navigation2/share/turtlebot3_navigation2/param/waffle.yaml
[0.612s] -- Up-to-date: /catkin_ws/install/turtlebot3_navigation2/share/turtlebot3_navigation2/rviz
[0.612s] -- Up-to-date: /catkin_ws/install/turtlebot3_navigation2/share/turtlebot3_navigation2/rviz/tb3_navigation2.rviz
[0.613s] -- Up-to-date: /catkin_ws/install/turtlebot3_navigation2/share/ament_index/resource_index/package_run_dependencies/turtlebot3_navigation2
[0.615s] -- Up-to-date: /catkin_ws/install/turtlebot3_navigation2/share/ament_index/resource_index/parent_prefix_path/turtlebot3_navigation2
[0.616s] -- Up-to-date: /catkin_ws/install/turtlebot3_navigation2/share/turtlebot3_navigation2/environment/ament_prefix_path.sh
[0.616s] -- Up-to-date: /catkin_ws/install/turtlebot3_navigation2/share/turtlebot3_navigation2/environment/ament_prefix_path.dsv
[0.617s] -- Up-to-date: /catkin_ws/install/turtlebot3_navigation2/share/turtlebot3_navigation2/environment/path.sh
[0.617s] -- Up-to-date: /catkin_ws/install/turtlebot3_navigation2/share/turtlebot3_navigation2/environment/path.dsv
[0.619s] -- Up-to-date: /catkin_ws/install/turtlebot3_navigation2/share/turtlebot3_navigation2/local_setup.bash
[0.620s] -- Up-to-date: /catkin_ws/install/turtlebot3_navigation2/share/turtlebot3_navigation2/local_setup.sh
[0.621s] -- Up-to-date: /catkin_ws/install/turtlebot3_navigation2/share/turtlebot3_navigation2/local_setup.zsh
[0.621s] -- Up-to-date: /catkin_ws/install/turtlebot3_navigation2/share/turtlebot3_navigation2/local_setup.dsv
[0.622s] -- Installing: /catkin_ws/install/turtlebot3_navigation2/share/turtlebot3_navigation2/package.dsv
[0.623s] -- Up-to-date: /catkin_ws/install/turtlebot3_navigation2/share/ament_index/resource_index/packages/turtlebot3_navigation2
[0.623s] -- Up-to-date: /catkin_ws/install/turtlebot3_navigation2/share/turtlebot3_navigation2/cmake/turtlebot3_navigation2Config.cmake
[0.623s] -- Up-to-date: /catkin_ws/install/turtlebot3_navigation2/share/turtlebot3_navigation2/cmake/turtlebot3_navigation2Config-version.cmake
[0.624s] -- Up-to-date: /catkin_ws/install/turtlebot3_navigation2/share/turtlebot3_navigation2/package.xml
[0.683s] Invoked command in '/catkin_ws/build/turtlebot3_navigation2' returned '0': CMAKE_PREFIX_PATH=${CMAKE_PREFIX_PATH}:/catkin_ws/install/turtlebot3_example:/catkin_ws/install/turtlebot3_teleop:/catkin_ws/install/fobo_simulation:/opt/ros/foxy /usr/bin/cmake --install /catkin_ws/build/turtlebot3_navigation2
