[0.114s] Invoking command in '/catkin_ws/build/turtlebot3_msgs': CMAKE_PREFIX_PATH=${CMAKE_PREFIX_PATH}:/catkin_ws/install/turtlebot3_example:/catkin_ws/install/turtlebot3_teleop:/catkin_ws/install/fobo_simulation:/opt/ros/foxy /usr/bin/cmake --build /catkin_ws/build/turtlebot3_msgs -- -j8 -l8
[0.534s] [  1%] Built target turtlebot3_msgs__cpp
[0.535s] [ 12%] Built target turtlebot3_msgs__rosidl_generator_c
[0.536s] [ 23%] Built target turtlebot3_msgs__rosidl_typesupport_cpp
[0.537s] [ 35%] Built target turtlebot3_msgs__rosidl_typesupport_introspection_cpp
[0.537s] [ 46%] Built target turtlebot3_msgs__rosidl_typesupport_c
[0.539s] [ 57%] Built target turtlebot3_msgs__rosidl_typesupport_introspection_c
[0.540s] [ 69%] Built target turtlebot3_msgs__rosidl_typesupport_fastrtps_cpp
[0.541s] [ 80%] Built target turtlebot3_msgs__rosidl_typesupport_fastrtps_c
[0.541s] [ 80%] Built target turtlebot3_msgs
[0.542s] [ 81%] Built target turtlebot3_msgs__py
[0.543s] [ 91%] Built target turtlebot3_msgs__python
[0.544s] [ 94%] Built target turtlebot3_msgs__rosidl_typesupport_introspection_c__pyext
[0.550s] [ 97%] Built target turtlebot3_msgs__rosidl_typesupport_c__pyext
[0.551s] [100%] Built target turtlebot3_msgs__rosidl_typesupport_fastrtps_c__pyext
[0.580s] Invoked command in '/catkin_ws/build/turtlebot3_msgs' returned '0': CMAKE_PREFIX_PATH=${CMAKE_PREFIX_PATH}:/catkin_ws/install/turtlebot3_example:/catkin_ws/install/turtlebot3_teleop:/catkin_ws/install/fobo_simulation:/opt/ros/foxy /usr/bin/cmake --build /catkin_ws/build/turtlebot3_msgs -- -j8 -l8
[0.878s] Invoking command in '/catkin_ws/build/turtlebot3_msgs': CMAKE_PREFIX_PATH=${CMAKE_PREFIX_PATH}:/catkin_ws/install/turtlebot3_example:/catkin_ws/install/turtlebot3_teleop:/catkin_ws/install/fobo_simulation:/opt/ros/foxy /usr/bin/cmake --install /catkin_ws/build/turtlebot3_msgs
[0.903s] -- Install configuration: ""
[0.904s] -- Up-to-date: /catkin_ws/install/turtlebot3_msgs/share/ament_index/resource_index/rosidl_interfaces/turtlebot3_msgs
[0.904s] -- Up-to-date: /catkin_ws/install/turtlebot3_msgs/include/turtlebot3_msgs
[0.904s] -- Up-to-date: /catkin_ws/install/turtlebot3_msgs/include/turtlebot3_msgs/msg
[0.905s] -- Up-to-date: /catkin_ws/install/turtlebot3_msgs/include/turtlebot3_msgs/msg/sensor_state.h
[0.905s] -- Up-to-date: /catkin_ws/install/turtlebot3_msgs/include/turtlebot3_msgs/msg/detail
[0.905s] -- Up-to-date: /catkin_ws/install/turtlebot3_msgs/include/turtlebot3_msgs/msg/detail/sensor_state__functions.c
[0.905s] -- Up-to-date: /catkin_ws/install/turtlebot3_msgs/include/turtlebot3_msgs/msg/detail/sound__functions.h
[0.906s] -- Up-to-date: /catkin_ws/install/turtlebot3_msgs/include/turtlebot3_msgs/msg/detail/version_info__functions.h
[0.906s] -- Up-to-date: /catkin_ws/install/turtlebot3_msgs/include/turtlebot3_msgs/msg/detail/sound__functions.c
[0.906s] -- Up-to-date: /catkin_ws/install/turtlebot3_msgs/include/turtlebot3_msgs/msg/detail/sound__type_support.h
[0.906s] -- Up-to-date: /catkin_ws/install/turtlebot3_msgs/include/turtlebot3_msgs/msg/detail/sensor_state__functions.h
[0.906s] -- Up-to-date: /catkin_ws/install/turtlebot3_msgs/include/turtlebot3_msgs/msg/detail/sensor_state__struct.h
[0.907s] -- Up-to-date: /catkin_ws/install/turtlebot3_msgs/include/turtlebot3_msgs/msg/detail/version_info__functions.c
[0.907s] -- Up-to-date: /catkin_ws/install/turtlebot3_msgs/include/turtlebot3_msgs/msg/detail/version_info__struct.h
[0.910s] -- Up-to-date: /catkin_ws/install/turtlebot3_msgs/include/turtlebot3_msgs/msg/detail/sensor_state__type_support.h
[0.911s] -- Up-to-date: /catkin_ws/install/turtlebot3_msgs/include/turtlebot3_msgs/msg/detail/version_info__type_support.h
[0.911s] -- Up-to-date: /catkin_ws/install/turtlebot3_msgs/include/turtlebot3_msgs/msg/detail/sound__struct.h
[0.911s] -- Up-to-date: /catkin_ws/install/turtlebot3_msgs/include/turtlebot3_msgs/msg/rosidl_generator_c__visibility_control.h
[0.912s] -- Up-to-date: /catkin_ws/install/turtlebot3_msgs/include/turtlebot3_msgs/msg/version_info.h
[0.914s] -- Up-to-date: /catkin_ws/install/turtlebot3_msgs/include/turtlebot3_msgs/msg/sound.h
[0.914s] -- Up-to-date: /catkin_ws/install/turtlebot3_msgs/include/turtlebot3_msgs/srv
[0.915s] -- Up-to-date: /catkin_ws/install/turtlebot3_msgs/include/turtlebot3_msgs/srv/detail
[0.915s] -- Up-to-date: /catkin_ws/install/turtlebot3_msgs/include/turtlebot3_msgs/srv/detail/sound__functions.h
[0.916s] -- Up-to-date: /catkin_ws/install/turtlebot3_msgs/include/turtlebot3_msgs/srv/detail/dqn__type_support.h
[0.916s] -- Up-to-date: /catkin_ws/install/turtlebot3_msgs/include/turtlebot3_msgs/srv/detail/sound__functions.c
[0.916s] -- Up-to-date: /catkin_ws/install/turtlebot3_msgs/include/turtlebot3_msgs/srv/detail/sound__type_support.h
[0.916s] -- Up-to-date: /catkin_ws/install/turtlebot3_msgs/include/turtlebot3_msgs/srv/detail/dqn__struct.h
[0.917s] -- Up-to-date: /catkin_ws/install/turtlebot3_msgs/include/turtlebot3_msgs/srv/detail/dqn__functions.h
[0.917s] -- Up-to-date: /catkin_ws/install/turtlebot3_msgs/include/turtlebot3_msgs/srv/detail/sound__struct.h
[0.918s] -- Up-to-date: /catkin_ws/install/turtlebot3_msgs/include/turtlebot3_msgs/srv/detail/dqn__functions.c
[0.923s] -- Up-to-date: /catkin_ws/install/turtlebot3_msgs/include/turtlebot3_msgs/srv/dqn.h
[0.923s] -- Up-to-date: /catkin_ws/install/turtlebot3_msgs/include/turtlebot3_msgs/srv/sound.h
[0.923s] -- Up-to-date: /catkin_ws/install/turtlebot3_msgs/include/turtlebot3_msgs/action
[0.924s] -- Up-to-date: /catkin_ws/install/turtlebot3_msgs/include/turtlebot3_msgs/action/patrol.h
[0.925s] -- Up-to-date: /catkin_ws/install/turtlebot3_msgs/include/turtlebot3_msgs/action/detail
[0.925s] -- Up-to-date: /catkin_ws/install/turtlebot3_msgs/include/turtlebot3_msgs/action/detail/patrol__functions.c
[0.925s] -- Up-to-date: /catkin_ws/install/turtlebot3_msgs/include/turtlebot3_msgs/action/detail/patrol__struct.h
[0.926s] -- Up-to-date: /catkin_ws/install/turtlebot3_msgs/include/turtlebot3_msgs/action/detail/patrol__functions.h
[0.926s] -- Up-to-date: /catkin_ws/install/turtlebot3_msgs/include/turtlebot3_msgs/action/detail/patrol__type_support.h
[0.927s] -- Up-to-date: /catkin_ws/install/turtlebot3_msgs/share/turtlebot3_msgs/environment/library_path.sh
[0.927s] -- Up-to-date: /catkin_ws/install/turtlebot3_msgs/share/turtlebot3_msgs/environment/library_path.dsv
[0.927s] -- Up-to-date: /catkin_ws/install/turtlebot3_msgs/lib/libturtlebot3_msgs__rosidl_generator_c.so
[0.928s] -- Up-to-date: /catkin_ws/install/turtlebot3_msgs/include/turtlebot3_msgs
[0.928s] -- Up-to-date: /catkin_ws/install/turtlebot3_msgs/include/turtlebot3_msgs/msg
[0.928s] -- Up-to-date: /catkin_ws/install/turtlebot3_msgs/include/turtlebot3_msgs/msg/rosidl_typesupport_fastrtps_c__visibility_control.h
[0.929s] -- Up-to-date: /catkin_ws/install/turtlebot3_msgs/include/turtlebot3_msgs/msg/detail
[0.935s] -- Up-to-date: /catkin_ws/install/turtlebot3_msgs/include/turtlebot3_msgs/msg/detail/sensor_state__rosidl_typesupport_fastrtps_c.h
[0.935s] -- Up-to-date: /catkin_ws/install/turtlebot3_msgs/include/turtlebot3_msgs/msg/detail/sound__rosidl_typesupport_fastrtps_c.h
[0.936s] -- Up-to-date: /catkin_ws/install/turtlebot3_msgs/include/turtlebot3_msgs/msg/detail/version_info__rosidl_typesupport_fastrtps_c.h
[0.936s] -- Up-to-date: /catkin_ws/install/turtlebot3_msgs/include/turtlebot3_msgs/srv
[0.936s] -- Up-to-date: /catkin_ws/install/turtlebot3_msgs/include/turtlebot3_msgs/srv/detail
[0.937s] -- Up-to-date: /catkin_ws/install/turtlebot3_msgs/include/turtlebot3_msgs/srv/detail/sound__rosidl_typesupport_fastrtps_c.h
[0.937s] -- Up-to-date: /catkin_ws/install/turtlebot3_msgs/include/turtlebot3_msgs/srv/detail/dqn__rosidl_typesupport_fastrtps_c.h
[0.937s] -- Up-to-date: /catkin_ws/install/turtlebot3_msgs/include/turtlebot3_msgs/action
[0.937s] -- Up-to-date: /catkin_ws/install/turtlebot3_msgs/include/turtlebot3_msgs/action/detail
[0.938s] -- Up-to-date: /catkin_ws/install/turtlebot3_msgs/include/turtlebot3_msgs/action/detail/patrol__rosidl_typesupport_fastrtps_c.h
[0.938s] -- Up-to-date: /catkin_ws/install/turtlebot3_msgs/lib/libturtlebot3_msgs__rosidl_typesupport_fastrtps_c.so
[0.938s] -- Up-to-date: /catkin_ws/install/turtlebot3_msgs/include/turtlebot3_msgs
[0.938s] -- Up-to-date: /catkin_ws/install/turtlebot3_msgs/include/turtlebot3_msgs/msg
[0.939s] -- Up-to-date: /catkin_ws/install/turtlebot3_msgs/include/turtlebot3_msgs/msg/detail
[0.939s] -- Up-to-date: /catkin_ws/install/turtlebot3_msgs/include/turtlebot3_msgs/msg/detail/sensor_state__rosidl_typesupport_fastrtps_cpp.hpp
[0.942s] -- Up-to-date: /catkin_ws/install/turtlebot3_msgs/include/turtlebot3_msgs/msg/detail/sound__rosidl_typesupport_fastrtps_cpp.hpp
[0.942s] -- Up-to-date: /catkin_ws/install/turtlebot3_msgs/include/turtlebot3_msgs/msg/detail/dds_fastrtps
[0.943s] -- Up-to-date: /catkin_ws/install/turtlebot3_msgs/include/turtlebot3_msgs/msg/detail/version_info__rosidl_typesupport_fastrtps_cpp.hpp
[0.943s] -- Up-to-date: /catkin_ws/install/turtlebot3_msgs/include/turtlebot3_msgs/msg/rosidl_typesupport_fastrtps_cpp__visibility_control.h
[0.943s] -- Up-to-date: /catkin_ws/install/turtlebot3_msgs/include/turtlebot3_msgs/srv
[0.944s] -- Up-to-date: /catkin_ws/install/turtlebot3_msgs/include/turtlebot3_msgs/srv/detail
[0.944s] -- Up-to-date: /catkin_ws/install/turtlebot3_msgs/include/turtlebot3_msgs/srv/detail/dqn__rosidl_typesupport_fastrtps_cpp.hpp
[0.945s] -- Up-to-date: /catkin_ws/install/turtlebot3_msgs/include/turtlebot3_msgs/srv/detail/sound__rosidl_typesupport_fastrtps_cpp.hpp
[0.945s] -- Up-to-date: /catkin_ws/install/turtlebot3_msgs/include/turtlebot3_msgs/srv/detail/dds_fastrtps
[0.946s] -- Up-to-date: /catkin_ws/install/turtlebot3_msgs/include/turtlebot3_msgs/action
[0.949s] -- Up-to-date: /catkin_ws/install/turtlebot3_msgs/include/turtlebot3_msgs/action/detail
[0.949s] -- Up-to-date: /catkin_ws/install/turtlebot3_msgs/include/turtlebot3_msgs/action/detail/dds_fastrtps
[0.950s] -- Up-to-date: /catkin_ws/install/turtlebot3_msgs/include/turtlebot3_msgs/action/detail/patrol__rosidl_typesupport_fastrtps_cpp.hpp
[0.950s] -- Up-to-date: /catkin_ws/install/turtlebot3_msgs/lib/libturtlebot3_msgs__rosidl_typesupport_fastrtps_cpp.so
[0.951s] -- Up-to-date: /catkin_ws/install/turtlebot3_msgs/include/turtlebot3_msgs
[0.951s] -- Up-to-date: /catkin_ws/install/turtlebot3_msgs/include/turtlebot3_msgs/msg
[0.952s] -- Up-to-date: /catkin_ws/install/turtlebot3_msgs/include/turtlebot3_msgs/msg/rosidl_typesupport_introspection_c__visibility_control.h
[0.952s] -- Up-to-date: /catkin_ws/install/turtlebot3_msgs/include/turtlebot3_msgs/msg/detail
[0.952s] -- Up-to-date: /catkin_ws/install/turtlebot3_msgs/include/turtlebot3_msgs/msg/detail/sound__rosidl_typesupport_introspection_c.h
[0.953s] -- Up-to-date: /catkin_ws/install/turtlebot3_msgs/include/turtlebot3_msgs/msg/detail/version_info__rosidl_typesupport_introspection_c.h
[0.953s] -- Up-to-date: /catkin_ws/install/turtlebot3_msgs/include/turtlebot3_msgs/msg/detail/sound__type_support.c
[0.953s] -- Up-to-date: /catkin_ws/install/turtlebot3_msgs/include/turtlebot3_msgs/msg/detail/version_info__type_support.c
[0.954s] -- Up-to-date: /catkin_ws/install/turtlebot3_msgs/include/turtlebot3_msgs/msg/detail/sensor_state__rosidl_typesupport_introspection_c.h
[0.954s] -- Up-to-date: /catkin_ws/install/turtlebot3_msgs/include/turtlebot3_msgs/msg/detail/sensor_state__type_support.c
[0.954s] -- Up-to-date: /catkin_ws/install/turtlebot3_msgs/include/turtlebot3_msgs/srv
[0.955s] -- Up-to-date: /catkin_ws/install/turtlebot3_msgs/include/turtlebot3_msgs/srv/detail
[0.958s] -- Up-to-date: /catkin_ws/install/turtlebot3_msgs/include/turtlebot3_msgs/srv/detail/sound__rosidl_typesupport_introspection_c.h
[0.959s] -- Up-to-date: /catkin_ws/install/turtlebot3_msgs/include/turtlebot3_msgs/srv/detail/dqn__type_support.c
[0.960s] -- Up-to-date: /catkin_ws/install/turtlebot3_msgs/include/turtlebot3_msgs/srv/detail/sound__type_support.c
[0.960s] -- Up-to-date: /catkin_ws/install/turtlebot3_msgs/include/turtlebot3_msgs/srv/detail/dqn__rosidl_typesupport_introspection_c.h
[0.960s] -- Up-to-date: /catkin_ws/install/turtlebot3_msgs/include/turtlebot3_msgs/action
[0.960s] -- Up-to-date: /catkin_ws/install/turtlebot3_msgs/include/turtlebot3_msgs/action/detail
[0.960s] -- Up-to-date: /catkin_ws/install/turtlebot3_msgs/include/turtlebot3_msgs/action/detail/patrol__rosidl_typesupport_introspection_c.h
[0.960s] -- Up-to-date: /catkin_ws/install/turtlebot3_msgs/include/turtlebot3_msgs/action/detail/patrol__type_support.c
[0.960s] -- Up-to-date: /catkin_ws/install/turtlebot3_msgs/lib/libturtlebot3_msgs__rosidl_typesupport_introspection_c.so
[0.960s] -- Up-to-date: /catkin_ws/install/turtlebot3_msgs/lib/libturtlebot3_msgs__rosidl_typesupport_c.so
[0.961s] -- Up-to-date: /catkin_ws/install/turtlebot3_msgs/include/turtlebot3_msgs
[0.961s] -- Up-to-date: /catkin_ws/install/turtlebot3_msgs/include/turtlebot3_msgs/msg
[0.961s] -- Up-to-date: /catkin_ws/install/turtlebot3_msgs/include/turtlebot3_msgs/msg/detail
[0.961s] -- Up-to-date: /catkin_ws/install/turtlebot3_msgs/include/turtlebot3_msgs/msg/detail/version_info__traits.hpp
[0.961s] -- Up-to-date: /catkin_ws/install/turtlebot3_msgs/include/turtlebot3_msgs/msg/detail/sound__builder.hpp
[0.961s] -- Up-to-date: /catkin_ws/install/turtlebot3_msgs/include/turtlebot3_msgs/msg/detail/version_info__builder.hpp
[0.962s] -- Up-to-date: /catkin_ws/install/turtlebot3_msgs/include/turtlebot3_msgs/msg/detail/sound__traits.hpp
[0.962s] -- Up-to-date: /catkin_ws/install/turtlebot3_msgs/include/turtlebot3_msgs/msg/detail/sound__struct.hpp
[0.962s] -- Up-to-date: /catkin_ws/install/turtlebot3_msgs/include/turtlebot3_msgs/msg/detail/sensor_state__traits.hpp
[0.962s] -- Up-to-date: /catkin_ws/install/turtlebot3_msgs/include/turtlebot3_msgs/msg/detail/sensor_state__struct.hpp
[0.962s] -- Up-to-date: /catkin_ws/install/turtlebot3_msgs/include/turtlebot3_msgs/msg/detail/sensor_state__builder.hpp
[0.963s] -- Up-to-date: /catkin_ws/install/turtlebot3_msgs/include/turtlebot3_msgs/msg/detail/version_info__struct.hpp
[0.963s] -- Up-to-date: /catkin_ws/install/turtlebot3_msgs/include/turtlebot3_msgs/msg/version_info.hpp
[0.963s] -- Up-to-date: /catkin_ws/install/turtlebot3_msgs/include/turtlebot3_msgs/msg/sensor_state.hpp
[0.963s] -- Up-to-date: /catkin_ws/install/turtlebot3_msgs/include/turtlebot3_msgs/msg/sound.hpp
[0.963s] -- Up-to-date: /catkin_ws/install/turtlebot3_msgs/include/turtlebot3_msgs/srv
[0.963s] -- Up-to-date: /catkin_ws/install/turtlebot3_msgs/include/turtlebot3_msgs/srv/dqn.hpp
[0.964s] -- Up-to-date: /catkin_ws/install/turtlebot3_msgs/include/turtlebot3_msgs/srv/detail
[0.964s] -- Up-to-date: /catkin_ws/install/turtlebot3_msgs/include/turtlebot3_msgs/srv/detail/dqn__builder.hpp
[0.964s] -- Up-to-date: /catkin_ws/install/turtlebot3_msgs/include/turtlebot3_msgs/srv/detail/sound__builder.hpp
[0.964s] -- Up-to-date: /catkin_ws/install/turtlebot3_msgs/include/turtlebot3_msgs/srv/detail/dqn__traits.hpp
[0.964s] -- Up-to-date: /catkin_ws/install/turtlebot3_msgs/include/turtlebot3_msgs/srv/detail/sound__traits.hpp
[0.964s] -- Up-to-date: /catkin_ws/install/turtlebot3_msgs/include/turtlebot3_msgs/srv/detail/sound__struct.hpp
[0.965s] -- Up-to-date: /catkin_ws/install/turtlebot3_msgs/include/turtlebot3_msgs/srv/detail/dqn__struct.hpp
[0.965s] -- Up-to-date: /catkin_ws/install/turtlebot3_msgs/include/turtlebot3_msgs/srv/sound.hpp
[0.965s] -- Up-to-date: /catkin_ws/install/turtlebot3_msgs/include/turtlebot3_msgs/action
[0.965s] -- Up-to-date: /catkin_ws/install/turtlebot3_msgs/include/turtlebot3_msgs/action/detail
[0.965s] -- Up-to-date: /catkin_ws/install/turtlebot3_msgs/include/turtlebot3_msgs/action/detail/patrol__traits.hpp
[0.965s] -- Up-to-date: /catkin_ws/install/turtlebot3_msgs/include/turtlebot3_msgs/action/detail/patrol__builder.hpp
[0.967s] -- Up-to-date: /catkin_ws/install/turtlebot3_msgs/include/turtlebot3_msgs/action/detail/patrol__struct.hpp
[0.967s] -- Up-to-date: /catkin_ws/install/turtlebot3_msgs/include/turtlebot3_msgs/action/patrol.hpp
[0.967s] -- Up-to-date: /catkin_ws/install/turtlebot3_msgs/include/turtlebot3_msgs
[0.968s] -- Up-to-date: /catkin_ws/install/turtlebot3_msgs/include/turtlebot3_msgs/msg
[0.968s] -- Up-to-date: /catkin_ws/install/turtlebot3_msgs/include/turtlebot3_msgs/msg/detail
[0.968s] -- Up-to-date: /catkin_ws/install/turtlebot3_msgs/include/turtlebot3_msgs/msg/detail/version_info__rosidl_typesupport_introspection_cpp.hpp
[0.969s] -- Up-to-date: /catkin_ws/install/turtlebot3_msgs/include/turtlebot3_msgs/msg/detail/version_info__type_support.cpp
[0.969s] -- Up-to-date: /catkin_ws/install/turtlebot3_msgs/include/turtlebot3_msgs/msg/detail/sound__rosidl_typesupport_introspection_cpp.hpp
[0.969s] -- Up-to-date: /catkin_ws/install/turtlebot3_msgs/include/turtlebot3_msgs/msg/detail/sensor_state__rosidl_typesupport_introspection_cpp.hpp
[0.971s] -- Up-to-date: /catkin_ws/install/turtlebot3_msgs/include/turtlebot3_msgs/msg/detail/sensor_state__type_support.cpp
[0.971s] -- Up-to-date: /catkin_ws/install/turtlebot3_msgs/include/turtlebot3_msgs/msg/detail/sound__type_support.cpp
[0.971s] -- Up-to-date: /catkin_ws/install/turtlebot3_msgs/include/turtlebot3_msgs/srv
[0.971s] -- Up-to-date: /catkin_ws/install/turtlebot3_msgs/include/turtlebot3_msgs/srv/detail
[0.971s] -- Up-to-date: /catkin_ws/install/turtlebot3_msgs/include/turtlebot3_msgs/srv/detail/dqn__rosidl_typesupport_introspection_cpp.hpp
[0.971s] -- Up-to-date: /catkin_ws/install/turtlebot3_msgs/include/turtlebot3_msgs/srv/detail/sound__rosidl_typesupport_introspection_cpp.hpp
[0.971s] -- Up-to-date: /catkin_ws/install/turtlebot3_msgs/include/turtlebot3_msgs/srv/detail/dqn__type_support.cpp
[0.971s] -- Up-to-date: /catkin_ws/install/turtlebot3_msgs/include/turtlebot3_msgs/srv/detail/sound__type_support.cpp
[0.971s] -- Up-to-date: /catkin_ws/install/turtlebot3_msgs/include/turtlebot3_msgs/action
[0.972s] -- Up-to-date: /catkin_ws/install/turtlebot3_msgs/include/turtlebot3_msgs/action/detail
[0.972s] -- Up-to-date: /catkin_ws/install/turtlebot3_msgs/include/turtlebot3_msgs/action/detail/patrol__type_support.cpp
[0.972s] -- Up-to-date: /catkin_ws/install/turtlebot3_msgs/include/turtlebot3_msgs/action/detail/patrol__rosidl_typesupport_introspection_cpp.hpp
[0.972s] -- Up-to-date: /catkin_ws/install/turtlebot3_msgs/lib/libturtlebot3_msgs__rosidl_typesupport_introspection_cpp.so
[0.972s] -- Up-to-date: /catkin_ws/install/turtlebot3_msgs/lib/libturtlebot3_msgs__rosidl_typesupport_cpp.so
[0.972s] -- Up-to-date: /catkin_ws/install/turtlebot3_msgs/share/turtlebot3_msgs/environment/pythonpath.sh
[0.972s] -- Up-to-date: /catkin_ws/install/turtlebot3_msgs/share/turtlebot3_msgs/environment/pythonpath.dsv
[0.972s] -- Up-to-date: /catkin_ws/install/turtlebot3_msgs/lib/python3.8/site-packages/turtlebot3_msgs/__init__.py
[0.981s] -- Up-to-date: /catkin_ws/install/turtlebot3_msgs/lib/python3.8/site-packages/turtlebot3_msgs/msg
[0.981s] -- Up-to-date: /catkin_ws/install/turtlebot3_msgs/lib/python3.8/site-packages/turtlebot3_msgs/msg/_sensor_state_s.c
[0.983s] -- Up-to-date: /catkin_ws/install/turtlebot3_msgs/lib/python3.8/site-packages/turtlebot3_msgs/msg/_version_info_s.c
[0.984s] -- Up-to-date: /catkin_ws/install/turtlebot3_msgs/lib/python3.8/site-packages/turtlebot3_msgs/msg/__init__.py
[0.984s] -- Up-to-date: /catkin_ws/install/turtlebot3_msgs/lib/python3.8/site-packages/turtlebot3_msgs/msg/_sound.py
[0.984s] -- Up-to-date: /catkin_ws/install/turtlebot3_msgs/lib/python3.8/site-packages/turtlebot3_msgs/msg/_sensor_state.py
[0.984s] -- Up-to-date: /catkin_ws/install/turtlebot3_msgs/lib/python3.8/site-packages/turtlebot3_msgs/msg/_sound_s.c
[0.985s] -- Up-to-date: /catkin_ws/install/turtlebot3_msgs/lib/python3.8/site-packages/turtlebot3_msgs/msg/_version_info.py
[0.985s] -- Up-to-date: /catkin_ws/install/turtlebot3_msgs/lib/python3.8/site-packages/turtlebot3_msgs/srv
[0.985s] -- Up-to-date: /catkin_ws/install/turtlebot3_msgs/lib/python3.8/site-packages/turtlebot3_msgs/srv/__init__.py
[0.985s] -- Up-to-date: /catkin_ws/install/turtlebot3_msgs/lib/python3.8/site-packages/turtlebot3_msgs/srv/_sound.py
[0.992s] -- Up-to-date: /catkin_ws/install/turtlebot3_msgs/lib/python3.8/site-packages/turtlebot3_msgs/srv/_dqn_s.c
[0.993s] -- Up-to-date: /catkin_ws/install/turtlebot3_msgs/lib/python3.8/site-packages/turtlebot3_msgs/srv/_dqn.py
[0.993s] -- Up-to-date: /catkin_ws/install/turtlebot3_msgs/lib/python3.8/site-packages/turtlebot3_msgs/srv/_sound_s.c
[0.993s] -- Up-to-date: /catkin_ws/install/turtlebot3_msgs/lib/python3.8/site-packages/turtlebot3_msgs/action
[0.993s] -- Up-to-date: /catkin_ws/install/turtlebot3_msgs/lib/python3.8/site-packages/turtlebot3_msgs/action/__init__.py
[0.993s] -- Up-to-date: /catkin_ws/install/turtlebot3_msgs/lib/python3.8/site-packages/turtlebot3_msgs/action/_patrol_s.c
[0.993s] -- Up-to-date: /catkin_ws/install/turtlebot3_msgs/lib/python3.8/site-packages/turtlebot3_msgs/action/_patrol.py
[0.993s] -- Up-to-date: /catkin_ws/install/turtlebot3_msgs/lib/python3.8/site-packages/turtlebot3_msgs/turtlebot3_msgs_s__rosidl_typesupport_fastrtps_c.cpython-38-x86_64-linux-gnu.so
[0.993s] -- Up-to-date: /catkin_ws/install/turtlebot3_msgs/lib/python3.8/site-packages/turtlebot3_msgs/turtlebot3_msgs_s__rosidl_typesupport_introspection_c.cpython-38-x86_64-linux-gnu.so
[0.993s] -- Up-to-date: /catkin_ws/install/turtlebot3_msgs/lib/python3.8/site-packages/turtlebot3_msgs/turtlebot3_msgs_s__rosidl_typesupport_c.cpython-38-x86_64-linux-gnu.so
[0.994s] -- Up-to-date: /catkin_ws/install/turtlebot3_msgs/lib/libturtlebot3_msgs__python.so
[0.994s] -- Up-to-date: /catkin_ws/install/turtlebot3_msgs/share/turtlebot3_msgs/msg/SensorState.idl
[0.994s] -- Up-to-date: /catkin_ws/install/turtlebot3_msgs/share/turtlebot3_msgs/msg/Sound.idl
[0.994s] -- Up-to-date: /catkin_ws/install/turtlebot3_msgs/share/turtlebot3_msgs/msg/VersionInfo.idl
[0.994s] -- Up-to-date: /catkin_ws/install/turtlebot3_msgs/share/turtlebot3_msgs/srv/Sound.idl
[0.994s] -- Up-to-date: /catkin_ws/install/turtlebot3_msgs/share/turtlebot3_msgs/srv/Dqn.idl
[0.995s] -- Up-to-date: /catkin_ws/install/turtlebot3_msgs/share/turtlebot3_msgs/action/Patrol.idl
[0.995s] -- Up-to-date: /catkin_ws/install/turtlebot3_msgs/share/turtlebot3_msgs/msg/SensorState.msg
[0.995s] -- Up-to-date: /catkin_ws/install/turtlebot3_msgs/share/turtlebot3_msgs/msg/Sound.msg
[0.995s] -- Up-to-date: /catkin_ws/install/turtlebot3_msgs/share/turtlebot3_msgs/msg/VersionInfo.msg
[0.995s] -- Up-to-date: /catkin_ws/install/turtlebot3_msgs/share/turtlebot3_msgs/srv/Sound.srv
[0.995s] -- Up-to-date: /catkin_ws/install/turtlebot3_msgs/share/turtlebot3_msgs/srv/Sound_Request.msg
[0.995s] -- Up-to-date: /catkin_ws/install/turtlebot3_msgs/share/turtlebot3_msgs/srv/Sound_Response.msg
[0.995s] -- Up-to-date: /catkin_ws/install/turtlebot3_msgs/share/turtlebot3_msgs/srv/Dqn.srv
[0.995s] -- Up-to-date: /catkin_ws/install/turtlebot3_msgs/share/turtlebot3_msgs/srv/Dqn_Request.msg
[0.996s] -- Up-to-date: /catkin_ws/install/turtlebot3_msgs/share/turtlebot3_msgs/srv/Dqn_Response.msg
[0.996s] -- Up-to-date: /catkin_ws/install/turtlebot3_msgs/share/turtlebot3_msgs/action/Patrol.action
[0.996s] -- Up-to-date: /catkin_ws/install/turtlebot3_msgs/share/ament_index/resource_index/package_run_dependencies/turtlebot3_msgs
[0.996s] -- Up-to-date: /catkin_ws/install/turtlebot3_msgs/share/ament_index/resource_index/parent_prefix_path/turtlebot3_msgs
[0.997s] -- Up-to-date: /catkin_ws/install/turtlebot3_msgs/share/turtlebot3_msgs/environment/ament_prefix_path.sh
[0.998s] -- Up-to-date: /catkin_ws/install/turtlebot3_msgs/share/turtlebot3_msgs/environment/ament_prefix_path.dsv
[0.999s] -- Up-to-date: /catkin_ws/install/turtlebot3_msgs/share/turtlebot3_msgs/environment/path.sh
[0.999s] -- Up-to-date: /catkin_ws/install/turtlebot3_msgs/share/turtlebot3_msgs/environment/path.dsv
[0.999s] -- Up-to-date: /catkin_ws/install/turtlebot3_msgs/share/turtlebot3_msgs/local_setup.bash
[1.000s] -- Up-to-date: /catkin_ws/install/turtlebot3_msgs/share/turtlebot3_msgs/local_setup.sh
[1.000s] -- Up-to-date: /catkin_ws/install/turtlebot3_msgs/share/turtlebot3_msgs/local_setup.zsh
[1.000s] -- Up-to-date: /catkin_ws/install/turtlebot3_msgs/share/turtlebot3_msgs/local_setup.dsv
[1.000s] -- Installing: /catkin_ws/install/turtlebot3_msgs/share/turtlebot3_msgs/package.dsv
[1.001s] -- Up-to-date: /catkin_ws/install/turtlebot3_msgs/share/ament_index/resource_index/packages/turtlebot3_msgs
[1.001s] -- Up-to-date: /catkin_ws/install/turtlebot3_msgs/share/turtlebot3_msgs/cmake/turtlebot3_msgs__rosidl_generator_cExport.cmake
[1.002s] -- Up-to-date: /catkin_ws/install/turtlebot3_msgs/share/turtlebot3_msgs/cmake/turtlebot3_msgs__rosidl_generator_cExport-noconfig.cmake
[1.002s] -- Up-to-date: /catkin_ws/install/turtlebot3_msgs/share/turtlebot3_msgs/cmake/turtlebot3_msgs__rosidl_typesupport_introspection_cExport.cmake
[1.003s] -- Up-to-date: /catkin_ws/install/turtlebot3_msgs/share/turtlebot3_msgs/cmake/turtlebot3_msgs__rosidl_typesupport_introspection_cExport-noconfig.cmake
[1.005s] -- Up-to-date: /catkin_ws/install/turtlebot3_msgs/share/turtlebot3_msgs/cmake/turtlebot3_msgs__rosidl_typesupport_cExport.cmake
[1.006s] -- Up-to-date: /catkin_ws/install/turtlebot3_msgs/share/turtlebot3_msgs/cmake/turtlebot3_msgs__rosidl_typesupport_cExport-noconfig.cmake
[1.006s] -- Up-to-date: /catkin_ws/install/turtlebot3_msgs/share/turtlebot3_msgs/cmake/turtlebot3_msgs__rosidl_generator_cppExport.cmake
[1.006s] -- Up-to-date: /catkin_ws/install/turtlebot3_msgs/share/turtlebot3_msgs/cmake/turtlebot3_msgs__rosidl_typesupport_introspection_cppExport.cmake
[1.006s] -- Up-to-date: /catkin_ws/install/turtlebot3_msgs/share/turtlebot3_msgs/cmake/turtlebot3_msgs__rosidl_typesupport_introspection_cppExport-noconfig.cmake
[1.007s] -- Up-to-date: /catkin_ws/install/turtlebot3_msgs/share/turtlebot3_msgs/cmake/turtlebot3_msgs__rosidl_typesupport_cppExport.cmake
[1.007s] -- Up-to-date: /catkin_ws/install/turtlebot3_msgs/share/turtlebot3_msgs/cmake/turtlebot3_msgs__rosidl_typesupport_cppExport-noconfig.cmake
[1.007s] -- Up-to-date: /catkin_ws/install/turtlebot3_msgs/share/turtlebot3_msgs/cmake/rosidl_cmake-extras.cmake
[1.008s] -- Up-to-date: /catkin_ws/install/turtlebot3_msgs/share/turtlebot3_msgs/cmake/ament_cmake_export_dependencies-extras.cmake
[1.008s] -- Up-to-date: /catkin_ws/install/turtlebot3_msgs/share/turtlebot3_msgs/cmake/ament_cmake_export_libraries-extras.cmake
[1.008s] -- Up-to-date: /catkin_ws/install/turtlebot3_msgs/share/turtlebot3_msgs/cmake/ament_cmake_export_targets-extras.cmake
[1.008s] -- Up-to-date: /catkin_ws/install/turtlebot3_msgs/share/turtlebot3_msgs/cmake/ament_cmake_export_include_directories-extras.cmake
[1.009s] -- Up-to-date: /catkin_ws/install/turtlebot3_msgs/share/turtlebot3_msgs/cmake/rosidl_cmake_export_typesupport_libraries-extras.cmake
[1.009s] -- Up-to-date: /catkin_ws/install/turtlebot3_msgs/share/turtlebot3_msgs/cmake/rosidl_cmake_export_typesupport_targets-extras.cmake
[1.009s] -- Up-to-date: /catkin_ws/install/turtlebot3_msgs/share/turtlebot3_msgs/cmake/turtlebot3_msgsConfig.cmake
[1.009s] -- Up-to-date: /catkin_ws/install/turtlebot3_msgs/share/turtlebot3_msgs/cmake/turtlebot3_msgsConfig-version.cmake
[1.010s] -- Up-to-date: /catkin_ws/install/turtlebot3_msgs/share/turtlebot3_msgs/package.xml
[1.061s] Invoked command in '/catkin_ws/build/turtlebot3_msgs' returned '0': CMAKE_PREFIX_PATH=${CMAKE_PREFIX_PATH}:/catkin_ws/install/turtlebot3_example:/catkin_ws/install/turtlebot3_teleop:/catkin_ws/install/fobo_simulation:/opt/ros/foxy /usr/bin/cmake --install /catkin_ws/build/turtlebot3_msgs
