[0.094s] Invoking command in '/catkin_ws/build/turtlebot3_description': CMAKE_PREFIX_PATH=${CMAKE_PREFIX_PATH}:/catkin_ws/install/turtlebot3_example:/catkin_ws/install/turtlebot3_teleop:/catkin_ws/install/fobo_simulation:/opt/ros/foxy /usr/bin/cmake /catkin_ws/src/turtlebot3/turtlebot3/turtlebot3_description -DCMAKE_INSTALL_PREFIX=/catkin_ws/install/turtlebot3_description
[0.626s] -- The C compiler identification is GNU 9.4.0
[0.626s] -- The CXX compiler identification is GNU 9.4.0
[0.627s] -- Check for working C compiler: /usr/bin/cc
[0.627s] -- Check for working C compiler: /usr/bin/cc -- works
[0.627s] -- Detecting C compiler ABI info
[0.771s] -- Detecting C compiler ABI info - done
[0.789s] -- Detecting C compile features
[0.789s] -- Detecting C compile features - done
[0.804s] -- Check for working CXX compiler: /usr/bin/c++
[1.001s] -- Check for working CXX compiler: /usr/bin/c++ -- works
[1.003s] -- Detecting CXX compiler ABI info
[1.197s] -- Detecting CXX compiler ABI info - done
[1.244s] -- Detecting CXX compile features
[1.245s] -- Detecting CXX compile features - done
[1.252s] -- Found ament_cmake: 0.9.11 (/opt/ros/foxy/share/ament_cmake/cmake)
[1.308s] -- Found PythonInterp: /usr/bin/python3 (found suitable version "3.8.10", minimum required is "3") 
[1.308s] -- Using PYTHON_EXECUTABLE: /usr/bin/python3
[1.772s] -- Found urdf: 2.4.0 (/opt/ros/foxy/share/urdf/cmake)
[1.997s] -- Configuring done
[2.004s] -- Generating done
[2.007s] -- Build files have been written to: /catkin_ws/build/turtlebot3_description
[2.029s] Invoked command in '/catkin_ws/build/turtlebot3_description' returned '0': CMAKE_PREFIX_PATH=${CMAKE_PREFIX_PATH}:/catkin_ws/install/turtlebot3_example:/catkin_ws/install/turtlebot3_teleop:/catkin_ws/install/fobo_simulation:/opt/ros/foxy /usr/bin/cmake /catkin_ws/src/turtlebot3/turtlebot3/turtlebot3_description -DCMAKE_INSTALL_PREFIX=/catkin_ws/install/turtlebot3_description
[2.031s] Invoking command in '/catkin_ws/build/turtlebot3_description': CMAKE_PREFIX_PATH=${CMAKE_PREFIX_PATH}:/catkin_ws/install/turtlebot3_example:/catkin_ws/install/turtlebot3_teleop:/catkin_ws/install/fobo_simulation:/opt/ros/foxy /usr/bin/cmake --build /catkin_ws/build/turtlebot3_description -- -j8 -l8
[2.126s] Invoked command in '/catkin_ws/build/turtlebot3_description' returned '0': CMAKE_PREFIX_PATH=${CMAKE_PREFIX_PATH}:/catkin_ws/install/turtlebot3_example:/catkin_ws/install/turtlebot3_teleop:/catkin_ws/install/fobo_simulation:/opt/ros/foxy /usr/bin/cmake --build /catkin_ws/build/turtlebot3_description -- -j8 -l8
[2.978s] Invoking command in '/catkin_ws/build/turtlebot3_description': CMAKE_PREFIX_PATH=${CMAKE_PREFIX_PATH}:/catkin_ws/install/turtlebot3_example:/catkin_ws/install/turtlebot3_teleop:/catkin_ws/install/fobo_simulation:/opt/ros/foxy /usr/bin/cmake --install /catkin_ws/build/turtlebot3_description
[3.015s] -- Install configuration: ""
[3.015s] -- Installing: /catkin_ws/install/turtlebot3_description/share/turtlebot3_description/meshes
[3.017s] -- Installing: /catkin_ws/install/turtlebot3_description/share/turtlebot3_description/meshes/wheels
[3.018s] -- Installing: /catkin_ws/install/turtlebot3_description/share/turtlebot3_description/meshes/wheels/left_tire.stl
[3.024s] -- Installing: /catkin_ws/install/turtlebot3_description/share/turtlebot3_description/meshes/wheels/right_tire.stl
[3.044s] -- Installing: /catkin_ws/install/turtlebot3_description/share/turtlebot3_description/meshes/bases
[3.045s] -- Installing: /catkin_ws/install/turtlebot3_description/share/turtlebot3_description/meshes/bases/waffle_pi_base.stl
[3.077s] -- Installing: /catkin_ws/install/turtlebot3_description/share/turtlebot3_description/meshes/bases/waffle_base.stl
[3.121s] -- Installing: /catkin_ws/install/turtlebot3_description/share/turtlebot3_description/meshes/bases/burger_base.stl
[3.154s] -- Installing: /catkin_ws/install/turtlebot3_description/share/turtlebot3_description/meshes/sensors
[3.154s] -- Installing: /catkin_ws/install/turtlebot3_description/share/turtlebot3_description/meshes/sensors/r200.dae
[3.154s] -- Installing: /catkin_ws/install/turtlebot3_description/share/turtlebot3_description/meshes/sensors/r200.jpg
[3.154s] -- Installing: /catkin_ws/install/turtlebot3_description/share/turtlebot3_description/meshes/sensors/lds.stl
[3.154s] -- Installing: /catkin_ws/install/turtlebot3_description/share/turtlebot3_description/meshes/sensors/astra.jpg
[3.155s] -- Installing: /catkin_ws/install/turtlebot3_description/share/turtlebot3_description/meshes/sensors/astra.dae
[3.168s] -- Installing: /catkin_ws/install/turtlebot3_description/share/turtlebot3_description/rviz
[3.170s] -- Installing: /catkin_ws/install/turtlebot3_description/share/turtlebot3_description/rviz/model.rviz
[3.172s] -- Installing: /catkin_ws/install/turtlebot3_description/share/turtlebot3_description/urdf
[3.173s] -- Installing: /catkin_ws/install/turtlebot3_description/share/turtlebot3_description/urdf/turtlebot3_waffle_pi.urdf
[3.175s] -- Installing: /catkin_ws/install/turtlebot3_description/share/turtlebot3_description/urdf/common_properties.urdf
[3.177s] -- Installing: /catkin_ws/install/turtlebot3_description/share/turtlebot3_description/urdf/turtlebot3_burger.urdf
[3.179s] -- Installing: /catkin_ws/install/turtlebot3_description/share/turtlebot3_description/urdf/turtlebot3_waffle.urdf
[3.181s] -- Installing: /catkin_ws/install/turtlebot3_description/share/ament_index/resource_index/package_run_dependencies/turtlebot3_description
[3.182s] -- Installing: /catkin_ws/install/turtlebot3_description/share/ament_index/resource_index/parent_prefix_path/turtlebot3_description
[3.186s] -- Installing: /catkin_ws/install/turtlebot3_description/share/turtlebot3_description/environment/ament_prefix_path.sh
[3.189s] -- Installing: /catkin_ws/install/turtlebot3_description/share/turtlebot3_description/environment/ament_prefix_path.dsv
[3.189s] -- Installing: /catkin_ws/install/turtlebot3_description/share/turtlebot3_description/environment/path.sh
[3.196s] -- Installing: /catkin_ws/install/turtlebot3_description/share/turtlebot3_description/environment/path.dsv
[3.197s] -- Installing: /catkin_ws/install/turtlebot3_description/share/turtlebot3_description/local_setup.bash
[3.197s] -- Installing: /catkin_ws/install/turtlebot3_description/share/turtlebot3_description/local_setup.sh
[3.197s] -- Installing: /catkin_ws/install/turtlebot3_description/share/turtlebot3_description/local_setup.zsh
[3.197s] -- Installing: /catkin_ws/install/turtlebot3_description/share/turtlebot3_description/local_setup.dsv
[3.198s] -- Installing: /catkin_ws/install/turtlebot3_description/share/turtlebot3_description/package.dsv
[3.202s] -- Installing: /catkin_ws/install/turtlebot3_description/share/ament_index/resource_index/packages/turtlebot3_description
[3.202s] -- Installing: /catkin_ws/install/turtlebot3_description/share/turtlebot3_description/cmake/turtlebot3_descriptionConfig.cmake
[3.203s] -- Installing: /catkin_ws/install/turtlebot3_description/share/turtlebot3_description/cmake/turtlebot3_descriptionConfig-version.cmake
[3.204s] -- Installing: /catkin_ws/install/turtlebot3_description/share/turtlebot3_description/package.xml
[3.278s] Invoked command in '/catkin_ws/build/turtlebot3_description' returned '0': CMAKE_PREFIX_PATH=${CMAKE_PREFIX_PATH}:/catkin_ws/install/turtlebot3_example:/catkin_ws/install/turtlebot3_teleop:/catkin_ws/install/fobo_simulation:/opt/ros/foxy /usr/bin/cmake --install /catkin_ws/build/turtlebot3_description
