[0.119s] Invoking command in '/catkin_ws/build/turtlebot3_msgs': CMAKE_PREFIX_PATH=${CMAKE_PREFIX_PATH}:/catkin_ws/install/turtlebot3_example:/catkin_ws/install/turtlebot3_teleop:/catkin_ws/install/fobo_simulation:/opt/ros/foxy /usr/bin/cmake --build /catkin_ws/build/turtlebot3_msgs -- -j8 -l8
[0.529s] [  1%] Built target turtlebot3_msgs__cpp
[0.531s] [ 12%] Built target turtlebot3_msgs__rosidl_generator_c
[0.532s] [ 23%] Built target turtlebot3_msgs__rosidl_typesupport_cpp
[0.533s] [ 35%] Built target turtlebot3_msgs__rosidl_typesupport_c
[0.534s] [ 46%] Built target turtlebot3_msgs__rosidl_typesupport_introspection_cpp
[0.535s] [ 57%] Built target turtlebot3_msgs__rosidl_typesupport_fastrtps_cpp
[0.536s] [ 69%] Built target turtlebot3_msgs__rosidl_typesupport_introspection_c
[0.537s] [ 80%] Built target turtlebot3_msgs__rosidl_typesupport_fastrtps_c
[0.546s] [ 80%] Built target turtlebot3_msgs
[0.550s] [ 81%] Built target turtlebot3_msgs__py
[0.553s] [ 91%] Built target turtlebot3_msgs__python
[0.557s] [ 94%] Built target turtlebot3_msgs__rosidl_typesupport_c__pyext
[0.558s] [ 97%] Built target turtlebot3_msgs__rosidl_typesupport_fastrtps_c__pyext
[0.558s] [100%] Built target turtlebot3_msgs__rosidl_typesupport_introspection_c__pyext
[0.602s] Invoked command in '/catkin_ws/build/turtlebot3_msgs' returned '0': CMAKE_PREFIX_PATH=${CMAKE_PREFIX_PATH}:/catkin_ws/install/turtlebot3_example:/catkin_ws/install/turtlebot3_teleop:/catkin_ws/install/fobo_simulation:/opt/ros/foxy /usr/bin/cmake --build /catkin_ws/build/turtlebot3_msgs -- -j8 -l8
[0.851s] Invoking command in '/catkin_ws/build/turtlebot3_msgs': CMAKE_PREFIX_PATH=${CMAKE_PREFIX_PATH}:/catkin_ws/install/turtlebot3_example:/catkin_ws/install/turtlebot3_teleop:/catkin_ws/install/fobo_simulation:/opt/ros/foxy /usr/bin/cmake --install /catkin_ws/build/turtlebot3_msgs
[0.928s] -- Install configuration: ""
[0.928s] -- Installing: /catkin_ws/install/turtlebot3_msgs/share/ament_index/resource_index/rosidl_interfaces/turtlebot3_msgs
[0.928s] -- Installing: /catkin_ws/install/turtlebot3_msgs/include/turtlebot3_msgs
[0.929s] -- Installing: /catkin_ws/install/turtlebot3_msgs/include/turtlebot3_msgs/msg
[0.929s] -- Installing: /catkin_ws/install/turtlebot3_msgs/include/turtlebot3_msgs/msg/sensor_state.h
[0.929s] -- Installing: /catkin_ws/install/turtlebot3_msgs/include/turtlebot3_msgs/msg/detail
[0.930s] -- Installing: /catkin_ws/install/turtlebot3_msgs/include/turtlebot3_msgs/msg/detail/sensor_state__functions.c
[0.930s] -- Installing: /catkin_ws/install/turtlebot3_msgs/include/turtlebot3_msgs/msg/detail/sound__functions.h
[0.930s] -- Installing: /catkin_ws/install/turtlebot3_msgs/include/turtlebot3_msgs/msg/detail/version_info__functions.h
[0.931s] -- Installing: /catkin_ws/install/turtlebot3_msgs/include/turtlebot3_msgs/msg/detail/sound__functions.c
[0.931s] -- Installing: /catkin_ws/install/turtlebot3_msgs/include/turtlebot3_msgs/msg/detail/sound__type_support.h
[0.932s] -- Installing: /catkin_ws/install/turtlebot3_msgs/include/turtlebot3_msgs/msg/detail/sensor_state__functions.h
[0.932s] -- Installing: /catkin_ws/install/turtlebot3_msgs/include/turtlebot3_msgs/msg/detail/sensor_state__struct.h
[0.933s] -- Installing: /catkin_ws/install/turtlebot3_msgs/include/turtlebot3_msgs/msg/detail/version_info__functions.c
[0.933s] -- Installing: /catkin_ws/install/turtlebot3_msgs/include/turtlebot3_msgs/msg/detail/version_info__struct.h
[0.936s] -- Installing: /catkin_ws/install/turtlebot3_msgs/include/turtlebot3_msgs/msg/detail/sensor_state__type_support.h
[0.937s] -- Installing: /catkin_ws/install/turtlebot3_msgs/include/turtlebot3_msgs/msg/detail/version_info__type_support.h
[0.939s] -- Installing: /catkin_ws/install/turtlebot3_msgs/include/turtlebot3_msgs/msg/detail/sound__struct.h
[0.939s] -- Installing: /catkin_ws/install/turtlebot3_msgs/include/turtlebot3_msgs/msg/rosidl_generator_c__visibility_control.h
[0.940s] -- Installing: /catkin_ws/install/turtlebot3_msgs/include/turtlebot3_msgs/msg/version_info.h
[0.940s] -- Installing: /catkin_ws/install/turtlebot3_msgs/include/turtlebot3_msgs/msg/sound.h
[0.941s] -- Installing: /catkin_ws/install/turtlebot3_msgs/include/turtlebot3_msgs/srv
[0.941s] -- Installing: /catkin_ws/install/turtlebot3_msgs/include/turtlebot3_msgs/srv/detail
[0.946s] -- Installing: /catkin_ws/install/turtlebot3_msgs/include/turtlebot3_msgs/srv/detail/sound__functions.h
[0.947s] -- Installing: /catkin_ws/install/turtlebot3_msgs/include/turtlebot3_msgs/srv/detail/dqn__type_support.h
[0.947s] -- Installing: /catkin_ws/install/turtlebot3_msgs/include/turtlebot3_msgs/srv/detail/sound__functions.c
[0.947s] -- Installing: /catkin_ws/install/turtlebot3_msgs/include/turtlebot3_msgs/srv/detail/sound__type_support.h
[0.947s] -- Installing: /catkin_ws/install/turtlebot3_msgs/include/turtlebot3_msgs/srv/detail/dqn__struct.h
[0.948s] -- Installing: /catkin_ws/install/turtlebot3_msgs/include/turtlebot3_msgs/srv/detail/dqn__functions.h
[0.948s] -- Installing: /catkin_ws/install/turtlebot3_msgs/include/turtlebot3_msgs/srv/detail/sound__struct.h
[0.948s] -- Installing: /catkin_ws/install/turtlebot3_msgs/include/turtlebot3_msgs/srv/detail/dqn__functions.c
[0.949s] -- Installing: /catkin_ws/install/turtlebot3_msgs/include/turtlebot3_msgs/srv/dqn.h
[0.949s] -- Installing: /catkin_ws/install/turtlebot3_msgs/include/turtlebot3_msgs/srv/sound.h
[0.949s] -- Installing: /catkin_ws/install/turtlebot3_msgs/include/turtlebot3_msgs/action
[0.949s] -- Installing: /catkin_ws/install/turtlebot3_msgs/include/turtlebot3_msgs/action/patrol.h
[0.950s] -- Installing: /catkin_ws/install/turtlebot3_msgs/include/turtlebot3_msgs/action/detail
[0.950s] -- Installing: /catkin_ws/install/turtlebot3_msgs/include/turtlebot3_msgs/action/detail/patrol__functions.c
[0.950s] -- Installing: /catkin_ws/install/turtlebot3_msgs/include/turtlebot3_msgs/action/detail/patrol__struct.h
[0.951s] -- Installing: /catkin_ws/install/turtlebot3_msgs/include/turtlebot3_msgs/action/detail/patrol__functions.h
[0.951s] -- Installing: /catkin_ws/install/turtlebot3_msgs/include/turtlebot3_msgs/action/detail/patrol__type_support.h
[0.952s] -- Installing: /catkin_ws/install/turtlebot3_msgs/share/turtlebot3_msgs/environment/library_path.sh
[0.977s] -- Installing: /catkin_ws/install/turtlebot3_msgs/share/turtlebot3_msgs/environment/library_path.dsv
[0.978s] -- Installing: /catkin_ws/install/turtlebot3_msgs/lib/libturtlebot3_msgs__rosidl_generator_c.so
[0.978s] -- Set runtime path of "/catkin_ws/install/turtlebot3_msgs/lib/libturtlebot3_msgs__rosidl_generator_c.so" to ""
[0.979s] -- Up-to-date: /catkin_ws/install/turtlebot3_msgs/include/turtlebot3_msgs
[0.979s] -- Up-to-date: /catkin_ws/install/turtlebot3_msgs/include/turtlebot3_msgs/msg
[0.980s] -- Installing: /catkin_ws/install/turtlebot3_msgs/include/turtlebot3_msgs/msg/rosidl_typesupport_fastrtps_c__visibility_control.h
[0.983s] -- Up-to-date: /catkin_ws/install/turtlebot3_msgs/include/turtlebot3_msgs/msg/detail
[0.983s] -- Installing: /catkin_ws/install/turtlebot3_msgs/include/turtlebot3_msgs/msg/detail/sensor_state__rosidl_typesupport_fastrtps_c.h
[0.984s] -- Installing: /catkin_ws/install/turtlebot3_msgs/include/turtlebot3_msgs/msg/detail/sound__rosidl_typesupport_fastrtps_c.h
[0.984s] -- Installing: /catkin_ws/install/turtlebot3_msgs/include/turtlebot3_msgs/msg/detail/version_info__rosidl_typesupport_fastrtps_c.h
[0.984s] -- Up-to-date: /catkin_ws/install/turtlebot3_msgs/include/turtlebot3_msgs/srv
[0.985s] -- Up-to-date: /catkin_ws/install/turtlebot3_msgs/include/turtlebot3_msgs/srv/detail
[0.985s] -- Installing: /catkin_ws/install/turtlebot3_msgs/include/turtlebot3_msgs/srv/detail/sound__rosidl_typesupport_fastrtps_c.h
[0.986s] -- Installing: /catkin_ws/install/turtlebot3_msgs/include/turtlebot3_msgs/srv/detail/dqn__rosidl_typesupport_fastrtps_c.h
[0.986s] -- Up-to-date: /catkin_ws/install/turtlebot3_msgs/include/turtlebot3_msgs/action
[0.988s] -- Up-to-date: /catkin_ws/install/turtlebot3_msgs/include/turtlebot3_msgs/action/detail
[0.989s] -- Installing: /catkin_ws/install/turtlebot3_msgs/include/turtlebot3_msgs/action/detail/patrol__rosidl_typesupport_fastrtps_c.h
[0.989s] -- Installing: /catkin_ws/install/turtlebot3_msgs/lib/libturtlebot3_msgs__rosidl_typesupport_fastrtps_c.so
[0.989s] -- Set runtime path of "/catkin_ws/install/turtlebot3_msgs/lib/libturtlebot3_msgs__rosidl_typesupport_fastrtps_c.so" to ""
[0.989s] -- Up-to-date: /catkin_ws/install/turtlebot3_msgs/include/turtlebot3_msgs
[0.989s] -- Up-to-date: /catkin_ws/install/turtlebot3_msgs/include/turtlebot3_msgs/msg
[0.990s] -- Up-to-date: /catkin_ws/install/turtlebot3_msgs/include/turtlebot3_msgs/msg/detail
[0.990s] -- Installing: /catkin_ws/install/turtlebot3_msgs/include/turtlebot3_msgs/msg/detail/sensor_state__rosidl_typesupport_fastrtps_cpp.hpp
[0.990s] -- Installing: /catkin_ws/install/turtlebot3_msgs/include/turtlebot3_msgs/msg/detail/sound__rosidl_typesupport_fastrtps_cpp.hpp
[0.990s] -- Installing: /catkin_ws/install/turtlebot3_msgs/include/turtlebot3_msgs/msg/detail/dds_fastrtps
[0.991s] -- Installing: /catkin_ws/install/turtlebot3_msgs/include/turtlebot3_msgs/msg/detail/version_info__rosidl_typesupport_fastrtps_cpp.hpp
[0.991s] -- Installing: /catkin_ws/install/turtlebot3_msgs/include/turtlebot3_msgs/msg/rosidl_typesupport_fastrtps_cpp__visibility_control.h
[0.991s] -- Up-to-date: /catkin_ws/install/turtlebot3_msgs/include/turtlebot3_msgs/srv
[0.991s] -- Up-to-date: /catkin_ws/install/turtlebot3_msgs/include/turtlebot3_msgs/srv/detail
[0.992s] -- Installing: /catkin_ws/install/turtlebot3_msgs/include/turtlebot3_msgs/srv/detail/dqn__rosidl_typesupport_fastrtps_cpp.hpp
[0.992s] -- Installing: /catkin_ws/install/turtlebot3_msgs/include/turtlebot3_msgs/srv/detail/sound__rosidl_typesupport_fastrtps_cpp.hpp
[0.992s] -- Installing: /catkin_ws/install/turtlebot3_msgs/include/turtlebot3_msgs/srv/detail/dds_fastrtps
[0.992s] -- Up-to-date: /catkin_ws/install/turtlebot3_msgs/include/turtlebot3_msgs/action
[0.992s] -- Up-to-date: /catkin_ws/install/turtlebot3_msgs/include/turtlebot3_msgs/action/detail
[0.993s] -- Installing: /catkin_ws/install/turtlebot3_msgs/include/turtlebot3_msgs/action/detail/dds_fastrtps
[0.993s] -- Installing: /catkin_ws/install/turtlebot3_msgs/include/turtlebot3_msgs/action/detail/patrol__rosidl_typesupport_fastrtps_cpp.hpp
[0.993s] -- Installing: /catkin_ws/install/turtlebot3_msgs/lib/libturtlebot3_msgs__rosidl_typesupport_fastrtps_cpp.so
[0.993s] -- Set runtime path of "/catkin_ws/install/turtlebot3_msgs/lib/libturtlebot3_msgs__rosidl_typesupport_fastrtps_cpp.so" to ""
[0.995s] -- Up-to-date: /catkin_ws/install/turtlebot3_msgs/include/turtlebot3_msgs
[0.995s] -- Up-to-date: /catkin_ws/install/turtlebot3_msgs/include/turtlebot3_msgs/msg
[0.996s] -- Installing: /catkin_ws/install/turtlebot3_msgs/include/turtlebot3_msgs/msg/rosidl_typesupport_introspection_c__visibility_control.h
[0.996s] -- Up-to-date: /catkin_ws/install/turtlebot3_msgs/include/turtlebot3_msgs/msg/detail
[0.997s] -- Installing: /catkin_ws/install/turtlebot3_msgs/include/turtlebot3_msgs/msg/detail/sound__rosidl_typesupport_introspection_c.h
[0.998s] -- Installing: /catkin_ws/install/turtlebot3_msgs/include/turtlebot3_msgs/msg/detail/version_info__rosidl_typesupport_introspection_c.h
[0.998s] -- Installing: /catkin_ws/install/turtlebot3_msgs/include/turtlebot3_msgs/msg/detail/sound__type_support.c
[0.998s] -- Installing: /catkin_ws/install/turtlebot3_msgs/include/turtlebot3_msgs/msg/detail/version_info__type_support.c
[0.998s] -- Installing: /catkin_ws/install/turtlebot3_msgs/include/turtlebot3_msgs/msg/detail/sensor_state__rosidl_typesupport_introspection_c.h
[0.998s] -- Installing: /catkin_ws/install/turtlebot3_msgs/include/turtlebot3_msgs/msg/detail/sensor_state__type_support.c
[0.999s] -- Up-to-date: /catkin_ws/install/turtlebot3_msgs/include/turtlebot3_msgs/srv
[0.999s] -- Up-to-date: /catkin_ws/install/turtlebot3_msgs/include/turtlebot3_msgs/srv/detail
[0.999s] -- Installing: /catkin_ws/install/turtlebot3_msgs/include/turtlebot3_msgs/srv/detail/sound__rosidl_typesupport_introspection_c.h
[0.999s] -- Installing: /catkin_ws/install/turtlebot3_msgs/include/turtlebot3_msgs/srv/detail/dqn__type_support.c
[1.000s] -- Installing: /catkin_ws/install/turtlebot3_msgs/include/turtlebot3_msgs/srv/detail/sound__type_support.c
[1.000s] -- Installing: /catkin_ws/install/turtlebot3_msgs/include/turtlebot3_msgs/srv/detail/dqn__rosidl_typesupport_introspection_c.h
[1.000s] -- Up-to-date: /catkin_ws/install/turtlebot3_msgs/include/turtlebot3_msgs/action
[1.000s] -- Up-to-date: /catkin_ws/install/turtlebot3_msgs/include/turtlebot3_msgs/action/detail
[1.000s] -- Installing: /catkin_ws/install/turtlebot3_msgs/include/turtlebot3_msgs/action/detail/patrol__rosidl_typesupport_introspection_c.h
[1.000s] -- Installing: /catkin_ws/install/turtlebot3_msgs/include/turtlebot3_msgs/action/detail/patrol__type_support.c
[1.001s] -- Installing: /catkin_ws/install/turtlebot3_msgs/lib/libturtlebot3_msgs__rosidl_typesupport_introspection_c.so
[1.001s] -- Set runtime path of "/catkin_ws/install/turtlebot3_msgs/lib/libturtlebot3_msgs__rosidl_typesupport_introspection_c.so" to ""
[1.001s] -- Installing: /catkin_ws/install/turtlebot3_msgs/lib/libturtlebot3_msgs__rosidl_typesupport_c.so
[1.001s] -- Set runtime path of "/catkin_ws/install/turtlebot3_msgs/lib/libturtlebot3_msgs__rosidl_typesupport_c.so" to ""
[1.001s] -- Up-to-date: /catkin_ws/install/turtlebot3_msgs/include/turtlebot3_msgs
[1.001s] -- Up-to-date: /catkin_ws/install/turtlebot3_msgs/include/turtlebot3_msgs/msg
[1.002s] -- Up-to-date: /catkin_ws/install/turtlebot3_msgs/include/turtlebot3_msgs/msg/detail
[1.002s] -- Installing: /catkin_ws/install/turtlebot3_msgs/include/turtlebot3_msgs/msg/detail/version_info__traits.hpp
[1.002s] -- Installing: /catkin_ws/install/turtlebot3_msgs/include/turtlebot3_msgs/msg/detail/sound__builder.hpp
[1.002s] -- Installing: /catkin_ws/install/turtlebot3_msgs/include/turtlebot3_msgs/msg/detail/version_info__builder.hpp
[1.002s] -- Installing: /catkin_ws/install/turtlebot3_msgs/include/turtlebot3_msgs/msg/detail/sound__traits.hpp
[1.002s] -- Installing: /catkin_ws/install/turtlebot3_msgs/include/turtlebot3_msgs/msg/detail/sound__struct.hpp
[1.002s] -- Installing: /catkin_ws/install/turtlebot3_msgs/include/turtlebot3_msgs/msg/detail/sensor_state__traits.hpp
[1.003s] -- Installing: /catkin_ws/install/turtlebot3_msgs/include/turtlebot3_msgs/msg/detail/sensor_state__struct.hpp
[1.003s] -- Installing: /catkin_ws/install/turtlebot3_msgs/include/turtlebot3_msgs/msg/detail/sensor_state__builder.hpp
[1.003s] -- Installing: /catkin_ws/install/turtlebot3_msgs/include/turtlebot3_msgs/msg/detail/version_info__struct.hpp
[1.003s] -- Installing: /catkin_ws/install/turtlebot3_msgs/include/turtlebot3_msgs/msg/version_info.hpp
[1.004s] -- Installing: /catkin_ws/install/turtlebot3_msgs/include/turtlebot3_msgs/msg/sensor_state.hpp
[1.004s] -- Installing: /catkin_ws/install/turtlebot3_msgs/include/turtlebot3_msgs/msg/sound.hpp
[1.004s] -- Up-to-date: /catkin_ws/install/turtlebot3_msgs/include/turtlebot3_msgs/srv
[1.004s] -- Installing: /catkin_ws/install/turtlebot3_msgs/include/turtlebot3_msgs/srv/dqn.hpp
[1.004s] -- Up-to-date: /catkin_ws/install/turtlebot3_msgs/include/turtlebot3_msgs/srv/detail
[1.004s] -- Installing: /catkin_ws/install/turtlebot3_msgs/include/turtlebot3_msgs/srv/detail/dqn__builder.hpp
[1.004s] -- Installing: /catkin_ws/install/turtlebot3_msgs/include/turtlebot3_msgs/srv/detail/sound__builder.hpp
[1.004s] -- Installing: /catkin_ws/install/turtlebot3_msgs/include/turtlebot3_msgs/srv/detail/dqn__traits.hpp
[1.005s] -- Installing: /catkin_ws/install/turtlebot3_msgs/include/turtlebot3_msgs/srv/detail/sound__traits.hpp
[1.005s] -- Installing: /catkin_ws/install/turtlebot3_msgs/include/turtlebot3_msgs/srv/detail/sound__struct.hpp
[1.005s] -- Installing: /catkin_ws/install/turtlebot3_msgs/include/turtlebot3_msgs/srv/detail/dqn__struct.hpp
[1.005s] -- Installing: /catkin_ws/install/turtlebot3_msgs/include/turtlebot3_msgs/srv/sound.hpp
[1.005s] -- Up-to-date: /catkin_ws/install/turtlebot3_msgs/include/turtlebot3_msgs/action
[1.006s] -- Up-to-date: /catkin_ws/install/turtlebot3_msgs/include/turtlebot3_msgs/action/detail
[1.006s] -- Installing: /catkin_ws/install/turtlebot3_msgs/include/turtlebot3_msgs/action/detail/patrol__traits.hpp
[1.006s] -- Installing: /catkin_ws/install/turtlebot3_msgs/include/turtlebot3_msgs/action/detail/patrol__builder.hpp
[1.006s] -- Installing: /catkin_ws/install/turtlebot3_msgs/include/turtlebot3_msgs/action/detail/patrol__struct.hpp
[1.006s] -- Installing: /catkin_ws/install/turtlebot3_msgs/include/turtlebot3_msgs/action/patrol.hpp
[1.006s] -- Up-to-date: /catkin_ws/install/turtlebot3_msgs/include/turtlebot3_msgs
[1.007s] -- Up-to-date: /catkin_ws/install/turtlebot3_msgs/include/turtlebot3_msgs/msg
[1.007s] -- Up-to-date: /catkin_ws/install/turtlebot3_msgs/include/turtlebot3_msgs/msg/detail
[1.007s] -- Installing: /catkin_ws/install/turtlebot3_msgs/include/turtlebot3_msgs/msg/detail/version_info__rosidl_typesupport_introspection_cpp.hpp
[1.007s] -- Installing: /catkin_ws/install/turtlebot3_msgs/include/turtlebot3_msgs/msg/detail/version_info__type_support.cpp
[1.007s] -- Installing: /catkin_ws/install/turtlebot3_msgs/include/turtlebot3_msgs/msg/detail/sound__rosidl_typesupport_introspection_cpp.hpp
[1.008s] -- Installing: /catkin_ws/install/turtlebot3_msgs/include/turtlebot3_msgs/msg/detail/sensor_state__rosidl_typesupport_introspection_cpp.hpp
[1.008s] -- Installing: /catkin_ws/install/turtlebot3_msgs/include/turtlebot3_msgs/msg/detail/sensor_state__type_support.cpp
[1.009s] -- Installing: /catkin_ws/install/turtlebot3_msgs/include/turtlebot3_msgs/msg/detail/sound__type_support.cpp
[1.009s] -- Up-to-date: /catkin_ws/install/turtlebot3_msgs/include/turtlebot3_msgs/srv
[1.009s] -- Up-to-date: /catkin_ws/install/turtlebot3_msgs/include/turtlebot3_msgs/srv/detail
[1.010s] -- Installing: /catkin_ws/install/turtlebot3_msgs/include/turtlebot3_msgs/srv/detail/dqn__rosidl_typesupport_introspection_cpp.hpp
[1.012s] -- Installing: /catkin_ws/install/turtlebot3_msgs/include/turtlebot3_msgs/srv/detail/sound__rosidl_typesupport_introspection_cpp.hpp
[1.013s] -- Installing: /catkin_ws/install/turtlebot3_msgs/include/turtlebot3_msgs/srv/detail/dqn__type_support.cpp
[1.014s] -- Installing: /catkin_ws/install/turtlebot3_msgs/include/turtlebot3_msgs/srv/detail/sound__type_support.cpp
[1.014s] -- Up-to-date: /catkin_ws/install/turtlebot3_msgs/include/turtlebot3_msgs/action
[1.016s] -- Up-to-date: /catkin_ws/install/turtlebot3_msgs/include/turtlebot3_msgs/action/detail
[1.017s] -- Installing: /catkin_ws/install/turtlebot3_msgs/include/turtlebot3_msgs/action/detail/patrol__type_support.cpp
[1.025s] -- Installing: /catkin_ws/install/turtlebot3_msgs/include/turtlebot3_msgs/action/detail/patrol__rosidl_typesupport_introspection_cpp.hpp
[1.025s] -- Installing: /catkin_ws/install/turtlebot3_msgs/lib/libturtlebot3_msgs__rosidl_typesupport_introspection_cpp.so
[1.025s] -- Set runtime path of "/catkin_ws/install/turtlebot3_msgs/lib/libturtlebot3_msgs__rosidl_typesupport_introspection_cpp.so" to ""
[1.025s] -- Installing: /catkin_ws/install/turtlebot3_msgs/lib/libturtlebot3_msgs__rosidl_typesupport_cpp.so
[1.026s] -- Set runtime path of "/catkin_ws/install/turtlebot3_msgs/lib/libturtlebot3_msgs__rosidl_typesupport_cpp.so" to ""
[1.026s] -- Installing: /catkin_ws/install/turtlebot3_msgs/share/turtlebot3_msgs/environment/pythonpath.sh
[1.026s] -- Installing: /catkin_ws/install/turtlebot3_msgs/share/turtlebot3_msgs/environment/pythonpath.dsv
[1.026s] -- Installing: /catkin_ws/install/turtlebot3_msgs/lib/python3.8/site-packages/turtlebot3_msgs/__init__.py
[1.033s] Compiling '/catkin_ws/install/turtlebot3_msgs/lib/python3.8/site-packages/turtlebot3_msgs/__init__.py'...
[1.034s] -- Installing: /catkin_ws/install/turtlebot3_msgs/lib/python3.8/site-packages/turtlebot3_msgs/msg
[1.034s] -- Installing: /catkin_ws/install/turtlebot3_msgs/lib/python3.8/site-packages/turtlebot3_msgs/msg/_sensor_state_s.c
[1.034s] -- Installing: /catkin_ws/install/turtlebot3_msgs/lib/python3.8/site-packages/turtlebot3_msgs/msg/_version_info_s.c
[1.034s] -- Installing: /catkin_ws/install/turtlebot3_msgs/lib/python3.8/site-packages/turtlebot3_msgs/msg/__init__.py
[1.035s] -- Installing: /catkin_ws/install/turtlebot3_msgs/lib/python3.8/site-packages/turtlebot3_msgs/msg/_sound.py
[1.035s] -- Installing: /catkin_ws/install/turtlebot3_msgs/lib/python3.8/site-packages/turtlebot3_msgs/msg/_sensor_state.py
[1.035s] -- Installing: /catkin_ws/install/turtlebot3_msgs/lib/python3.8/site-packages/turtlebot3_msgs/msg/_sound_s.c
[1.035s] -- Installing: /catkin_ws/install/turtlebot3_msgs/lib/python3.8/site-packages/turtlebot3_msgs/msg/_version_info.py
[1.036s] -- Installing: /catkin_ws/install/turtlebot3_msgs/lib/python3.8/site-packages/turtlebot3_msgs/srv
[1.036s] -- Installing: /catkin_ws/install/turtlebot3_msgs/lib/python3.8/site-packages/turtlebot3_msgs/srv/__init__.py
[1.036s] -- Installing: /catkin_ws/install/turtlebot3_msgs/lib/python3.8/site-packages/turtlebot3_msgs/srv/_sound.py
[1.039s] -- Installing: /catkin_ws/install/turtlebot3_msgs/lib/python3.8/site-packages/turtlebot3_msgs/srv/_dqn_s.c
[1.039s] -- Installing: /catkin_ws/install/turtlebot3_msgs/lib/python3.8/site-packages/turtlebot3_msgs/srv/_dqn.py
[1.040s] -- Installing: /catkin_ws/install/turtlebot3_msgs/lib/python3.8/site-packages/turtlebot3_msgs/srv/_sound_s.c
[1.040s] -- Installing: /catkin_ws/install/turtlebot3_msgs/lib/python3.8/site-packages/turtlebot3_msgs/action
[1.040s] -- Installing: /catkin_ws/install/turtlebot3_msgs/lib/python3.8/site-packages/turtlebot3_msgs/action/__init__.py
[1.040s] -- Installing: /catkin_ws/install/turtlebot3_msgs/lib/python3.8/site-packages/turtlebot3_msgs/action/_patrol_s.c
[1.041s] -- Installing: /catkin_ws/install/turtlebot3_msgs/lib/python3.8/site-packages/turtlebot3_msgs/action/_patrol.py
[1.042s] -- Installing: /catkin_ws/install/turtlebot3_msgs/lib/python3.8/site-packages/turtlebot3_msgs/turtlebot3_msgs_s__rosidl_typesupport_fastrtps_c.cpython-38-x86_64-linux-gnu.so
[1.042s] -- Set runtime path of "/catkin_ws/install/turtlebot3_msgs/lib/python3.8/site-packages/turtlebot3_msgs/turtlebot3_msgs_s__rosidl_typesupport_fastrtps_c.cpython-38-x86_64-linux-gnu.so" to ""
[1.042s] -- Installing: /catkin_ws/install/turtlebot3_msgs/lib/python3.8/site-packages/turtlebot3_msgs/turtlebot3_msgs_s__rosidl_typesupport_introspection_c.cpython-38-x86_64-linux-gnu.so
[1.043s] -- Set runtime path of "/catkin_ws/install/turtlebot3_msgs/lib/python3.8/site-packages/turtlebot3_msgs/turtlebot3_msgs_s__rosidl_typesupport_introspection_c.cpython-38-x86_64-linux-gnu.so" to ""
[1.043s] -- Installing: /catkin_ws/install/turtlebot3_msgs/lib/python3.8/site-packages/turtlebot3_msgs/turtlebot3_msgs_s__rosidl_typesupport_c.cpython-38-x86_64-linux-gnu.so
[1.047s] -- Set runtime path of "/catkin_ws/install/turtlebot3_msgs/lib/python3.8/site-packages/turtlebot3_msgs/turtlebot3_msgs_s__rosidl_typesupport_c.cpython-38-x86_64-linux-gnu.so" to ""
[1.048s] -- Installing: /catkin_ws/install/turtlebot3_msgs/lib/libturtlebot3_msgs__python.so
[1.048s] -- Set runtime path of "/catkin_ws/install/turtlebot3_msgs/lib/libturtlebot3_msgs__python.so" to ""
[1.049s] -- Installing: /catkin_ws/install/turtlebot3_msgs/share/turtlebot3_msgs/msg/SensorState.idl
[1.049s] -- Installing: /catkin_ws/install/turtlebot3_msgs/share/turtlebot3_msgs/msg/Sound.idl
[1.049s] -- Installing: /catkin_ws/install/turtlebot3_msgs/share/turtlebot3_msgs/msg/VersionInfo.idl
[1.050s] -- Installing: /catkin_ws/install/turtlebot3_msgs/share/turtlebot3_msgs/srv/Sound.idl
[1.050s] -- Installing: /catkin_ws/install/turtlebot3_msgs/share/turtlebot3_msgs/srv/Dqn.idl
[1.051s] -- Installing: /catkin_ws/install/turtlebot3_msgs/share/turtlebot3_msgs/action/Patrol.idl
[1.051s] -- Installing: /catkin_ws/install/turtlebot3_msgs/share/turtlebot3_msgs/msg/SensorState.msg
[1.051s] -- Installing: /catkin_ws/install/turtlebot3_msgs/share/turtlebot3_msgs/msg/Sound.msg
[1.051s] -- Installing: /catkin_ws/install/turtlebot3_msgs/share/turtlebot3_msgs/msg/VersionInfo.msg
[1.052s] -- Installing: /catkin_ws/install/turtlebot3_msgs/share/turtlebot3_msgs/srv/Sound.srv
[1.052s] -- Installing: /catkin_ws/install/turtlebot3_msgs/share/turtlebot3_msgs/srv/Sound_Request.msg
[1.052s] -- Installing: /catkin_ws/install/turtlebot3_msgs/share/turtlebot3_msgs/srv/Sound_Response.msg
[1.056s] -- Installing: /catkin_ws/install/turtlebot3_msgs/share/turtlebot3_msgs/srv/Dqn.srv
[1.056s] -- Installing: /catkin_ws/install/turtlebot3_msgs/share/turtlebot3_msgs/srv/Dqn_Request.msg
[1.056s] -- Installing: /catkin_ws/install/turtlebot3_msgs/share/turtlebot3_msgs/srv/Dqn_Response.msg
[1.057s] -- Installing: /catkin_ws/install/turtlebot3_msgs/share/turtlebot3_msgs/action/Patrol.action
[1.057s] -- Installing: /catkin_ws/install/turtlebot3_msgs/share/ament_index/resource_index/package_run_dependencies/turtlebot3_msgs
[1.057s] -- Installing: /catkin_ws/install/turtlebot3_msgs/share/ament_index/resource_index/parent_prefix_path/turtlebot3_msgs
[1.057s] -- Installing: /catkin_ws/install/turtlebot3_msgs/share/turtlebot3_msgs/environment/ament_prefix_path.sh
[1.058s] -- Installing: /catkin_ws/install/turtlebot3_msgs/share/turtlebot3_msgs/environment/ament_prefix_path.dsv
[1.059s] -- Installing: /catkin_ws/install/turtlebot3_msgs/share/turtlebot3_msgs/environment/path.sh
[1.059s] -- Installing: /catkin_ws/install/turtlebot3_msgs/share/turtlebot3_msgs/environment/path.dsv
[1.059s] -- Installing: /catkin_ws/install/turtlebot3_msgs/share/turtlebot3_msgs/local_setup.bash
[1.059s] -- Installing: /catkin_ws/install/turtlebot3_msgs/share/turtlebot3_msgs/local_setup.sh
[1.059s] -- Installing: /catkin_ws/install/turtlebot3_msgs/share/turtlebot3_msgs/local_setup.zsh
[1.060s] -- Installing: /catkin_ws/install/turtlebot3_msgs/share/turtlebot3_msgs/local_setup.dsv
[1.060s] -- Installing: /catkin_ws/install/turtlebot3_msgs/share/turtlebot3_msgs/package.dsv
[1.060s] -- Installing: /catkin_ws/install/turtlebot3_msgs/share/ament_index/resource_index/packages/turtlebot3_msgs
[1.060s] -- Installing: /catkin_ws/install/turtlebot3_msgs/share/turtlebot3_msgs/cmake/turtlebot3_msgs__rosidl_generator_cExport.cmake
[1.060s] -- Installing: /catkin_ws/install/turtlebot3_msgs/share/turtlebot3_msgs/cmake/turtlebot3_msgs__rosidl_generator_cExport-noconfig.cmake
[1.060s] -- Installing: /catkin_ws/install/turtlebot3_msgs/share/turtlebot3_msgs/cmake/turtlebot3_msgs__rosidl_typesupport_introspection_cExport.cmake
[1.060s] -- Installing: /catkin_ws/install/turtlebot3_msgs/share/turtlebot3_msgs/cmake/turtlebot3_msgs__rosidl_typesupport_introspection_cExport-noconfig.cmake
[1.061s] -- Installing: /catkin_ws/install/turtlebot3_msgs/share/turtlebot3_msgs/cmake/turtlebot3_msgs__rosidl_typesupport_cExport.cmake
[1.061s] -- Installing: /catkin_ws/install/turtlebot3_msgs/share/turtlebot3_msgs/cmake/turtlebot3_msgs__rosidl_typesupport_cExport-noconfig.cmake
[1.061s] -- Installing: /catkin_ws/install/turtlebot3_msgs/share/turtlebot3_msgs/cmake/turtlebot3_msgs__rosidl_generator_cppExport.cmake
[1.061s] -- Installing: /catkin_ws/install/turtlebot3_msgs/share/turtlebot3_msgs/cmake/turtlebot3_msgs__rosidl_typesupport_introspection_cppExport.cmake
[1.061s] -- Installing: /catkin_ws/install/turtlebot3_msgs/share/turtlebot3_msgs/cmake/turtlebot3_msgs__rosidl_typesupport_introspection_cppExport-noconfig.cmake
[1.061s] -- Installing: /catkin_ws/install/turtlebot3_msgs/share/turtlebot3_msgs/cmake/turtlebot3_msgs__rosidl_typesupport_cppExport.cmake
[1.062s] -- Installing: /catkin_ws/install/turtlebot3_msgs/share/turtlebot3_msgs/cmake/turtlebot3_msgs__rosidl_typesupport_cppExport-noconfig.cmake
[1.062s] -- Installing: /catkin_ws/install/turtlebot3_msgs/share/turtlebot3_msgs/cmake/rosidl_cmake-extras.cmake
[1.062s] -- Installing: /catkin_ws/install/turtlebot3_msgs/share/turtlebot3_msgs/cmake/ament_cmake_export_dependencies-extras.cmake
[1.062s] -- Installing: /catkin_ws/install/turtlebot3_msgs/share/turtlebot3_msgs/cmake/ament_cmake_export_libraries-extras.cmake
[1.062s] -- Installing: /catkin_ws/install/turtlebot3_msgs/share/turtlebot3_msgs/cmake/ament_cmake_export_targets-extras.cmake
[1.063s] -- Installing: /catkin_ws/install/turtlebot3_msgs/share/turtlebot3_msgs/cmake/ament_cmake_export_include_directories-extras.cmake
[1.063s] -- Installing: /catkin_ws/install/turtlebot3_msgs/share/turtlebot3_msgs/cmake/rosidl_cmake_export_typesupport_libraries-extras.cmake
[1.066s] -- Installing: /catkin_ws/install/turtlebot3_msgs/share/turtlebot3_msgs/cmake/rosidl_cmake_export_typesupport_targets-extras.cmake
[1.066s] -- Installing: /catkin_ws/install/turtlebot3_msgs/share/turtlebot3_msgs/cmake/turtlebot3_msgsConfig.cmake
[1.066s] -- Installing: /catkin_ws/install/turtlebot3_msgs/share/turtlebot3_msgs/cmake/turtlebot3_msgsConfig-version.cmake
[1.066s] -- Installing: /catkin_ws/install/turtlebot3_msgs/share/turtlebot3_msgs/package.xml
[1.088s] Invoked command in '/catkin_ws/build/turtlebot3_msgs' returned '0': CMAKE_PREFIX_PATH=${CMAKE_PREFIX_PATH}:/catkin_ws/install/turtlebot3_example:/catkin_ws/install/turtlebot3_teleop:/catkin_ws/install/fobo_simulation:/opt/ros/foxy /usr/bin/cmake --install /catkin_ws/build/turtlebot3_msgs
