[0.214s] Invoking command in '/catkin_ws/build/dynamixel_sdk_examples': CMAKE_PREFIX_PATH=/catkin_ws/install/dynamixel_sdk_custom_interfaces:/catkin_ws/install/dynamixel_sdk:/catkin_ws/install/turtlebot3:/catkin_ws/install/turtlebot3_simulations:/catkin_ws/install/turtlebot3_bringup:/catkin_ws/install/turtlebot3_node:/catkin_ws/install/turtlebot3_fake_node:/catkin_ws/install/turtlebot3_msgs:/catkin_ws/install/turtlebot3_gazebo:/catkin_ws/install/hls_lfcd_lds_driver:/catkin_ws/install/dynamixel_sdk_examples:/catkin_ws/install/turtlebot3_navigation2:/catkin_ws/install/turtlebot3_description:/catkin_ws/install/turtlebot3_cartographer:/catkin_ws/install/turtlebot3_example:/catkin_ws/install/turtlebot3_teleop:/catkin_ws/install/fobo_simulation:/opt/ros/foxy LD_LIBRARY_PATH=/catkin_ws/install/dynamixel_sdk_custom_interfaces/lib:/catkin_ws/install/dynamixel_sdk/lib:/catkin_ws/install/turtlebot3_msgs/lib:/usr/lib/x86_64-linux-gnu/gazebo-11/plugins:/opt/ros/foxy/opt/yaml_cpp_vendor/lib:/opt/ros/foxy/opt/rviz_ogre_vendor/lib:/opt/ros/foxy/lib/x86_64-linux-gnu:/opt/ros/foxy/lib PYTHONPATH=/catkin_ws/install/dynamixel_sdk_custom_interfaces/lib/python3.8/site-packages:/catkin_ws/install/turtlebot3_example/lib/python3.8/site-packages:/catkin_ws/install/turtlebot3_msgs/lib/python3.8/site-packages:/catkin_ws/build/turtlebot3_teleop:/catkin_ws/install/turtlebot3_teleop/lib/python3.8/site-packages:/catkin_ws/install/fobo_simulation/lib/python3.8/site-packages:/opt/ros/foxy/lib/python3.8/site-packages /usr/bin/cmake /catkin_ws/src/utils/DynamixelSDK/dynamixel_sdk_examples -DCMAKE_INSTALL_PREFIX=/catkin_ws/install/dynamixel_sdk_examples
[0.512s] -- The C compiler identification is GNU 9.4.0
[0.800s] -- The CXX compiler identification is GNU 9.4.0
[0.818s] -- Check for working C compiler: /usr/bin/cc
[1.329s] -- Check for working C compiler: /usr/bin/cc -- works
[1.331s] -- Detecting C compiler ABI info
[1.786s] -- Detecting C compiler ABI info - done
[1.824s] -- Detecting C compile features
[1.829s] -- Detecting C compile features - done
[1.834s] -- Check for working CXX compiler: /usr/bin/c++
[2.273s] -- Check for working CXX compiler: /usr/bin/c++ -- works
[2.275s] -- Detecting CXX compiler ABI info
[2.603s] -- Detecting CXX compiler ABI info - done
[2.646s] -- Detecting CXX compile features
[2.647s] -- Detecting CXX compile features - done
[2.661s] -- Found ament_cmake: 0.9.11 (/opt/ros/foxy/share/ament_cmake/cmake)
[2.815s] -- Found PythonInterp: /usr/bin/python3 (found suitable version "3.8.10", minimum required is "3") 
[2.816s] -- Using PYTHON_EXECUTABLE: /usr/bin/python3
[3.360s] -- Found dynamixel_sdk: 3.7.40 (/catkin_ws/install/dynamixel_sdk/share/dynamixel_sdk/cmake)
[3.364s] -- Found dynamixel_sdk_custom_interfaces: 3.7.40 (/catkin_ws/install/dynamixel_sdk_custom_interfaces/share/dynamixel_sdk_custom_interfaces/cmake)
[3.537s] -- Using all available rosidl_typesupport_c: rosidl_typesupport_fastrtps_c;rosidl_typesupport_introspection_c
[3.580s] -- Found rosidl_adapter: 1.3.0 (/opt/ros/foxy/share/rosidl_adapter/cmake)
[4.408s] -- Found OpenSSL: /usr/lib/x86_64-linux-gnu/libcrypto.so (found version "1.1.1f")  
[4.530s] -- Found FastRTPS: /opt/ros/foxy/include  
[4.810s] -- Using all available rosidl_typesupport_cpp: rosidl_typesupport_fastrtps_cpp;rosidl_typesupport_introspection_cpp
[4.957s] -- Found rclcpp: 2.4.2 (/opt/ros/foxy/share/rclcpp/cmake)
[5.087s] -- Found rmw_implementation_cmake: 1.0.3 (/opt/ros/foxy/share/rmw_implementation_cmake/cmake)
[5.093s] -- Using RMW implementation 'rmw_fastrtps_cpp' as default
[5.094s] -- Looking for pthread.h
[5.701s] -- Looking for pthread.h - found
[5.702s] -- Performing Test CMAKE_HAVE_LIBC_PTHREAD
[6.250s] -- Performing Test CMAKE_HAVE_LIBC_PTHREAD - Failed
[6.250s] -- Looking for pthread_create in pthreads
[6.712s] -- Looking for pthread_create in pthreads - not found
[6.714s] -- Looking for pthread_create in pthread
[7.198s] -- Looking for pthread_create in pthread - found
[7.201s] -- Found Threads: TRUE  
[7.820s] -- Found ament_lint_auto: 0.9.7 (/opt/ros/foxy/share/ament_lint_auto/cmake)
[8.306s] -- Added test 'copyright' to check source files copyright and LICENSE
[8.312s] -- Added test 'cppcheck' to perform static code analysis on C / C++ code
[8.313s] -- Configured cppcheck include dirs: /catkin_ws/src/utils/DynamixelSDK/dynamixel_sdk_examples/include
[8.313s] -- Configured cppcheck exclude dirs and/or files: 
[8.317s] -- Added test 'cpplint' to check C / C++ code against the Google style
[8.317s] -- Configured cpplint exclude dirs and/or files: 
[8.322s] -- Added test 'lint_cmake' to check CMake code style
[8.329s] -- Added test 'uncrustify' to check C / C++ code style
[8.330s] -- Configured uncrustify additional arguments: 
[8.335s] -- Added test 'xmllint' to check XML markup files
[8.358s] -- Configuring done
[8.429s] -- Generating done
[8.452s] -- Build files have been written to: /catkin_ws/build/dynamixel_sdk_examples
