running egg_info
creating ../../build/fobo_simulation/fobo_simulation.egg-info
writing ../../build/fobo_simulation/fobo_simulation.egg-info/PKG-INFO
writing dependency_links to ../../build/fobo_simulation/fobo_simulation.egg-info/dependency_links.txt
writing entry points to ../../build/fobo_simulation/fobo_simulation.egg-info/entry_points.txt
writing requirements to ../../build/fobo_simulation/fobo_simulation.egg-info/requires.txt
writing top-level names to ../../build/fobo_simulation/fobo_simulation.egg-info/top_level.txt
writing manifest file '../../build/fobo_simulation/fobo_simulation.egg-info/SOURCES.txt'
reading manifest file '../../build/fobo_simulation/fobo_simulation.egg-info/SOURCES.txt'
writing manifest file '../../build/fobo_simulation/fobo_simulation.egg-info/SOURCES.txt'
running build
running build_py
creating /catkin_ws/build/fobo_simulation/build
creating /catkin_ws/build/fobo_simulation/build/lib
creating /catkin_ws/build/fobo_simulation/build/lib/fobo_simulation
copying fobo_simulation/__init__.py -> /catkin_ws/build/fobo_simulation/build/lib/fobo_simulation
copying fobo_simulation/state_publisher.py -> /catkin_ws/build/fobo_simulation/build/lib/fobo_simulation
running install
running install_lib
creating /catkin_ws/install/fobo_simulation/lib/python3.8/site-packages/fobo_simulation
copying /catkin_ws/build/fobo_simulation/build/lib/fobo_simulation/__init__.py -> /catkin_ws/install/fobo_simulation/lib/python3.8/site-packages/fobo_simulation
copying /catkin_ws/build/fobo_simulation/build/lib/fobo_simulation/state_publisher.py -> /catkin_ws/install/fobo_simulation/lib/python3.8/site-packages/fobo_simulation
byte-compiling /catkin_ws/install/fobo_simulation/lib/python3.8/site-packages/fobo_simulation/__init__.py to __init__.cpython-38.pyc
byte-compiling /catkin_ws/install/fobo_simulation/lib/python3.8/site-packages/fobo_simulation/state_publisher.py to state_publisher.cpython-38.pyc
running install_data
creating /catkin_ws/install/fobo_simulation/share/ament_index
creating /catkin_ws/install/fobo_simulation/share/ament_index/resource_index
creating /catkin_ws/install/fobo_simulation/share/ament_index/resource_index/packages
copying resource/fobo_simulation -> /catkin_ws/install/fobo_simulation/share/ament_index/resource_index/packages
copying package.xml -> /catkin_ws/install/fobo_simulation/share/fobo_simulation
