[0.090s] Invoking command in '/catkin_ws/build/turtlebot3_cartographer': CMAKE_PREFIX_PATH=${CMAKE_PREFIX_PATH}:/catkin_ws/install/turtlebot3_example:/catkin_ws/install/turtlebot3_teleop:/catkin_ws/install/fobo_simulation:/opt/ros/foxy /usr/bin/cmake --build /catkin_ws/build/turtlebot3_cartographer -- -j8 -l8
[0.502s] Invoked command in '/catkin_ws/build/turtlebot3_cartographer' returned '0': CMAKE_PREFIX_PATH=${CMAKE_PREFIX_PATH}:/catkin_ws/install/turtlebot3_example:/catkin_ws/install/turtlebot3_teleop:/catkin_ws/install/fobo_simulation:/opt/ros/foxy /usr/bin/cmake --build /catkin_ws/build/turtlebot3_cartographer -- -j8 -l8
[0.576s] Invoking command in '/catkin_ws/build/turtlebot3_cartographer': CMAKE_PREFIX_PATH=${CMAKE_PREFIX_PATH}:/catkin_ws/install/turtlebot3_example:/catkin_ws/install/turtlebot3_teleop:/catkin_ws/install/fobo_simulation:/opt/ros/foxy /usr/bin/cmake --install /catkin_ws/build/turtlebot3_cartographer
[0.605s] -- Install configuration: ""
[0.606s] -- Up-to-date: /catkin_ws/install/turtlebot3_cartographer/share/turtlebot3_cartographer/config
[0.606s] -- Up-to-date: /catkin_ws/install/turtlebot3_cartographer/share/turtlebot3_cartographer/config/turtlebot3_lds_2d.lua
[0.607s] -- Up-to-date: /catkin_ws/install/turtlebot3_cartographer/share/turtlebot3_cartographer/launch
[0.607s] -- Up-to-date: /catkin_ws/install/turtlebot3_cartographer/share/turtlebot3_cartographer/launch/cartographer.launch.py
[0.610s] -- Up-to-date: /catkin_ws/install/turtlebot3_cartographer/share/turtlebot3_cartographer/launch/occupancy_grid.launch.py
[0.611s] -- Up-to-date: /catkin_ws/install/turtlebot3_cartographer/share/turtlebot3_cartographer/rviz
[0.612s] -- Up-to-date: /catkin_ws/install/turtlebot3_cartographer/share/turtlebot3_cartographer/rviz/tb3_cartographer.rviz
[0.614s] -- Up-to-date: /catkin_ws/install/turtlebot3_cartographer/share/ament_index/resource_index/package_run_dependencies/turtlebot3_cartographer
[0.614s] -- Up-to-date: /catkin_ws/install/turtlebot3_cartographer/share/ament_index/resource_index/parent_prefix_path/turtlebot3_cartographer
[0.615s] -- Up-to-date: /catkin_ws/install/turtlebot3_cartographer/share/turtlebot3_cartographer/environment/ament_prefix_path.sh
[0.615s] -- Up-to-date: /catkin_ws/install/turtlebot3_cartographer/share/turtlebot3_cartographer/environment/ament_prefix_path.dsv
[0.616s] -- Up-to-date: /catkin_ws/install/turtlebot3_cartographer/share/turtlebot3_cartographer/environment/path.sh
[0.616s] -- Up-to-date: /catkin_ws/install/turtlebot3_cartographer/share/turtlebot3_cartographer/environment/path.dsv
[0.616s] -- Up-to-date: /catkin_ws/install/turtlebot3_cartographer/share/turtlebot3_cartographer/local_setup.bash
[0.616s] -- Up-to-date: /catkin_ws/install/turtlebot3_cartographer/share/turtlebot3_cartographer/local_setup.sh
[0.617s] -- Up-to-date: /catkin_ws/install/turtlebot3_cartographer/share/turtlebot3_cartographer/local_setup.zsh
[0.617s] -- Up-to-date: /catkin_ws/install/turtlebot3_cartographer/share/turtlebot3_cartographer/local_setup.dsv
[0.617s] -- Installing: /catkin_ws/install/turtlebot3_cartographer/share/turtlebot3_cartographer/package.dsv
[0.617s] -- Up-to-date: /catkin_ws/install/turtlebot3_cartographer/share/ament_index/resource_index/packages/turtlebot3_cartographer
[0.620s] -- Up-to-date: /catkin_ws/install/turtlebot3_cartographer/share/turtlebot3_cartographer/cmake/turtlebot3_cartographerConfig.cmake
[0.621s] -- Up-to-date: /catkin_ws/install/turtlebot3_cartographer/share/turtlebot3_cartographer/cmake/turtlebot3_cartographerConfig-version.cmake
[0.622s] -- Up-to-date: /catkin_ws/install/turtlebot3_cartographer/share/turtlebot3_cartographer/package.xml
[0.672s] Invoked command in '/catkin_ws/build/turtlebot3_cartographer' returned '0': CMAKE_PREFIX_PATH=${CMAKE_PREFIX_PATH}:/catkin_ws/install/turtlebot3_example:/catkin_ws/install/turtlebot3_teleop:/catkin_ws/install/fobo_simulation:/opt/ros/foxy /usr/bin/cmake --install /catkin_ws/build/turtlebot3_cartographer
