[0.098s] Invoking command in '/catkin_ws/build/turtlebot3_description': CMAKE_PREFIX_PATH=${CMAKE_PREFIX_PATH}:/catkin_ws/install/turtlebot3_example:/catkin_ws/install/turtlebot3_teleop:/catkin_ws/install/fobo_simulation:/opt/ros/foxy /usr/bin/cmake --build /catkin_ws/build/turtlebot3_description -- -j8 -l8
[0.594s] Invoked command in '/catkin_ws/build/turtlebot3_description' returned '0': CMAKE_PREFIX_PATH=${CMAKE_PREFIX_PATH}:/catkin_ws/install/turtlebot3_example:/catkin_ws/install/turtlebot3_teleop:/catkin_ws/install/fobo_simulation:/opt/ros/foxy /usr/bin/cmake --build /catkin_ws/build/turtlebot3_description -- -j8 -l8
[0.668s] Invoking command in '/catkin_ws/build/turtlebot3_description': CMAKE_PREFIX_PATH=${CMAKE_PREFIX_PATH}:/catkin_ws/install/turtlebot3_example:/catkin_ws/install/turtlebot3_teleop:/catkin_ws/install/fobo_simulation:/opt/ros/foxy /usr/bin/cmake --install /catkin_ws/build/turtlebot3_description
[0.688s] -- Install configuration: ""
[0.689s] -- Up-to-date: /catkin_ws/install/turtlebot3_description/share/turtlebot3_description/meshes
[0.689s] -- Up-to-date: /catkin_ws/install/turtlebot3_description/share/turtlebot3_description/meshes/wheels
[0.691s] -- Up-to-date: /catkin_ws/install/turtlebot3_description/share/turtlebot3_description/meshes/wheels/left_tire.stl
[0.692s] -- Up-to-date: /catkin_ws/install/turtlebot3_description/share/turtlebot3_description/meshes/wheels/right_tire.stl
[0.694s] -- Up-to-date: /catkin_ws/install/turtlebot3_description/share/turtlebot3_description/meshes/bases
[0.708s] -- Up-to-date: /catkin_ws/install/turtlebot3_description/share/turtlebot3_description/meshes/bases/waffle_pi_base.stl
[0.708s] -- Up-to-date: /catkin_ws/install/turtlebot3_description/share/turtlebot3_description/meshes/bases/waffle_base.stl
[0.709s] -- Up-to-date: /catkin_ws/install/turtlebot3_description/share/turtlebot3_description/meshes/bases/burger_base.stl
[0.709s] -- Up-to-date: /catkin_ws/install/turtlebot3_description/share/turtlebot3_description/meshes/sensors
[0.729s] -- Up-to-date: /catkin_ws/install/turtlebot3_description/share/turtlebot3_description/meshes/sensors/r200.dae
[0.730s] -- Up-to-date: /catkin_ws/install/turtlebot3_description/share/turtlebot3_description/meshes/sensors/r200.jpg
[0.730s] -- Up-to-date: /catkin_ws/install/turtlebot3_description/share/turtlebot3_description/meshes/sensors/lds.stl
[0.730s] -- Up-to-date: /catkin_ws/install/turtlebot3_description/share/turtlebot3_description/meshes/sensors/astra.jpg
[0.731s] -- Up-to-date: /catkin_ws/install/turtlebot3_description/share/turtlebot3_description/meshes/sensors/astra.dae
[0.731s] -- Up-to-date: /catkin_ws/install/turtlebot3_description/share/turtlebot3_description/rviz
[0.731s] -- Up-to-date: /catkin_ws/install/turtlebot3_description/share/turtlebot3_description/rviz/model.rviz
[0.731s] -- Up-to-date: /catkin_ws/install/turtlebot3_description/share/turtlebot3_description/urdf
[0.731s] -- Up-to-date: /catkin_ws/install/turtlebot3_description/share/turtlebot3_description/urdf/turtlebot3_waffle_pi.urdf
[0.732s] -- Up-to-date: /catkin_ws/install/turtlebot3_description/share/turtlebot3_description/urdf/common_properties.urdf
[0.732s] -- Up-to-date: /catkin_ws/install/turtlebot3_description/share/turtlebot3_description/urdf/turtlebot3_burger.urdf
[0.732s] -- Up-to-date: /catkin_ws/install/turtlebot3_description/share/turtlebot3_description/urdf/turtlebot3_waffle.urdf
[0.732s] -- Up-to-date: /catkin_ws/install/turtlebot3_description/share/ament_index/resource_index/package_run_dependencies/turtlebot3_description
[0.736s] -- Up-to-date: /catkin_ws/install/turtlebot3_description/share/ament_index/resource_index/parent_prefix_path/turtlebot3_description
[0.736s] -- Up-to-date: /catkin_ws/install/turtlebot3_description/share/turtlebot3_description/environment/ament_prefix_path.sh
[0.736s] -- Up-to-date: /catkin_ws/install/turtlebot3_description/share/turtlebot3_description/environment/ament_prefix_path.dsv
[0.736s] -- Up-to-date: /catkin_ws/install/turtlebot3_description/share/turtlebot3_description/environment/path.sh
[0.737s] -- Up-to-date: /catkin_ws/install/turtlebot3_description/share/turtlebot3_description/environment/path.dsv
[0.737s] -- Up-to-date: /catkin_ws/install/turtlebot3_description/share/turtlebot3_description/local_setup.bash
[0.737s] -- Up-to-date: /catkin_ws/install/turtlebot3_description/share/turtlebot3_description/local_setup.sh
[0.737s] -- Up-to-date: /catkin_ws/install/turtlebot3_description/share/turtlebot3_description/local_setup.zsh
[0.737s] -- Up-to-date: /catkin_ws/install/turtlebot3_description/share/turtlebot3_description/local_setup.dsv
[0.738s] -- Installing: /catkin_ws/install/turtlebot3_description/share/turtlebot3_description/package.dsv
[0.738s] -- Up-to-date: /catkin_ws/install/turtlebot3_description/share/ament_index/resource_index/packages/turtlebot3_description
[0.738s] -- Up-to-date: /catkin_ws/install/turtlebot3_description/share/turtlebot3_description/cmake/turtlebot3_descriptionConfig.cmake
[0.738s] -- Up-to-date: /catkin_ws/install/turtlebot3_description/share/turtlebot3_description/cmake/turtlebot3_descriptionConfig-version.cmake
[0.739s] -- Up-to-date: /catkin_ws/install/turtlebot3_description/share/turtlebot3_description/package.xml
[0.790s] Invoked command in '/catkin_ws/build/turtlebot3_description' returned '0': CMAKE_PREFIX_PATH=${CMAKE_PREFIX_PATH}:/catkin_ws/install/turtlebot3_example:/catkin_ws/install/turtlebot3_teleop:/catkin_ws/install/fobo_simulation:/opt/ros/foxy /usr/bin/cmake --install /catkin_ws/build/turtlebot3_description
