[0.103s] Invoking command in '/catkin_ws/build/dynamixel_sdk': CMAKE_PREFIX_PATH=${CMAKE_PREFIX_PATH}:/catkin_ws/install/turtlebot3_example:/catkin_ws/install/turtlebot3_teleop:/catkin_ws/install/fobo_simulation:/opt/ros/foxy /usr/bin/cmake --build /catkin_ws/build/dynamixel_sdk -- -j8 -l8
[0.528s] [100%] Built target dynamixel_sdk
[0.549s] Invoked command in '/catkin_ws/build/dynamixel_sdk' returned '0': CMAKE_PREFIX_PATH=${CMAKE_PREFIX_PATH}:/catkin_ws/install/turtlebot3_example:/catkin_ws/install/turtlebot3_teleop:/catkin_ws/install/fobo_simulation:/opt/ros/foxy /usr/bin/cmake --build /catkin_ws/build/dynamixel_sdk -- -j8 -l8
[0.675s] Invoking command in '/catkin_ws/build/dynamixel_sdk': CMAKE_PREFIX_PATH=${CMAKE_PREFIX_PATH}:/catkin_ws/install/turtlebot3_example:/catkin_ws/install/turtlebot3_teleop:/catkin_ws/install/fobo_simulation:/opt/ros/foxy /usr/bin/cmake --install /catkin_ws/build/dynamixel_sdk
[0.705s] -- Install configuration: ""
[0.705s] -- Up-to-date: /catkin_ws/install/dynamixel_sdk/include/
[0.705s] -- Up-to-date: /catkin_ws/install/dynamixel_sdk/include//dynamixel_sdk
[0.708s] -- Up-to-date: /catkin_ws/install/dynamixel_sdk/include//dynamixel_sdk/packet_handler.h
[0.709s] -- Up-to-date: /catkin_ws/install/dynamixel_sdk/include//dynamixel_sdk/group_bulk_read.h
[0.709s] -- Up-to-date: /catkin_ws/install/dynamixel_sdk/include//dynamixel_sdk/port_handler_arduino.h
[0.709s] -- Up-to-date: /catkin_ws/install/dynamixel_sdk/include//dynamixel_sdk/protocol2_packet_handler.h
[0.709s] -- Up-to-date: /catkin_ws/install/dynamixel_sdk/include//dynamixel_sdk/port_handler_mac.h
[0.709s] -- Up-to-date: /catkin_ws/install/dynamixel_sdk/include//dynamixel_sdk/group_sync_write.h
[0.710s] -- Up-to-date: /catkin_ws/install/dynamixel_sdk/include//dynamixel_sdk/port_handler_linux.h
[0.714s] -- Up-to-date: /catkin_ws/install/dynamixel_sdk/include//dynamixel_sdk/dynamixel_sdk.h
[0.714s] -- Up-to-date: /catkin_ws/install/dynamixel_sdk/include//dynamixel_sdk/group_sync_read.h
[0.715s] -- Up-to-date: /catkin_ws/install/dynamixel_sdk/include//dynamixel_sdk/port_handler.h
[0.715s] -- Up-to-date: /catkin_ws/install/dynamixel_sdk/include//dynamixel_sdk/group_bulk_write.h
[0.715s] -- Up-to-date: /catkin_ws/install/dynamixel_sdk/include//dynamixel_sdk/protocol1_packet_handler.h
[0.715s] -- Up-to-date: /catkin_ws/install/dynamixel_sdk/include//dynamixel_sdk/port_handler_windows.h
[0.716s] -- Up-to-date: /catkin_ws/install/dynamixel_sdk/lib/libdynamixel_sdk.so
[0.716s] -- Up-to-date: /catkin_ws/install/dynamixel_sdk/share/dynamixel_sdk/environment/library_path.sh
[0.716s] -- Up-to-date: /catkin_ws/install/dynamixel_sdk/share/dynamixel_sdk/environment/library_path.dsv
[0.716s] -- Up-to-date: /catkin_ws/install/dynamixel_sdk/share/ament_index/resource_index/package_run_dependencies/dynamixel_sdk
[0.717s] -- Up-to-date: /catkin_ws/install/dynamixel_sdk/share/ament_index/resource_index/parent_prefix_path/dynamixel_sdk
[0.717s] -- Up-to-date: /catkin_ws/install/dynamixel_sdk/share/dynamixel_sdk/environment/ament_prefix_path.sh
[0.717s] -- Up-to-date: /catkin_ws/install/dynamixel_sdk/share/dynamixel_sdk/environment/ament_prefix_path.dsv
[0.717s] -- Up-to-date: /catkin_ws/install/dynamixel_sdk/share/dynamixel_sdk/environment/path.sh
[0.717s] -- Up-to-date: /catkin_ws/install/dynamixel_sdk/share/dynamixel_sdk/environment/path.dsv
[0.717s] -- Up-to-date: /catkin_ws/install/dynamixel_sdk/share/dynamixel_sdk/local_setup.bash
[0.718s] -- Up-to-date: /catkin_ws/install/dynamixel_sdk/share/dynamixel_sdk/local_setup.sh
[0.718s] -- Up-to-date: /catkin_ws/install/dynamixel_sdk/share/dynamixel_sdk/local_setup.zsh
[0.718s] -- Up-to-date: /catkin_ws/install/dynamixel_sdk/share/dynamixel_sdk/local_setup.dsv
[0.718s] -- Installing: /catkin_ws/install/dynamixel_sdk/share/dynamixel_sdk/package.dsv
[0.718s] -- Up-to-date: /catkin_ws/install/dynamixel_sdk/share/ament_index/resource_index/packages/dynamixel_sdk
[0.718s] -- Up-to-date: /catkin_ws/install/dynamixel_sdk/share/dynamixel_sdk/cmake/ament_cmake_export_include_directories-extras.cmake
[0.722s] -- Up-to-date: /catkin_ws/install/dynamixel_sdk/share/dynamixel_sdk/cmake/ament_cmake_export_libraries-extras.cmake
[0.722s] -- Up-to-date: /catkin_ws/install/dynamixel_sdk/share/dynamixel_sdk/cmake/dynamixel_sdkConfig.cmake
[0.723s] -- Up-to-date: /catkin_ws/install/dynamixel_sdk/share/dynamixel_sdk/cmake/dynamixel_sdkConfig-version.cmake
[0.723s] -- Up-to-date: /catkin_ws/install/dynamixel_sdk/share/dynamixel_sdk/package.xml
[0.789s] Invoked command in '/catkin_ws/build/dynamixel_sdk' returned '0': CMAKE_PREFIX_PATH=${CMAKE_PREFIX_PATH}:/catkin_ws/install/turtlebot3_example:/catkin_ws/install/turtlebot3_teleop:/catkin_ws/install/fobo_simulation:/opt/ros/foxy /usr/bin/cmake --install /catkin_ws/build/dynamixel_sdk
