[0.077s] Invoking command in '/catkin_ws/build/turtlebot3_navigation2': CMAKE_PREFIX_PATH=${CMAKE_PREFIX_PATH}:/catkin_ws/install/turtlebot3_example:/catkin_ws/install/turtlebot3_teleop:/catkin_ws/install/fobo_simulation:/opt/ros/foxy /usr/bin/cmake /catkin_ws/src/turtlebot3/turtlebot3/turtlebot3_navigation2 -DCMAKE_INSTALL_PREFIX=/catkin_ws/install/turtlebot3_navigation2
[1.970s] -- The C compiler identification is GNU 9.4.0
[1.970s] -- The CXX compiler identification is GNU 9.4.0
[1.971s] -- Check for working C compiler: /usr/bin/cc
[1.971s] -- Check for working C compiler: /usr/bin/cc -- works
[1.971s] -- Detecting C compiler ABI info
[1.971s] -- Detecting C compiler ABI info - done
[1.971s] -- Detecting C compile features
[1.971s] -- Detecting C compile features - done
[1.972s] -- Check for working CXX compiler: /usr/bin/c++
[1.972s] -- Check for working CXX compiler: /usr/bin/c++ -- works
[1.977s] -- Detecting CXX compiler ABI info
[1.978s] -- Detecting CXX compiler ABI info - done
[1.978s] -- Detecting CXX compile features
[1.978s] -- Detecting CXX compile features - done
[1.979s] -- Found ament_cmake: 0.9.11 (/opt/ros/foxy/share/ament_cmake/cmake)
[1.979s] -- Found PythonInterp: /usr/bin/python3 (found suitable version "3.8.10", minimum required is "3") 
[1.979s] -- Using PYTHON_EXECUTABLE: /usr/bin/python3
[1.979s] -- Configuring done
[1.979s] -- Generating done
[1.979s] -- Build files have been written to: /catkin_ws/build/turtlebot3_navigation2
[1.994s] Invoked command in '/catkin_ws/build/turtlebot3_navigation2' returned '0': CMAKE_PREFIX_PATH=${CMAKE_PREFIX_PATH}:/catkin_ws/install/turtlebot3_example:/catkin_ws/install/turtlebot3_teleop:/catkin_ws/install/fobo_simulation:/opt/ros/foxy /usr/bin/cmake /catkin_ws/src/turtlebot3/turtlebot3/turtlebot3_navigation2 -DCMAKE_INSTALL_PREFIX=/catkin_ws/install/turtlebot3_navigation2
[1.996s] Invoking command in '/catkin_ws/build/turtlebot3_navigation2': CMAKE_PREFIX_PATH=${CMAKE_PREFIX_PATH}:/catkin_ws/install/turtlebot3_example:/catkin_ws/install/turtlebot3_teleop:/catkin_ws/install/fobo_simulation:/opt/ros/foxy /usr/bin/cmake --build /catkin_ws/build/turtlebot3_navigation2 -- -j8 -l8
[2.125s] Invoked command in '/catkin_ws/build/turtlebot3_navigation2' returned '0': CMAKE_PREFIX_PATH=${CMAKE_PREFIX_PATH}:/catkin_ws/install/turtlebot3_example:/catkin_ws/install/turtlebot3_teleop:/catkin_ws/install/fobo_simulation:/opt/ros/foxy /usr/bin/cmake --build /catkin_ws/build/turtlebot3_navigation2 -- -j8 -l8
[2.286s] Invoking command in '/catkin_ws/build/turtlebot3_navigation2': CMAKE_PREFIX_PATH=${CMAKE_PREFIX_PATH}:/catkin_ws/install/turtlebot3_example:/catkin_ws/install/turtlebot3_teleop:/catkin_ws/install/fobo_simulation:/opt/ros/foxy /usr/bin/cmake --install /catkin_ws/build/turtlebot3_navigation2
[2.932s] -- Install configuration: ""
[2.932s] -- Installing: /catkin_ws/install/turtlebot3_navigation2/share/turtlebot3_navigation2/launch
[2.932s] -- Installing: /catkin_ws/install/turtlebot3_navigation2/share/turtlebot3_navigation2/launch/navigation2.launch.py
[2.933s] -- Installing: /catkin_ws/install/turtlebot3_navigation2/share/turtlebot3_navigation2/map
[2.933s] -- Installing: /catkin_ws/install/turtlebot3_navigation2/share/turtlebot3_navigation2/map/turtlebot3_world.pgm
[2.933s] -- Installing: /catkin_ws/install/turtlebot3_navigation2/share/turtlebot3_navigation2/map/turtlebot3_world.yaml
[2.933s] -- Installing: /catkin_ws/install/turtlebot3_navigation2/share/turtlebot3_navigation2/param
[2.933s] -- Installing: /catkin_ws/install/turtlebot3_navigation2/share/turtlebot3_navigation2/param/waffle_pi.yaml
[2.933s] -- Installing: /catkin_ws/install/turtlebot3_navigation2/share/turtlebot3_navigation2/param/burger.yaml
[2.934s] -- Installing: /catkin_ws/install/turtlebot3_navigation2/share/turtlebot3_navigation2/param/waffle.yaml
[2.934s] -- Installing: /catkin_ws/install/turtlebot3_navigation2/share/turtlebot3_navigation2/rviz
[2.934s] -- Installing: /catkin_ws/install/turtlebot3_navigation2/share/turtlebot3_navigation2/rviz/tb3_navigation2.rviz
[2.934s] -- Installing: /catkin_ws/install/turtlebot3_navigation2/share/ament_index/resource_index/package_run_dependencies/turtlebot3_navigation2
[2.934s] -- Installing: /catkin_ws/install/turtlebot3_navigation2/share/ament_index/resource_index/parent_prefix_path/turtlebot3_navigation2
[2.934s] -- Installing: /catkin_ws/install/turtlebot3_navigation2/share/turtlebot3_navigation2/environment/ament_prefix_path.sh
[2.934s] -- Installing: /catkin_ws/install/turtlebot3_navigation2/share/turtlebot3_navigation2/environment/ament_prefix_path.dsv
[2.935s] -- Installing: /catkin_ws/install/turtlebot3_navigation2/share/turtlebot3_navigation2/environment/path.sh
[2.935s] -- Installing: /catkin_ws/install/turtlebot3_navigation2/share/turtlebot3_navigation2/environment/path.dsv
[2.935s] -- Installing: /catkin_ws/install/turtlebot3_navigation2/share/turtlebot3_navigation2/local_setup.bash
[2.935s] -- Installing: /catkin_ws/install/turtlebot3_navigation2/share/turtlebot3_navigation2/local_setup.sh
[2.935s] -- Installing: /catkin_ws/install/turtlebot3_navigation2/share/turtlebot3_navigation2/local_setup.zsh
[2.935s] -- Installing: /catkin_ws/install/turtlebot3_navigation2/share/turtlebot3_navigation2/local_setup.dsv
[2.936s] -- Installing: /catkin_ws/install/turtlebot3_navigation2/share/turtlebot3_navigation2/package.dsv
[2.936s] -- Installing: /catkin_ws/install/turtlebot3_navigation2/share/ament_index/resource_index/packages/turtlebot3_navigation2
[2.936s] -- Installing: /catkin_ws/install/turtlebot3_navigation2/share/turtlebot3_navigation2/cmake/turtlebot3_navigation2Config.cmake
[2.936s] -- Installing: /catkin_ws/install/turtlebot3_navigation2/share/turtlebot3_navigation2/cmake/turtlebot3_navigation2Config-version.cmake
[2.936s] -- Installing: /catkin_ws/install/turtlebot3_navigation2/share/turtlebot3_navigation2/package.xml
[3.018s] Invoked command in '/catkin_ws/build/turtlebot3_navigation2' returned '0': CMAKE_PREFIX_PATH=${CMAKE_PREFIX_PATH}:/catkin_ws/install/turtlebot3_example:/catkin_ws/install/turtlebot3_teleop:/catkin_ws/install/fobo_simulation:/opt/ros/foxy /usr/bin/cmake --install /catkin_ws/build/turtlebot3_navigation2
