/catkin_ws/install/fobo_simulation/lib/python3.8/site-packages/fobo_simulation/__init__.py
/catkin_ws/install/fobo_simulation/lib/python3.8/site-packages/fobo_simulation/state_publisher.py
/catkin_ws/install/fobo_simulation/lib/python3.8/site-packages/fobo_simulation/__pycache__/__init__.cpython-38.pyc
/catkin_ws/install/fobo_simulation/lib/python3.8/site-packages/fobo_simulation/__pycache__/state_publisher.cpython-38.pyc
/catkin_ws/install/fobo_simulation/share/ament_index/resource_index/packages/fobo_simulation
/catkin_ws/install/fobo_simulation/share/fobo_simulation/package.xml
/catkin_ws/install/fobo_simulation/share/fobo_simulation/robot_state_publisher.launch.py
/catkin_ws/install/fobo_simulation/share/fobo_simulation/sim.launch.py
/catkin_ws/install/fobo_simulation/share/fobo_simulation/test.launch.py
/catkin_ws/install/fobo_simulation/share/fobo_simulation
/catkin_ws/install/fobo_simulation/share/fobo_simulation/total_model.stl
/catkin_ws/install/fobo_simulation/share/fobo_simulation/robot_base.stl
/catkin_ws/install/fobo_simulation/share/fobo_simulation/total_model.dae
/catkin_ws/install/fobo_simulation/share/fobo_simulation/urdf_config.rviz
/catkin_ws/install/fobo_simulation/share/fobo_simulation/fobo.urdf
/catkin_ws/install/fobo_simulation/share/fobo_simulation/two_wheeled_robot.urdf
/catkin_ws/install/fobo_simulation/share/fobo_simulation/turtlebot3_burger.urdf
/catkin_ws/install/fobo_simulation/lib/python3.8/site-packages/fobo_simulation-0.0.0-py3.8.egg-info/requires.txt
/catkin_ws/install/fobo_simulation/lib/python3.8/site-packages/fobo_simulation-0.0.0-py3.8.egg-info/top_level.txt
/catkin_ws/install/fobo_simulation/lib/python3.8/site-packages/fobo_simulation-0.0.0-py3.8.egg-info/entry_points.txt
/catkin_ws/install/fobo_simulation/lib/python3.8/site-packages/fobo_simulation-0.0.0-py3.8.egg-info/SOURCES.txt
/catkin_ws/install/fobo_simulation/lib/python3.8/site-packages/fobo_simulation-0.0.0-py3.8.egg-info/PKG-INFO
/catkin_ws/install/fobo_simulation/lib/python3.8/site-packages/fobo_simulation-0.0.0-py3.8.egg-info/dependency_links.txt
/catkin_ws/install/fobo_simulation/lib/python3.8/site-packages/fobo_simulation-0.0.0-py3.8.egg-info/zip-safe
