Determining if the pthread_create exist failed with the following output:
Change Dir: /usr/src/ros2_ws/build/fobo_yolo/CMakeFiles/CMakeTmp

Run Build Command:"/usr/bin/make" "cmTC_e6f77/fast"
/usr/bin/make -f CMakeFiles/cmTC_e6f77.dir/build.make CMakeFiles/cmTC_e6f77.dir/build
make[1]: Entering directory '/usr/src/ros2_ws/build/fobo_yolo/CMakeFiles/CMakeTmp'
Building C object CMakeFiles/cmTC_e6f77.dir/CheckSymbolExists.c.o
/usr/bin/cc    -o CMakeFiles/cmTC_e6f77.dir/CheckSymbolExists.c.o   -c /usr/src/ros2_ws/build/fobo_yolo/CMakeFiles/CMakeTmp/CheckSymbolExists.c
Linking C executable cmTC_e6f77
/usr/bin/cmake -E cmake_link_script CMakeFiles/cmTC_e6f77.dir/link.txt --verbose=1
/usr/bin/cc      CMakeFiles/cmTC_e6f77.dir/CheckSymbolExists.c.o  -o cmTC_e6f77 
CMakeFiles/cmTC_e6f77.dir/CheckSymbolExists.c.o: In function `main':
CheckSymbolExists.c:(.text+0x14): undefined reference to `pthread_create'
CheckSymbolExists.c:(.text+0x18): undefined reference to `pthread_create'
collect2: error: ld returned 1 exit status
CMakeFiles/cmTC_e6f77.dir/build.make:97: recipe for target 'cmTC_e6f77' failed
make[1]: *** [cmTC_e6f77] Error 1
make[1]: Leaving directory '/usr/src/ros2_ws/build/fobo_yolo/CMakeFiles/CMakeTmp'
Makefile:126: recipe for target 'cmTC_e6f77/fast' failed
make: *** [cmTC_e6f77/fast] Error 2

File /usr/src/ros2_ws/build/fobo_yolo/CMakeFiles/CMakeTmp/CheckSymbolExists.c:
/* */
#include <pthread.h>

int main(int argc, char** argv)
{
  (void)argv;
#ifndef pthread_create
  return ((int*)(&pthread_create))[argc];
#else
  (void)argc;
  return 0;
#endif
}

Determining if the function pthread_create exists in the pthreads failed with the following output:
Change Dir: /usr/src/ros2_ws/build/fobo_yolo/CMakeFiles/CMakeTmp

Run Build Command:"/usr/bin/make" "cmTC_7ac27/fast"
/usr/bin/make -f CMakeFiles/cmTC_7ac27.dir/build.make CMakeFiles/cmTC_7ac27.dir/build
make[1]: Entering directory '/usr/src/ros2_ws/build/fobo_yolo/CMakeFiles/CMakeTmp'
Building C object CMakeFiles/cmTC_7ac27.dir/CheckFunctionExists.c.o
/usr/bin/cc   -DCHECK_FUNCTION_EXISTS=pthread_create   -o CMakeFiles/cmTC_7ac27.dir/CheckFunctionExists.c.o   -c /usr/share/cmake-3.10/Modules/CheckFunctionExists.c
Linking C executable cmTC_7ac27
/usr/bin/cmake -E cmake_link_script CMakeFiles/cmTC_7ac27.dir/link.txt --verbose=1
/usr/bin/cc  -DCHECK_FUNCTION_EXISTS=pthread_create    CMakeFiles/cmTC_7ac27.dir/CheckFunctionExists.c.o  -o cmTC_7ac27 -lpthreads 
/usr/bin/ld: cannot find -lpthreads
collect2: error: ld returned 1 exit status
CMakeFiles/cmTC_7ac27.dir/build.make:97: recipe for target 'cmTC_7ac27' failed
make[1]: *** [cmTC_7ac27] Error 1
make[1]: Leaving directory '/usr/src/ros2_ws/build/fobo_yolo/CMakeFiles/CMakeTmp'
Makefile:126: recipe for target 'cmTC_7ac27/fast' failed
make: *** [cmTC_7ac27/fast] Error 2


