[1.306s] Invoking command in '/catkin_ws/src/turtlebot3/turtlebot3/turtlebot3_teleop': PYTHONPATH=/catkin_ws/build/turtlebot3_teleop/prefix_override:/catkin_ws/install/turtlebot3_teleop/lib/python3.8/site-packages:${PYTHONPATH} /usr/bin/python3 setup.py egg_info --egg-base ../../../../build/turtlebot3_teleop build --build-base /catkin_ws/build/turtlebot3_teleop/build install --record /catkin_ws/build/turtlebot3_teleop/install.log --single-version-externally-managed
[1.612s] running egg_info
[1.613s] writing ../../../../build/turtlebot3_teleop/turtlebot3_teleop.egg-info/PKG-INFO
[1.613s] writing dependency_links to ../../../../build/turtlebot3_teleop/turtlebot3_teleop.egg-info/dependency_links.txt
[1.613s] writing entry points to ../../../../build/turtlebot3_teleop/turtlebot3_teleop.egg-info/entry_points.txt
[1.614s] writing requirements to ../../../../build/turtlebot3_teleop/turtlebot3_teleop.egg-info/requires.txt
[1.614s] writing top-level names to ../../../../build/turtlebot3_teleop/turtlebot3_teleop.egg-info/top_level.txt
[1.668s] reading manifest file '../../../../build/turtlebot3_teleop/turtlebot3_teleop.egg-info/SOURCES.txt'
[1.670s] writing manifest file '../../../../build/turtlebot3_teleop/turtlebot3_teleop.egg-info/SOURCES.txt'
[1.670s] running build
[1.670s] running build_py
[1.670s] running install
[1.671s] running install_lib
[1.673s] running install_data
[1.674s] running install_egg_info
[1.676s] removing '/catkin_ws/install/turtlebot3_teleop/lib/python3.8/site-packages/turtlebot3_teleop-2.1.4-py3.8.egg-info' (and everything under it)
[1.676s] Copying ../../../../build/turtlebot3_teleop/turtlebot3_teleop.egg-info to /catkin_ws/install/turtlebot3_teleop/lib/python3.8/site-packages/turtlebot3_teleop-2.1.4-py3.8.egg-info
[1.677s] running install_scripts
[1.697s] Installing teleop_keyboard script to /catkin_ws/install/turtlebot3_teleop/lib/turtlebot3_teleop
[1.698s] writing list of installed files to '/catkin_ws/build/turtlebot3_teleop/install.log'
[1.881s] Invoked command in '/catkin_ws/src/turtlebot3/turtlebot3/turtlebot3_teleop' returned '0': PYTHONPATH=/catkin_ws/build/turtlebot3_teleop/prefix_override:/catkin_ws/install/turtlebot3_teleop/lib/python3.8/site-packages:${PYTHONPATH} /usr/bin/python3 setup.py egg_info --egg-base ../../../../build/turtlebot3_teleop build --build-base /catkin_ws/build/turtlebot3_teleop/build install --record /catkin_ws/build/turtlebot3_teleop/install.log --single-version-externally-managed
