[0.096s] Invoking command in '/catkin_ws/build/dynamixel_sdk': CMAKE_PREFIX_PATH=${CMAKE_PREFIX_PATH}:/catkin_ws/install/turtlebot3_example:/catkin_ws/install/turtlebot3_teleop:/catkin_ws/install/fobo_simulation:/opt/ros/foxy /usr/bin/cmake /catkin_ws/src/utils/DynamixelSDK/dynamixel_sdk -DCMAKE_INSTALL_PREFIX=/catkin_ws/install/dynamixel_sdk
[0.630s] -- The C compiler identification is GNU 9.4.0
[0.630s] -- The CXX compiler identification is GNU 9.4.0
[0.631s] -- Check for working C compiler: /usr/bin/cc
[0.631s] -- Check for working C compiler: /usr/bin/cc -- works
[0.631s] -- Detecting C compiler ABI info
[0.841s] -- Detecting C compiler ABI info - done
[0.870s] -- Detecting C compile features
[0.871s] -- Detecting C compile features - done
[0.876s] -- Check for working CXX compiler: /usr/bin/c++
[1.070s] -- Check for working CXX compiler: /usr/bin/c++ -- works
[1.073s] -- Detecting CXX compiler ABI info
[1.361s] -- Detecting CXX compiler ABI info - done
[1.398s] -- Detecting CXX compile features
[1.400s] -- Detecting CXX compile features - done
[1.411s] -- Found ament_cmake: 0.9.11 (/opt/ros/foxy/share/ament_cmake/cmake)
[1.469s] -- Found PythonInterp: /usr/bin/python3 (found suitable version "3.8.10", minimum required is "3") 
[1.470s] -- Using PYTHON_EXECUTABLE: /usr/bin/python3
[2.022s] -- Configuring done
[2.040s] -- Generating done
[2.040s] -- Build files have been written to: /catkin_ws/build/dynamixel_sdk
[2.066s] Invoked command in '/catkin_ws/build/dynamixel_sdk' returned '0': CMAKE_PREFIX_PATH=${CMAKE_PREFIX_PATH}:/catkin_ws/install/turtlebot3_example:/catkin_ws/install/turtlebot3_teleop:/catkin_ws/install/fobo_simulation:/opt/ros/foxy /usr/bin/cmake /catkin_ws/src/utils/DynamixelSDK/dynamixel_sdk -DCMAKE_INSTALL_PREFIX=/catkin_ws/install/dynamixel_sdk
[2.067s] Invoking command in '/catkin_ws/build/dynamixel_sdk': CMAKE_PREFIX_PATH=${CMAKE_PREFIX_PATH}:/catkin_ws/install/turtlebot3_example:/catkin_ws/install/turtlebot3_teleop:/catkin_ws/install/fobo_simulation:/opt/ros/foxy /usr/bin/cmake --build /catkin_ws/build/dynamixel_sdk -- -j8 -l8
[2.152s] [35m[1mScanning dependencies of target dynamixel_sdk[0m
[2.184s] [ 10%] [32mBuilding CXX object CMakeFiles/dynamixel_sdk.dir/src/dynamixel_sdk/protocol2_packet_handler.cpp.o[0m
[2.184s] [ 20%] [32mBuilding CXX object CMakeFiles/dynamixel_sdk.dir/src/dynamixel_sdk/group_sync_read.cpp.o[0m
[2.187s] [ 30%] [32mBuilding CXX object CMakeFiles/dynamixel_sdk.dir/src/dynamixel_sdk/protocol1_packet_handler.cpp.o[0m
[2.202s] [ 40%] [32mBuilding CXX object CMakeFiles/dynamixel_sdk.dir/src/dynamixel_sdk/packet_handler.cpp.o[0m
[2.214s] [ 50%] [32mBuilding CXX object CMakeFiles/dynamixel_sdk.dir/src/dynamixel_sdk/group_sync_write.cpp.o[0m
[2.229s] [ 60%] [32mBuilding CXX object CMakeFiles/dynamixel_sdk.dir/src/dynamixel_sdk/group_bulk_read.cpp.o[0m
[2.230s] [ 70%] [32mBuilding CXX object CMakeFiles/dynamixel_sdk.dir/src/dynamixel_sdk/group_bulk_write.cpp.o[0m
[2.267s] [ 80%] [32mBuilding CXX object CMakeFiles/dynamixel_sdk.dir/src/dynamixel_sdk/port_handler.cpp.o[0m
[2.366s] [ 90%] [32mBuilding CXX object CMakeFiles/dynamixel_sdk.dir/src/dynamixel_sdk/port_handler_linux.cpp.o[0m
[3.763s] [100%] [32m[1mLinking CXX shared library libdynamixel_sdk.so[0m
[4.065s] [100%] Built target dynamixel_sdk
[4.103s] Invoked command in '/catkin_ws/build/dynamixel_sdk' returned '0': CMAKE_PREFIX_PATH=${CMAKE_PREFIX_PATH}:/catkin_ws/install/turtlebot3_example:/catkin_ws/install/turtlebot3_teleop:/catkin_ws/install/fobo_simulation:/opt/ros/foxy /usr/bin/cmake --build /catkin_ws/build/dynamixel_sdk -- -j8 -l8
[4.287s] Invoking command in '/catkin_ws/build/dynamixel_sdk': CMAKE_PREFIX_PATH=${CMAKE_PREFIX_PATH}:/catkin_ws/install/turtlebot3_example:/catkin_ws/install/turtlebot3_teleop:/catkin_ws/install/fobo_simulation:/opt/ros/foxy /usr/bin/cmake --install /catkin_ws/build/dynamixel_sdk
[4.307s] -- Install configuration: ""
[4.307s] -- Installing: /catkin_ws/install/dynamixel_sdk/include/
[4.308s] -- Installing: /catkin_ws/install/dynamixel_sdk/include//dynamixel_sdk
[4.308s] -- Installing: /catkin_ws/install/dynamixel_sdk/include//dynamixel_sdk/packet_handler.h
[4.308s] -- Installing: /catkin_ws/install/dynamixel_sdk/include//dynamixel_sdk/group_bulk_read.h
[4.308s] -- Installing: /catkin_ws/install/dynamixel_sdk/include//dynamixel_sdk/port_handler_arduino.h
[4.308s] -- Installing: /catkin_ws/install/dynamixel_sdk/include//dynamixel_sdk/protocol2_packet_handler.h
[4.308s] -- Installing: /catkin_ws/install/dynamixel_sdk/include//dynamixel_sdk/port_handler_mac.h
[4.309s] -- Installing: /catkin_ws/install/dynamixel_sdk/include//dynamixel_sdk/group_sync_write.h
[4.309s] -- Installing: /catkin_ws/install/dynamixel_sdk/include//dynamixel_sdk/port_handler_linux.h
[4.309s] -- Installing: /catkin_ws/install/dynamixel_sdk/include//dynamixel_sdk/dynamixel_sdk.h
[4.309s] -- Installing: /catkin_ws/install/dynamixel_sdk/include//dynamixel_sdk/group_sync_read.h
[4.309s] -- Installing: /catkin_ws/install/dynamixel_sdk/include//dynamixel_sdk/port_handler.h
[4.310s] -- Installing: /catkin_ws/install/dynamixel_sdk/include//dynamixel_sdk/group_bulk_write.h
[4.310s] -- Installing: /catkin_ws/install/dynamixel_sdk/include//dynamixel_sdk/protocol1_packet_handler.h
[4.310s] -- Installing: /catkin_ws/install/dynamixel_sdk/include//dynamixel_sdk/port_handler_windows.h
[4.310s] -- Installing: /catkin_ws/install/dynamixel_sdk/lib/libdynamixel_sdk.so
[4.310s] -- Installing: /catkin_ws/install/dynamixel_sdk/share/dynamixel_sdk/environment/library_path.sh
[4.311s] -- Installing: /catkin_ws/install/dynamixel_sdk/share/dynamixel_sdk/environment/library_path.dsv
[4.311s] -- Installing: /catkin_ws/install/dynamixel_sdk/share/ament_index/resource_index/package_run_dependencies/dynamixel_sdk
[4.311s] -- Installing: /catkin_ws/install/dynamixel_sdk/share/ament_index/resource_index/parent_prefix_path/dynamixel_sdk
[4.312s] -- Installing: /catkin_ws/install/dynamixel_sdk/share/dynamixel_sdk/environment/ament_prefix_path.sh
[4.312s] -- Installing: /catkin_ws/install/dynamixel_sdk/share/dynamixel_sdk/environment/ament_prefix_path.dsv
[4.312s] -- Installing: /catkin_ws/install/dynamixel_sdk/share/dynamixel_sdk/environment/path.sh
[4.312s] -- Installing: /catkin_ws/install/dynamixel_sdk/share/dynamixel_sdk/environment/path.dsv
[4.312s] -- Installing: /catkin_ws/install/dynamixel_sdk/share/dynamixel_sdk/local_setup.bash
[4.313s] -- Installing: /catkin_ws/install/dynamixel_sdk/share/dynamixel_sdk/local_setup.sh
[4.313s] -- Installing: /catkin_ws/install/dynamixel_sdk/share/dynamixel_sdk/local_setup.zsh
[4.313s] -- Installing: /catkin_ws/install/dynamixel_sdk/share/dynamixel_sdk/local_setup.dsv
[4.313s] -- Installing: /catkin_ws/install/dynamixel_sdk/share/dynamixel_sdk/package.dsv
[4.313s] -- Installing: /catkin_ws/install/dynamixel_sdk/share/ament_index/resource_index/packages/dynamixel_sdk
[4.314s] -- Installing: /catkin_ws/install/dynamixel_sdk/share/dynamixel_sdk/cmake/ament_cmake_export_include_directories-extras.cmake
[4.314s] -- Installing: /catkin_ws/install/dynamixel_sdk/share/dynamixel_sdk/cmake/ament_cmake_export_libraries-extras.cmake
[4.314s] -- Installing: /catkin_ws/install/dynamixel_sdk/share/dynamixel_sdk/cmake/dynamixel_sdkConfig.cmake
[4.315s] -- Installing: /catkin_ws/install/dynamixel_sdk/share/dynamixel_sdk/cmake/dynamixel_sdkConfig-version.cmake
[4.315s] -- Installing: /catkin_ws/install/dynamixel_sdk/share/dynamixel_sdk/package.xml
[4.323s] Invoked command in '/catkin_ws/build/dynamixel_sdk' returned '0': CMAKE_PREFIX_PATH=${CMAKE_PREFIX_PATH}:/catkin_ws/install/turtlebot3_example:/catkin_ws/install/turtlebot3_teleop:/catkin_ws/install/fobo_simulation:/opt/ros/foxy /usr/bin/cmake --install /catkin_ws/build/dynamixel_sdk
