running egg_info
writing ../../build/fobo_simulation/fobo_simulation.egg-info/PKG-INFO
writing dependency_links to ../../build/fobo_simulation/fobo_simulation.egg-info/dependency_links.txt
writing entry points to ../../build/fobo_simulation/fobo_simulation.egg-info/entry_points.txt
writing requirements to ../../build/fobo_simulation/fobo_simulation.egg-info/requires.txt
writing top-level names to ../../build/fobo_simulation/fobo_simulation.egg-info/top_level.txt
reading manifest file '../../build/fobo_simulation/fobo_simulation.egg-info/SOURCES.txt'
writing manifest file '../../build/fobo_simulation/fobo_simulation.egg-info/SOURCES.txt'
running build
running build_py
running install
running install_lib
running install_data
copying launch/sim.launch.py -> /catkin_ws/install/fobo_simulation/share/fobo_simulation
copying launch/test.launch.py -> /catkin_ws/install/fobo_simulation/share/fobo_simulation
copying meshes/total_model.stl -> /catkin_ws/install/fobo_simulation/share/fobo_simulation
copying meshes/robot_base.stl -> /catkin_ws/install/fobo_simulation/share/fobo_simulation
copying meshes/total_model.dae -> /catkin_ws/install/fobo_simulation/share/fobo_simulation
copying rviz/urdf_config.rviz -> /catkin_ws/install/fobo_simulation/share/fobo_simulation
copying urdf/fobo.urdf -> /catkin_ws/install/fobo_simulation/share/fobo_simulation
copying urdf/two_wheeled_robot.urdf -> /catkin_ws/install/fobo_simulation/share/fobo_simulation
running install_egg_info
Copying ../../build/fobo_simulation/fobo_simulation.egg-info to /catkin_ws/install/fobo_simulation/lib/python3.8/site-packages/fobo_simulation-0.0.0-py3.8.egg-info
running install_scripts
writing list of installed files to '/catkin_ws/build/fobo_simulation/install.log'
