[1.208s] Invoking command in '/catkin_ws/src/fobo_simulation': PYTHONPATH=/catkin_ws/build/fobo_simulation/prefix_override:/catkin_ws/install/fobo_simulation/lib/python3.8/site-packages:${PYTHONPATH} /usr/bin/python3 setup.py egg_info --egg-base ../../build/fobo_simulation build --build-base /catkin_ws/build/fobo_simulation/build install --record /catkin_ws/build/fobo_simulation/install.log --install-scripts $base/lib/fobo_simulation --single-version-externally-managed
[1.638s] running egg_info
[1.641s] writing ../../build/fobo_simulation/fobo_simulation.egg-info/PKG-INFO
[1.641s] writing dependency_links to ../../build/fobo_simulation/fobo_simulation.egg-info/dependency_links.txt
[1.641s] writing entry points to ../../build/fobo_simulation/fobo_simulation.egg-info/entry_points.txt
[1.641s] writing requirements to ../../build/fobo_simulation/fobo_simulation.egg-info/requires.txt
[1.641s] writing top-level names to ../../build/fobo_simulation/fobo_simulation.egg-info/top_level.txt
[1.700s] reading manifest file '../../build/fobo_simulation/fobo_simulation.egg-info/SOURCES.txt'
[1.703s] writing manifest file '../../build/fobo_simulation/fobo_simulation.egg-info/SOURCES.txt'
[1.704s] running build
[1.704s] running build_py
[1.704s] running install
[1.705s] running install_lib
[1.708s] running install_data
[1.709s] copying launch/sim.launch.py -> /catkin_ws/install/fobo_simulation/share/fobo_simulation
[1.709s] copying launch/test.launch.py -> /catkin_ws/install/fobo_simulation/share/fobo_simulation
[1.709s] copying meshes/total_model.stl -> /catkin_ws/install/fobo_simulation/share/fobo_simulation
[1.711s] copying meshes/robot_base.stl -> /catkin_ws/install/fobo_simulation/share/fobo_simulation
[1.712s] copying meshes/total_model.dae -> /catkin_ws/install/fobo_simulation/share/fobo_simulation
[1.716s] copying rviz/urdf_config.rviz -> /catkin_ws/install/fobo_simulation/share/fobo_simulation
[1.716s] copying urdf/fobo.urdf -> /catkin_ws/install/fobo_simulation/share/fobo_simulation
[1.716s] copying urdf/two_wheeled_robot.urdf -> /catkin_ws/install/fobo_simulation/share/fobo_simulation
[1.717s] running install_egg_info
[1.720s] Copying ../../build/fobo_simulation/fobo_simulation.egg-info to /catkin_ws/install/fobo_simulation/lib/python3.8/site-packages/fobo_simulation-0.0.0-py3.8.egg-info
[1.722s] running install_scripts
[1.749s] writing list of installed files to '/catkin_ws/build/fobo_simulation/install.log'
[1.800s] Invoked command in '/catkin_ws/src/fobo_simulation' returned '0': PYTHONPATH=/catkin_ws/build/fobo_simulation/prefix_override:/catkin_ws/install/fobo_simulation/lib/python3.8/site-packages:${PYTHONPATH} /usr/bin/python3 setup.py egg_info --egg-base ../../build/fobo_simulation build --build-base /catkin_ws/build/fobo_simulation/build install --record /catkin_ws/build/fobo_simulation/install.log --install-scripts $base/lib/fobo_simulation --single-version-externally-managed
