[1.078s] DEBUG:colcon:Command line arguments: ['/usr/bin/colcon', 'build']
[1.078s] DEBUG:colcon:Parsed command line arguments: Namespace(allow_overriding=[], ament_cmake_args=None, base_paths=['.'], build_base='build', catkin_cmake_args=None, catkin_skip_building_tests=False, cmake_args=None, cmake_clean_cache=False, cmake_clean_first=False, cmake_force_configure=False, cmake_target=None, cmake_target_skip_unavailable=False, continue_on_error=False, event_handlers=None, executor='parallel', ignore_user_meta=False, install_base='install', log_base=None, log_level=None, main=<bound method BuildVerb.main of <colcon_core.verb.build.BuildVerb object at 0x7f9951c550>>, merge_install=False, metas=['./colcon.meta'], packages_above=None, packages_above_and_dependencies=None, packages_above_depth=None, packages_end=None, packages_ignore=None, packages_ignore_regex=None, packages_select=None, packages_select_build_failed=False, packages_select_by_dep=None, packages_select_regex=None, packages_select_test_failures=False, packages_skip=None, packages_skip_build_finished=False, packages_skip_by_dep=None, packages_skip_regex=None, packages_skip_test_passed=False, packages_skip_up_to=None, packages_start=None, packages_up_to=None, packages_up_to_regex=None, parallel_workers=4, paths=None, symlink_install=False, test_result_base=None, verb_extension=<colcon_core.verb.build.BuildVerb object at 0x7f9951c550>, verb_name='build', verb_parser=<colcon_defaults.argument_parser.defaults.DefaultArgumentsDecorator object at 0x7f9951c8d0>)
[1.287s] Level 1:colcon.colcon_core.package_discovery:discover_packages(colcon_meta) check parameters
[1.288s] Level 1:colcon.colcon_core.package_discovery:discover_packages(recursive) check parameters
[1.288s] Level 1:colcon.colcon_core.package_discovery:discover_packages(ignore) check parameters
[1.288s] Level 1:colcon.colcon_core.package_discovery:discover_packages(path) check parameters
[1.288s] Level 1:colcon.colcon_core.package_discovery:discover_packages(colcon_meta) discover
[1.290s] Level 1:colcon.colcon_core.package_discovery:discover_packages(recursive) discover
[1.290s] INFO:colcon.colcon_core.package_discovery:Crawling recursively for packages in '/usr/src/ros2_ws'
[1.290s] Level 1:colcon.colcon_core.package_identification:_identify(.) by extensions ['ignore', 'ignore_ament_install']
[1.291s] Level 1:colcon.colcon_core.package_identification:_identify(.) by extension 'ignore'
[1.291s] Level 1:colcon.colcon_core.package_identification:_identify(.) by extension 'ignore_ament_install'
[1.291s] Level 1:colcon.colcon_core.package_identification:_identify(.) by extensions ['colcon_pkg']
[1.292s] Level 1:colcon.colcon_core.package_identification:_identify(.) by extension 'colcon_pkg'
[1.292s] Level 1:colcon.colcon_core.package_identification:_identify(.) by extensions ['colcon_meta']
[1.292s] Level 1:colcon.colcon_core.package_identification:_identify(.) by extension 'colcon_meta'
[1.292s] Level 1:colcon.colcon_core.package_identification:_identify(.) by extensions ['ros']
[1.292s] Level 1:colcon.colcon_core.package_identification:_identify(.) by extension 'ros'
[1.356s] Level 1:colcon.colcon_core.package_identification:_identify(.) by extensions ['cmake', 'python']
[1.356s] Level 1:colcon.colcon_core.package_identification:_identify(.) by extension 'cmake'
[1.357s] Level 1:colcon.colcon_core.package_identification:_identify(.) by extension 'python'
[1.357s] Level 1:colcon.colcon_core.package_identification:_identify(.) by extensions ['python_setup_py']
[1.357s] Level 1:colcon.colcon_core.package_identification:_identify(.) by extension 'python_setup_py'
[1.358s] Level 1:colcon.colcon_core.package_identification:_identify(build) by extensions ['ignore', 'ignore_ament_install']
[1.358s] Level 1:colcon.colcon_core.package_identification:_identify(build) by extension 'ignore'
[1.358s] Level 1:colcon.colcon_core.package_identification:_identify(build) ignored
[1.360s] Level 1:colcon.colcon_core.package_identification:_identify(install) by extensions ['ignore', 'ignore_ament_install']
[1.360s] Level 1:colcon.colcon_core.package_identification:_identify(install) by extension 'ignore'
[1.361s] Level 1:colcon.colcon_core.package_identification:_identify(install) ignored
[1.361s] Level 1:colcon.colcon_core.package_identification:_identify(log) by extensions ['ignore', 'ignore_ament_install']
[1.362s] Level 1:colcon.colcon_core.package_identification:_identify(log) by extension 'ignore'
[1.362s] Level 1:colcon.colcon_core.package_identification:_identify(log) ignored
[1.362s] Level 1:colcon.colcon_core.package_identification:_identify(src) by extensions ['ignore', 'ignore_ament_install']
[1.363s] Level 1:colcon.colcon_core.package_identification:_identify(src) by extension 'ignore'
[1.363s] Level 1:colcon.colcon_core.package_identification:_identify(src) by extension 'ignore_ament_install'
[1.363s] Level 1:colcon.colcon_core.package_identification:_identify(src) by extensions ['colcon_pkg']
[1.363s] Level 1:colcon.colcon_core.package_identification:_identify(src) by extension 'colcon_pkg'
[1.364s] Level 1:colcon.colcon_core.package_identification:_identify(src) by extensions ['colcon_meta']
[1.364s] Level 1:colcon.colcon_core.package_identification:_identify(src) by extension 'colcon_meta'
[1.364s] Level 1:colcon.colcon_core.package_identification:_identify(src) by extensions ['ros']
[1.364s] Level 1:colcon.colcon_core.package_identification:_identify(src) by extension 'ros'
[1.365s] Level 1:colcon.colcon_core.package_identification:_identify(src) by extensions ['cmake', 'python']
[1.365s] Level 1:colcon.colcon_core.package_identification:_identify(src) by extension 'cmake'
[1.365s] Level 1:colcon.colcon_core.package_identification:_identify(src) by extension 'python'
[1.365s] Level 1:colcon.colcon_core.package_identification:_identify(src) by extensions ['python_setup_py']
[1.366s] Level 1:colcon.colcon_core.package_identification:_identify(src) by extension 'python_setup_py'
[1.366s] Level 1:colcon.colcon_core.package_identification:_identify(src/fobo_yolo) by extensions ['ignore', 'ignore_ament_install']
[1.366s] Level 1:colcon.colcon_core.package_identification:_identify(src/fobo_yolo) by extension 'ignore'
[1.367s] Level 1:colcon.colcon_core.package_identification:_identify(src/fobo_yolo) by extension 'ignore_ament_install'
[1.367s] Level 1:colcon.colcon_core.package_identification:_identify(src/fobo_yolo) by extensions ['colcon_pkg']
[1.367s] Level 1:colcon.colcon_core.package_identification:_identify(src/fobo_yolo) by extension 'colcon_pkg'
[1.368s] Level 1:colcon.colcon_core.package_identification:_identify(src/fobo_yolo) by extensions ['colcon_meta']
[1.368s] Level 1:colcon.colcon_core.package_identification:_identify(src/fobo_yolo) by extension 'colcon_meta'
[1.368s] Level 1:colcon.colcon_core.package_identification:_identify(src/fobo_yolo) by extensions ['ros']
[1.368s] Level 1:colcon.colcon_core.package_identification:_identify(src/fobo_yolo) by extension 'ros'
[1.390s] DEBUG:colcon.colcon_core.package_identification:Package 'src/fobo_yolo' with type 'ros.ament_cmake' and name 'fobo_yolo'
[1.390s] Level 1:colcon.colcon_core.package_discovery:discover_packages(recursive) using defaults
[1.391s] Level 1:colcon.colcon_core.package_discovery:discover_packages(ignore) discover
[1.391s] Level 1:colcon.colcon_core.package_discovery:discover_packages(ignore) using defaults
[1.392s] Level 1:colcon.colcon_core.package_discovery:discover_packages(path) discover
[1.392s] Level 1:colcon.colcon_core.package_discovery:discover_packages(path) using defaults
[1.514s] Level 1:colcon.colcon_core.package_discovery:discover_packages(prefix_path) check parameters
[1.515s] Level 1:colcon.colcon_core.package_discovery:discover_packages(prefix_path) discover
[1.535s] DEBUG:colcon.colcon_installed_package_information.package_discovery:Found 215 installed packages in /opt/ros/dashing
[1.545s] Level 1:colcon.colcon_core.package_discovery:discover_packages(prefix_path) using defaults
[1.863s] Level 5:colcon.colcon_core.verb:set package 'fobo_yolo' build argument 'cmake_args' from command line to 'None'
[1.864s] Level 5:colcon.colcon_core.verb:set package 'fobo_yolo' build argument 'cmake_target' from command line to 'None'
[1.864s] Level 5:colcon.colcon_core.verb:set package 'fobo_yolo' build argument 'cmake_target_skip_unavailable' from command line to 'False'
[1.864s] Level 5:colcon.colcon_core.verb:set package 'fobo_yolo' build argument 'cmake_clean_cache' from command line to 'False'
[1.864s] Level 5:colcon.colcon_core.verb:set package 'fobo_yolo' build argument 'cmake_clean_first' from command line to 'False'
[1.865s] Level 5:colcon.colcon_core.verb:set package 'fobo_yolo' build argument 'cmake_force_configure' from command line to 'False'
[1.865s] Level 5:colcon.colcon_core.verb:set package 'fobo_yolo' build argument 'ament_cmake_args' from command line to 'None'
[1.865s] Level 5:colcon.colcon_core.verb:set package 'fobo_yolo' build argument 'catkin_cmake_args' from command line to 'None'
[1.865s] Level 5:colcon.colcon_core.verb:set package 'fobo_yolo' build argument 'catkin_skip_building_tests' from command line to 'False'
[1.865s] DEBUG:colcon.colcon_core.verb:Building package 'fobo_yolo' with the following arguments: {'ament_cmake_args': None, 'build_base': '/usr/src/ros2_ws/build/fobo_yolo', 'catkin_cmake_args': None, 'catkin_skip_building_tests': False, 'cmake_args': None, 'cmake_clean_cache': False, 'cmake_clean_first': False, 'cmake_force_configure': False, 'cmake_target': None, 'cmake_target_skip_unavailable': False, 'install_base': '/usr/src/ros2_ws/install/fobo_yolo', 'merge_install': False, 'path': '/usr/src/ros2_ws/src/fobo_yolo', 'symlink_install': False, 'test_result_base': None}
[1.868s] INFO:colcon.colcon_core.executor:Executing jobs using 'parallel' executor
[1.885s] DEBUG:colcon.colcon_parallel_executor.executor.parallel:run_until_complete
[1.887s] INFO:colcon.colcon_ros.task.ament_cmake.build:Building ROS package in '/usr/src/ros2_ws/src/fobo_yolo' with build type 'ament_cmake'
[1.888s] INFO:colcon.colcon_cmake.task.cmake.build:Building CMake package in '/usr/src/ros2_ws/src/fobo_yolo'
[1.916s] INFO:colcon.colcon_core.plugin_system:Skipping extension 'colcon_core.shell.bat': Not used on non-Windows systems
[1.917s] INFO:colcon.colcon_core.shell:Skip shell extension 'powershell' for command environment: Not usable outside of PowerShell
[1.918s] DEBUG:colcon.colcon_core.shell:Skip shell extension 'dsv' for command environment
[1.953s] DEBUG:colcon.colcon_core.event_handler.log_command:Invoking command in '/usr/src/ros2_ws/build/fobo_yolo': CMAKE_PREFIX_PATH=/opt/ros/dashing /usr/bin/cmake /usr/src/ros2_ws/src/fobo_yolo -DCMAKE_INSTALL_PREFIX=/usr/src/ros2_ws/install/fobo_yolo
[9.735s] DEBUG:colcon.colcon_core.event_handler.log_command:Invoked command in '/usr/src/ros2_ws/build/fobo_yolo' returned '0': CMAKE_PREFIX_PATH=/opt/ros/dashing /usr/bin/cmake /usr/src/ros2_ws/src/fobo_yolo -DCMAKE_INSTALL_PREFIX=/usr/src/ros2_ws/install/fobo_yolo
[9.745s] DEBUG:colcon.colcon_core.event_handler.log_command:Invoking command in '/usr/src/ros2_ws/build/fobo_yolo': CMAKE_PREFIX_PATH=/opt/ros/dashing /usr/bin/cmake --build /usr/src/ros2_ws/build/fobo_yolo -- -j4 -l4
[9.900s] DEBUG:colcon.colcon_core.event_handler.log_command:Invoked command in '/usr/src/ros2_ws/build/fobo_yolo' returned '0': CMAKE_PREFIX_PATH=/opt/ros/dashing /usr/bin/cmake --build /usr/src/ros2_ws/build/fobo_yolo -- -j4 -l4
[10.023s] DEBUG:colcon.colcon_core.event_handler.log_command:Invoking command in '/usr/src/ros2_ws/build/fobo_yolo': CMAKE_PREFIX_PATH=/opt/ros/dashing /usr/bin/cmake --build /usr/src/ros2_ws/build/fobo_yolo --target install -- -j4 -l4
[10.257s] Level 1:colcon.colcon_core.environment:create_environment_scripts_only(fobo_yolo)
[10.260s] DEBUG:colcon.colcon_core.event_handler.log_command:Invoked command in '/usr/src/ros2_ws/build/fobo_yolo' returned '0': CMAKE_PREFIX_PATH=/opt/ros/dashing /usr/bin/cmake --build /usr/src/ros2_ws/build/fobo_yolo --target install -- -j4 -l4
[10.290s] Level 1:colcon.colcon_core.environment:checking '/usr/src/ros2_ws/install/fobo_yolo' for CMake module files
[10.293s] Level 1:colcon.colcon_core.environment:checking '/usr/src/ros2_ws/install/fobo_yolo' for CMake config files
[10.294s] Level 1:colcon.colcon_core.shell:create_environment_hook('fobo_yolo', 'cmake_prefix_path')
[10.301s] INFO:colcon.colcon_core.shell:Creating environment hook '/usr/src/ros2_ws/install/fobo_yolo/share/fobo_yolo/hook/cmake_prefix_path.ps1'
[10.305s] INFO:colcon.colcon_core.shell:Creating environment descriptor '/usr/src/ros2_ws/install/fobo_yolo/share/fobo_yolo/hook/cmake_prefix_path.dsv'
[10.307s] INFO:colcon.colcon_core.shell:Creating environment hook '/usr/src/ros2_ws/install/fobo_yolo/share/fobo_yolo/hook/cmake_prefix_path.sh'
[10.313s] Level 1:colcon.colcon_core.environment:checking '/usr/src/ros2_ws/install/fobo_yolo/lib'
[10.314s] Level 1:colcon.colcon_core.environment:checking '/usr/src/ros2_ws/install/fobo_yolo/bin'
[10.314s] Level 1:colcon.colcon_core.environment:checking '/usr/src/ros2_ws/install/fobo_yolo/lib/pkgconfig/fobo_yolo.pc'
[10.315s] Level 1:colcon.colcon_core.environment:checking '/usr/src/ros2_ws/install/fobo_yolo/lib/python3.6/site-packages'
[10.316s] Level 1:colcon.colcon_core.environment:checking '/usr/src/ros2_ws/install/fobo_yolo/bin'
[10.323s] INFO:colcon.colcon_core.shell:Creating package script '/usr/src/ros2_ws/install/fobo_yolo/share/fobo_yolo/package.ps1'
[10.327s] INFO:colcon.colcon_core.shell:Creating package descriptor '/usr/src/ros2_ws/install/fobo_yolo/share/fobo_yolo/package.dsv'
[10.330s] INFO:colcon.colcon_core.shell:Creating package script '/usr/src/ros2_ws/install/fobo_yolo/share/fobo_yolo/package.sh'
[10.335s] INFO:colcon.colcon_core.shell:Creating package script '/usr/src/ros2_ws/install/fobo_yolo/share/fobo_yolo/package.bash'
[10.345s] INFO:colcon.colcon_core.shell:Creating package script '/usr/src/ros2_ws/install/fobo_yolo/share/fobo_yolo/package.zsh'
[10.350s] Level 1:colcon.colcon_core.environment:create_file_with_runtime_dependencies(/usr/src/ros2_ws/install/fobo_yolo/share/colcon-core/packages/fobo_yolo)
[10.436s] Level 1:colcon.colcon_core.environment:create_environment_scripts_only(fobo_yolo)
[10.448s] Level 1:colcon.colcon_core.environment:checking '/usr/src/ros2_ws/install/fobo_yolo' for CMake module files
[10.451s] Level 1:colcon.colcon_core.environment:checking '/usr/src/ros2_ws/install/fobo_yolo' for CMake config files
[10.452s] Level 1:colcon.colcon_core.shell:create_environment_hook('fobo_yolo', 'cmake_prefix_path')
[10.459s] INFO:colcon.colcon_core.shell:Creating environment hook '/usr/src/ros2_ws/install/fobo_yolo/share/fobo_yolo/hook/cmake_prefix_path.ps1'
[10.461s] INFO:colcon.colcon_core.shell:Creating environment descriptor '/usr/src/ros2_ws/install/fobo_yolo/share/fobo_yolo/hook/cmake_prefix_path.dsv'
[10.462s] INFO:colcon.colcon_core.shell:Creating environment hook '/usr/src/ros2_ws/install/fobo_yolo/share/fobo_yolo/hook/cmake_prefix_path.sh'
[10.466s] Level 1:colcon.colcon_core.environment:checking '/usr/src/ros2_ws/install/fobo_yolo/lib'
[10.466s] Level 1:colcon.colcon_core.environment:checking '/usr/src/ros2_ws/install/fobo_yolo/bin'
[10.467s] Level 1:colcon.colcon_core.environment:checking '/usr/src/ros2_ws/install/fobo_yolo/lib/pkgconfig/fobo_yolo.pc'
[10.468s] Level 1:colcon.colcon_core.environment:checking '/usr/src/ros2_ws/install/fobo_yolo/lib/python3.6/site-packages'
[10.468s] Level 1:colcon.colcon_core.environment:checking '/usr/src/ros2_ws/install/fobo_yolo/bin'
[10.476s] INFO:colcon.colcon_core.shell:Creating package script '/usr/src/ros2_ws/install/fobo_yolo/share/fobo_yolo/package.ps1'
[10.478s] INFO:colcon.colcon_core.shell:Creating package descriptor '/usr/src/ros2_ws/install/fobo_yolo/share/fobo_yolo/package.dsv'
[10.480s] INFO:colcon.colcon_core.shell:Creating package script '/usr/src/ros2_ws/install/fobo_yolo/share/fobo_yolo/package.sh'
[10.482s] INFO:colcon.colcon_core.shell:Creating package script '/usr/src/ros2_ws/install/fobo_yolo/share/fobo_yolo/package.bash'
[10.484s] INFO:colcon.colcon_core.shell:Creating package script '/usr/src/ros2_ws/install/fobo_yolo/share/fobo_yolo/package.zsh'
[10.486s] Level 1:colcon.colcon_core.environment:create_file_with_runtime_dependencies(/usr/src/ros2_ws/install/fobo_yolo/share/colcon-core/packages/fobo_yolo)
[10.488s] DEBUG:colcon.colcon_parallel_executor.executor.parallel:closing loop
[10.490s] DEBUG:colcon.colcon_parallel_executor.executor.parallel:loop closed
[10.491s] DEBUG:colcon.colcon_parallel_executor.executor.parallel:run_until_complete finished with '0'
[10.492s] DEBUG:colcon.colcon_core.event_reactor:joining thread
[10.546s] INFO:colcon.colcon_core.plugin_system:Skipping extension 'colcon_notification.desktop_notification.notify_send': Could not find 'notify-send'
[10.547s] INFO:colcon.colcon_core.plugin_system:Skipping extension 'colcon_notification.desktop_notification.terminal_notifier': Not used on non-Darwin systems
[10.547s] INFO:colcon.colcon_core.plugin_system:Skipping extension 'colcon_notification.desktop_notification.win32': Not used on non-Windows systems
[10.548s] INFO:colcon.colcon_notification.desktop_notification:Sending desktop notification using 'notify2'
[10.556s] DEBUG:colcon.colcon_notification.desktop_notification.notify2:Failed to initialize notify2: org.freedesktop.DBus.Error.Spawn.ExecFailed: /usr/bin/dbus-launch terminated abnormally without any error message
[10.557s] DEBUG:colcon.colcon_core.event_reactor:joined thread
[10.565s] INFO:colcon.colcon_core.shell:Creating prefix script '/usr/src/ros2_ws/install/local_setup.ps1'
[10.571s] INFO:colcon.colcon_core.shell:Creating prefix util module '/usr/src/ros2_ws/install/_local_setup_util_ps1.py'
[10.581s] INFO:colcon.colcon_core.shell:Creating prefix chain script '/usr/src/ros2_ws/install/setup.ps1'
[10.588s] INFO:colcon.colcon_core.shell:Creating prefix script '/usr/src/ros2_ws/install/local_setup.sh'
[10.591s] INFO:colcon.colcon_core.shell:Creating prefix util module '/usr/src/ros2_ws/install/_local_setup_util_sh.py'
[10.593s] INFO:colcon.colcon_core.shell:Creating prefix chain script '/usr/src/ros2_ws/install/setup.sh'
[10.601s] INFO:colcon.colcon_core.shell:Creating prefix script '/usr/src/ros2_ws/install/local_setup.bash'
[10.603s] INFO:colcon.colcon_core.shell:Creating prefix chain script '/usr/src/ros2_ws/install/setup.bash'
[10.610s] INFO:colcon.colcon_core.shell:Creating prefix script '/usr/src/ros2_ws/install/local_setup.zsh'
[10.613s] INFO:colcon.colcon_core.shell:Creating prefix chain script '/usr/src/ros2_ws/install/setup.zsh'
