[1.551s] Invoking command in '/catkin_ws/src/turtlebot3/turtlebot3/turtlebot3_teleop': PYTHONPATH=/catkin_ws/build/turtlebot3_teleop/prefix_override:/catkin_ws/install/turtlebot3_teleop/lib/python3.8/site-packages:${PYTHONPATH} /usr/bin/python3 setup.py egg_info --egg-base ../../../../build/turtlebot3_teleop build --build-base /catkin_ws/build/turtlebot3_teleop/build install --record /catkin_ws/build/turtlebot3_teleop/install.log --single-version-externally-managed
[2.057s] running egg_info
[2.059s] writing ../../../../build/turtlebot3_teleop/turtlebot3_teleop.egg-info/PKG-INFO
[2.060s] writing dependency_links to ../../../../build/turtlebot3_teleop/turtlebot3_teleop.egg-info/dependency_links.txt
[2.061s] writing entry points to ../../../../build/turtlebot3_teleop/turtlebot3_teleop.egg-info/entry_points.txt
[2.062s] writing requirements to ../../../../build/turtlebot3_teleop/turtlebot3_teleop.egg-info/requires.txt
[2.063s] writing top-level names to ../../../../build/turtlebot3_teleop/turtlebot3_teleop.egg-info/top_level.txt
[2.217s] reading manifest file '../../../../build/turtlebot3_teleop/turtlebot3_teleop.egg-info/SOURCES.txt'
[2.219s] writing manifest file '../../../../build/turtlebot3_teleop/turtlebot3_teleop.egg-info/SOURCES.txt'
[2.219s] running build
[2.220s] running build_py
[2.221s] running install
[2.223s] running install_lib
[2.227s] running install_data
[2.230s] running install_egg_info
[2.235s] removing '/catkin_ws/install/turtlebot3_teleop/lib/python3.8/site-packages/turtlebot3_teleop-2.1.4-py3.8.egg-info' (and everything under it)
[2.236s] Copying ../../../../build/turtlebot3_teleop/turtlebot3_teleop.egg-info to /catkin_ws/install/turtlebot3_teleop/lib/python3.8/site-packages/turtlebot3_teleop-2.1.4-py3.8.egg-info
[2.252s] running install_scripts
[2.334s] Installing teleop_keyboard script to /catkin_ws/install/turtlebot3_teleop/lib/turtlebot3_teleop
[2.343s] writing list of installed files to '/catkin_ws/build/turtlebot3_teleop/install.log'
[2.431s] Invoked command in '/catkin_ws/src/turtlebot3/turtlebot3/turtlebot3_teleop' returned '0': PYTHONPATH=/catkin_ws/build/turtlebot3_teleop/prefix_override:/catkin_ws/install/turtlebot3_teleop/lib/python3.8/site-packages:${PYTHONPATH} /usr/bin/python3 setup.py egg_info --egg-base ../../../../build/turtlebot3_teleop build --build-base /catkin_ws/build/turtlebot3_teleop/build install --record /catkin_ws/build/turtlebot3_teleop/install.log --single-version-externally-managed
