[1.102s] Invoking command in '/catkin_ws/src/fobo_simulation': PYTHONPATH=/catkin_ws/build/fobo_simulation/prefix_override:/catkin_ws/install/fobo_simulation/lib/python3.8/site-packages:${PYTHONPATH} /usr/bin/python3 setup.py egg_info --egg-base ../../build/fobo_simulation build --build-base /catkin_ws/build/fobo_simulation/build install --record /catkin_ws/build/fobo_simulation/install.log --install-scripts $base/lib/fobo_simulation --single-version-externally-managed
[1.418s] running egg_info
[1.420s] writing ../../build/fobo_simulation/fobo_simulation.egg-info/PKG-INFO
[1.420s] writing dependency_links to ../../build/fobo_simulation/fobo_simulation.egg-info/dependency_links.txt
[1.421s] writing entry points to ../../build/fobo_simulation/fobo_simulation.egg-info/entry_points.txt
[1.421s] writing requirements to ../../build/fobo_simulation/fobo_simulation.egg-info/requires.txt
[1.421s] writing top-level names to ../../build/fobo_simulation/fobo_simulation.egg-info/top_level.txt
[1.484s] reading manifest file '../../build/fobo_simulation/fobo_simulation.egg-info/SOURCES.txt'
[1.485s] writing manifest file '../../build/fobo_simulation/fobo_simulation.egg-info/SOURCES.txt'
[1.486s] running build
[1.486s] running build_py
[1.486s] running install
[1.488s] running install_lib
[1.491s] running install_data
[1.492s] running install_egg_info
[1.496s] removing '/catkin_ws/install/fobo_simulation/lib/python3.8/site-packages/fobo_simulation-0.0.0-py3.8.egg-info' (and everything under it)
[1.514s] Copying ../../build/fobo_simulation/fobo_simulation.egg-info to /catkin_ws/install/fobo_simulation/lib/python3.8/site-packages/fobo_simulation-0.0.0-py3.8.egg-info
[1.514s] running install_scripts
[1.544s] writing list of installed files to '/catkin_ws/build/fobo_simulation/install.log'
[1.596s] Invoked command in '/catkin_ws/src/fobo_simulation' returned '0': PYTHONPATH=/catkin_ws/build/fobo_simulation/prefix_override:/catkin_ws/install/fobo_simulation/lib/python3.8/site-packages:${PYTHONPATH} /usr/bin/python3 setup.py egg_info --egg-base ../../build/fobo_simulation build --build-base /catkin_ws/build/fobo_simulation/build install --record /catkin_ws/build/fobo_simulation/install.log --install-scripts $base/lib/fobo_simulation --single-version-externally-managed
